#
# There is insufficient memory for the Java Runtime Environment to continue.
# Native memory allocation (mmap) failed to map 658505728 bytes. Error detail: G1 virtual space
# Possible reasons:
#   The system is out of physical RAM or swap space
#   This process is running with CompressedOops enabled, and the Java Heap may be blocking the growth of the native heap
# Possible solutions:
#   Reduce memory load on the system
#   Increase physical memory or swap space
#   Check if swap backing store is full
#   Decrease Java heap size (-Xmx/-Xms)
#   Decrease number of Java threads
#   Decrease Java thread stack sizes (-Xss)
#   Set larger code cache with -XX:ReservedCodeCacheSize=
#   JVM is running with Zero Based Compressed Oops mode in which the Java heap is
#     placed in the first 32GB address space. The Java Heap base address is the
#     maximum limit for the native heap growth. Please use -XX:HeapBaseMinAddress
#     to set the Java Heap base and to place the Java Heap above 32GB virtual address.
# This output file may be truncated or incomplete.
#
#  Out of Memory Error (os_windows.cpp:3713), pid=6124, tid=2936
#
# JRE version: OpenJDK Runtime Environment Temurin-21.0.9+10 (21.0.9+10) (build 21.0.9+10-LTS)
# Java VM: OpenJDK 64-Bit Server VM Temurin-21.0.9+10 (21.0.9+10-LTS, mixed mode, sharing, tiered, compressed oops, compressed class ptrs, g1 gc, windows-amd64)
# No core dump will be written. Minidumps are not enabled by default on client versions of Windows
#

---------------  S U M M A R Y ------------

Command Line: --add-opens=java.base/java.util=ALL-UNNAMED --add-opens=java.base/java.lang=ALL-UNNAMED --add-opens=java.base/java.lang.invoke=ALL-UNNAMED --add-opens=java.prefs/java.util.prefs=ALL-UNNAMED --add-opens=java.base/java.nio.charset=ALL-UNNAMED --add-opens=java.base/java.net=ALL-UNNAMED --add-opens=java.base/java.util.concurrent.atomic=ALL-UNNAMED -Xmx3G -Dfile.encoding=UTF-8 -Duser.country=FR -Duser.language=fr -Duser.variant -javaagent:C:\Users\Seusyn\.gradle\wrapper\dists\gradle-8.8-bin\dl7vupf4psengwqhwktix4v1\gradle-8.8\lib\agents\gradle-instrumentation-agent-8.8.jar org.gradle.launcher.daemon.bootstrap.GradleDaemon 8.8

Host: Intel(R) Celeron(R) G4900 CPU @ 3.10GHz, 2 cores, 15G,  Windows 10 , 64 bit Build 19041 (10.0.19041.5915)
Time: Fri Feb 13 08:48:25 2026 Paris, Madrid elapsed time: 28.048885 seconds (0d 0h 0m 28s)

---------------  T H R E A D  ---------------

Current thread (0x0000018a422210a0):  VMThread "VM Thread"          [id=2936, stack(0x000000686eb00000,0x000000686ec00000) (1024K)]

Stack: [0x000000686eb00000,0x000000686ec00000]
Native frames: (J=compiled Java code, j=interpreted, Vv=VM code, C=native code)
V  [jvm.dll+0x6d6e29]
V  [jvm.dll+0x8b4b76]
V  [jvm.dll+0x8b712e]
V  [jvm.dll+0x8b7813]
V  [jvm.dll+0x283d86]
V  [jvm.dll+0x6d3745]
V  [jvm.dll+0x6c747a]
V  [jvm.dll+0x35e7e8]
V  [jvm.dll+0x366426]
V  [jvm.dll+0x3b73fe]
V  [jvm.dll+0x3b76a8]
V  [jvm.dll+0x3329ec]
V  [jvm.dll+0x332a77]
V  [jvm.dll+0x37684c]
V  [jvm.dll+0x374fee]
V  [jvm.dll+0x332131]
V  [jvm.dll+0x37465a]
V  [jvm.dll+0x8bd500]
V  [jvm.dll+0x8be8a4]
V  [jvm.dll+0x8bede0]
V  [jvm.dll+0x8bf083]
V  [jvm.dll+0x85e9ad]
V  [jvm.dll+0x6d565d]
C  [ucrtbase.dll+0x21bb2]
C  [KERNEL32.DLL+0x17374]
C  [ntdll.dll+0x4cc91]

VM_Operation (0x00000068703fdd80): G1CollectForAllocation, mode: safepoint, requested by thread 0x0000018a88d3dc40


---------------  P R O C E S S  ---------------

Threads class SMR info:
_java_thread_list=0x0000018a8b933b80, length=54, elements={
0x0000018a24db03f0, 0x0000018a422403c0, 0x0000018a42242230, 0x0000018a42242c80,
0x0000018a422436d0, 0x0000018a42244120, 0x0000018a42244b70, 0x0000018a42246900,
0x0000018a422534d0, 0x0000018a4245d620, 0x0000018a424c5330, 0x0000018a88c60030,
0x0000018a889c0e50, 0x0000018a88e0d040, 0x0000018a88c78030, 0x0000018a88c78690,
0x0000018a88d14480, 0x0000018a88d14ae0, 0x0000018a88d3a7a0, 0x0000018a88d3ae50,
0x0000018a88d3cf20, 0x0000018a88d3bb70, 0x0000018a88d3c890, 0x0000018a88d3dc40,
0x0000018a88d3d5b0, 0x0000018a88d3c200, 0x0000018a88d3e2d0, 0x0000018a88d3b4e0,
0x0000018a8b543660, 0x0000018a8b543cf0, 0x0000018a8b542fd0, 0x0000018a8b544380,
0x0000018a8b5450a0, 0x0000018a8b545730, 0x0000018a8b5422b0, 0x0000018a8b542940,
0x0000018a8a975df0, 0x0000018a8a9771a0, 0x0000018a8a9750d0, 0x0000018a8a975760,
0x0000018a8a973690, 0x0000018a8a979900, 0x0000018a8a974a40, 0x0000018a8a978be0,
0x0000018a8a979f90, 0x0000018a8a973000, 0x0000018a8a976480, 0x0000018a8a976b10,
0x0000018a8a97a620, 0x0000018a8a977830, 0x0000018a8a977ec0, 0x0000018a8a978550,
0x0000018a8bffa2f0, 0x0000018a8bffa980
}

Java Threads: ( => current thread )
  0x0000018a24db03f0 JavaThread "main"                              [_thread_blocked, id=10500, stack(0x000000686e300000,0x000000686e400000) (1024K)]
  0x0000018a422403c0 JavaThread "Reference Handler"          daemon [_thread_blocked, id=7288, stack(0x000000686ec00000,0x000000686ed00000) (1024K)]
  0x0000018a42242230 JavaThread "Finalizer"                  daemon [_thread_blocked, id=10472, stack(0x000000686ed00000,0x000000686ee00000) (1024K)]
  0x0000018a42242c80 JavaThread "Signal Dispatcher"          daemon [_thread_blocked, id=5480, stack(0x000000686ee00000,0x000000686ef00000) (1024K)]
  0x0000018a422436d0 JavaThread "Attach Listener"            daemon [_thread_blocked, id=17544, stack(0x000000686ef00000,0x000000686f000000) (1024K)]
  0x0000018a42244120 JavaThread "Service Thread"             daemon [_thread_blocked, id=17764, stack(0x000000686f000000,0x000000686f100000) (1024K)]
  0x0000018a42244b70 JavaThread "Monitor Deflation Thread"   daemon [_thread_blocked, id=17336, stack(0x000000686f100000,0x000000686f200000) (1024K)]
  0x0000018a42246900 JavaThread "C2 CompilerThread0"         daemon [_thread_blocked, id=8608, stack(0x000000686f200000,0x000000686f300000) (1024K)]
  0x0000018a422534d0 JavaThread "C1 CompilerThread0"         daemon [_thread_blocked, id=12704, stack(0x000000686f300000,0x000000686f400000) (1024K)]
  0x0000018a4245d620 JavaThread "Common-Cleaner"             daemon [_thread_blocked, id=13404, stack(0x000000686f400000,0x000000686f500000) (1024K)]
  0x0000018a424c5330 JavaThread "Notification Thread"        daemon [_thread_blocked, id=11100, stack(0x000000686f500000,0x000000686f600000) (1024K)]
  0x0000018a88c60030 JavaThread "Daemon health stats"               [_thread_blocked, id=6096, stack(0x000000686f700000,0x000000686f800000) (1024K)]
  0x0000018a889c0e50 JavaThread "Incoming local TCP Connector on port 57823"        [_thread_in_native, id=11492, stack(0x000000686f800000,0x000000686f900000) (1024K)]
  0x0000018a88e0d040 JavaThread "Daemon periodic checks"            [_thread_blocked, id=7392, stack(0x000000686f900000,0x000000686fa00000) (1024K)]
  0x0000018a88c78030 JavaThread "Daemon"                            [_thread_blocked, id=17808, stack(0x000000686fa00000,0x000000686fb00000) (1024K)]
  0x0000018a88c78690 JavaThread "Handler for socket connection from /127.0.0.1:57823 to /127.0.0.1:57824"        [_thread_in_native, id=8536, stack(0x000000686fb00000,0x000000686fc00000) (1024K)]
  0x0000018a88d14480 JavaThread "Cancel handler"                    [_thread_blocked, id=1348, stack(0x000000686fc00000,0x000000686fd00000) (1024K)]
  0x0000018a88d14ae0 JavaThread "Daemon worker"                     [_thread_blocked, id=14956, stack(0x000000686fd00000,0x000000686fe00000) (1024K)]
  0x0000018a88d3a7a0 JavaThread "Asynchronous log dispatcher for DefaultDaemonConnection: socket connection from /127.0.0.1:57823 to /127.0.0.1:57824"        [_thread_blocked, id=5728, stack(0x000000686fe00000,0x000000686ff00000) (1024K)]
  0x0000018a88d3ae50 JavaThread "Stdin handler"                     [_thread_blocked, id=12516, stack(0x000000686ff00000,0x0000006870000000) (1024K)]
  0x0000018a88d3cf20 JavaThread "Daemon client event forwarder"        [_thread_blocked, id=13424, stack(0x0000006870000000,0x0000006870100000) (1024K)]
  0x0000018a88d3bb70 JavaThread "Cache worker for journal cache (C:\Users\Seusyn\.gradle\caches\journal-1)"        [_thread_blocked, id=4600, stack(0x0000006870100000,0x0000006870200000) (1024K)]
  0x0000018a88d3c890 JavaThread "File lock request listener"        [_thread_in_native, id=11716, stack(0x0000006870200000,0x0000006870300000) (1024K)]
  0x0000018a88d3dc40 JavaThread "Cache worker for file hash cache (C:\Users\Seusyn\.gradle\caches\8.8\fileHashes)"        [_thread_blocked, id=15892, stack(0x0000006870300000,0x0000006870400000) (1024K)]
  0x0000018a88d3d5b0 JavaThread "Cache worker for file hash cache (C:\Users\Seusyn\Documents\Magius World\.gradle\8.8\fileHashes)"        [_thread_blocked, id=8208, stack(0x0000006870400000,0x0000006870500000) (1024K)]
  0x0000018a88d3c200 JavaThread "File watcher server"        daemon [_thread_blocked, id=14552, stack(0x0000006870500000,0x0000006870600000) (1024K)]
  0x0000018a88d3e2d0 JavaThread "File watcher consumer"      daemon [_thread_blocked, id=8244, stack(0x0000006870600000,0x0000006870700000) (1024K)]
  0x0000018a88d3b4e0 JavaThread "Cache worker for checksums cache (C:\Users\Seusyn\Documents\Magius World\.gradle\8.8\checksums)"        [_thread_blocked, id=7432, stack(0x0000006870700000,0x0000006870800000) (1024K)]
  0x0000018a8b543660 JavaThread "Cache worker for file content cache (C:\Users\Seusyn\.gradle\caches\8.8\fileContent)"        [_thread_blocked, id=4676, stack(0x0000006870800000,0x0000006870900000) (1024K)]
  0x0000018a8b543cf0 JavaThread "Cache worker for cache directory md-rule (C:\Users\Seusyn\.gradle\caches\8.8\md-rule)"        [_thread_blocked, id=3368, stack(0x0000006870900000,0x0000006870a00000) (1024K)]
  0x0000018a8b542fd0 JavaThread "Cache worker for cache directory md-supplier (C:\Users\Seusyn\.gradle\caches\8.8\md-supplier)"        [_thread_blocked, id=3992, stack(0x0000006870a00000,0x0000006870b00000) (1024K)]
  0x0000018a8b544380 JavaThread "jar transforms"                    [_thread_blocked, id=12780, stack(0x0000006870b00000,0x0000006870c00000) (1024K)]
  0x0000018a8b5450a0 JavaThread "jar transforms Thread 2"           [_thread_blocked, id=5344, stack(0x0000006870c00000,0x0000006870d00000) (1024K)]
  0x0000018a8b545730 JavaThread "Unconstrained build operations"        [_thread_blocked, id=600, stack(0x0000006870d00000,0x0000006870e00000) (1024K)]
  0x0000018a8b5422b0 JavaThread "Unconstrained build operations Thread 2"        [_thread_blocked, id=13584, stack(0x0000006870e00000,0x0000006870f00000) (1024K)]
  0x0000018a8b542940 JavaThread "Unconstrained build operations Thread 3"        [_thread_blocked, id=11528, stack(0x0000006870f00000,0x0000006871000000) (1024K)]
  0x0000018a8a975df0 JavaThread "Cache worker for Build Output Cleanup Cache (C:\Users\Seusyn\Documents\Magius World\.gradle\buildOutputCleanup)"        [_thread_blocked, id=8756, stack(0x0000006871000000,0x0000006871100000) (1024K)]
  0x0000018a8a9771a0 JavaThread "Unconstrained build operations Thread 4"        [_thread_blocked, id=17708, stack(0x0000006871100000,0x0000006871200000) (1024K)]
  0x0000018a8a9750d0 JavaThread "Unconstrained build operations Thread 5"        [_thread_blocked, id=7912, stack(0x0000006871200000,0x0000006871300000) (1024K)]
  0x0000018a8a975760 JavaThread "Unconstrained build operations Thread 6"        [_thread_blocked, id=12172, stack(0x0000006871300000,0x0000006871400000) (1024K)]
  0x0000018a8a973690 JavaThread "Keep-Alive-Timer"           daemon [_thread_blocked, id=15628, stack(0x0000006871400000,0x0000006871500000) (1024K)]
  0x0000018a8a979900 JavaThread "Memory manager"                    [_thread_blocked, id=16988, stack(0x0000006871500000,0x0000006871600000) (1024K)]
  0x0000018a8a974a40 JavaThread "Unconstrained build operations Thread 7"        [_thread_blocked, id=17280, stack(0x0000006871600000,0x0000006871700000) (1024K)]
  0x0000018a8a978be0 JavaThread "Unconstrained build operations Thread 8"        [_thread_blocked, id=8640, stack(0x0000006871700000,0x0000006871800000) (1024K)]
  0x0000018a8a979f90 JavaThread "Unconstrained build operations Thread 9"        [_thread_blocked, id=13828, stack(0x0000006871800000,0x0000006871900000) (1024K)]
  0x0000018a8a973000 JavaThread "ForkJoinPool.commonPool-worker-1" daemon [_thread_blocked, id=8452, stack(0x0000006871900000,0x0000006871a00000) (1024K)]
  0x0000018a8a976480 JavaThread "Exec process"               daemon [_thread_blocked, id=17932, stack(0x0000006871a00000,0x0000006871b00000) (1024K)]
  0x0000018a8a976b10 JavaThread "ForkJoinPool.commonPool-worker-2" daemon [_thread_blocked, id=11852, stack(0x0000006871b00000,0x0000006871c00000) (1024K)]
  0x0000018a8a97a620 JavaThread "Exec process Thread 2"      daemon [_thread_blocked, id=15408, stack(0x0000006871c00000,0x0000006871d00000) (1024K)]
  0x0000018a8a977830 JavaThread "Exec process Thread 3"      daemon [_thread_blocked, id=11992, stack(0x0000006871d00000,0x0000006871e00000) (1024K)]
  0x0000018a8a977ec0 JavaThread "included builds"                   [_thread_blocked, id=12724, stack(0x0000006871e00000,0x0000006871f00000) (1024K)]
  0x0000018a8a978550 JavaThread "Execution worker"                  [_thread_blocked, id=14896, stack(0x0000006871f00000,0x0000006872000000) (1024K)]
  0x0000018a8bffa2f0 JavaThread "Cache worker for execution history cache (C:\Users\Seusyn\Documents\Magius World\.gradle\8.8\executionHistory)"        [_thread_blocked, id=14456, stack(0x0000006872000000,0x0000006872100000) (1024K)]
  0x0000018a8bffa980 JavaThread "Unconstrained build operations Thread 10"        [_thread_blocked, id=18140, stack(0x0000006872100000,0x0000006872200000) (1024K)]
Total: 54

Other Threads:
=>0x0000018a422210a0 VMThread "VM Thread"                           [id=2936, stack(0x000000686eb00000,0x000000686ec00000) (1024K)]
  0x0000018a4220f160 WatcherThread "VM Periodic Task Thread"        [id=14184, stack(0x000000686ea00000,0x000000686eb00000) (1024K)]
  0x0000018a24e02ef0 WorkerThread "GC Thread#0"                     [id=11052, stack(0x000000686e500000,0x000000686e600000) (1024K)]
  0x0000018a4255c9d0 WorkerThread "GC Thread#1"                     [id=9852, stack(0x000000686f600000,0x000000686f700000) (1024K)]
  0x0000018a24e0fde0 ConcurrentGCThread "G1 Main Marker"            [id=3888, stack(0x000000686e600000,0x000000686e700000) (1024K)]
  0x0000018a24e109a0 WorkerThread "G1 Conc#0"                       [id=10296, stack(0x000000686e700000,0x000000686e800000) (1024K)]
  0x0000018a24e7e450 ConcurrentGCThread "G1 Refine#0"               [id=6824, stack(0x000000686e800000,0x000000686e900000) (1024K)]
  0x0000018a420e4270 ConcurrentGCThread "G1 Service"                [id=7620, stack(0x000000686e900000,0x000000686ea00000) (1024K)]
Total: 8

Threads with active compile tasks:
Total: 0

VM state: at safepoint (normal execution)

VM Mutex/Monitor currently owned by a thread:  ([mutex/lock_event])
[0x00007ff8f71dd570] Threads_lock - owner thread: 0x0000018a422210a0
[0x00007ff8f71dd670] Heap_lock - owner thread: 0x0000018a88d3dc40

Heap address: 0x0000000740000000, size: 3072 MB, Compressed Oops mode: Zero based, Oop shift amount: 3

CDS archive(s) mapped at: [0x0000018a43000000-0x0000018a43c80000-0x0000018a43c80000), size 13107200, SharedBaseAddress: 0x0000018a43000000, ArchiveRelocationMode: 1.
Compressed class space mapped at: 0x0000018a44000000-0x0000018a84000000, reserved size: 1073741824
Narrow klass base: 0x0000018a43000000, Narrow klass shift: 0, Narrow klass range: 0x100000000

GC Precious Log:
 CardTable entry size: 512
 Card Set container configuration: InlinePtr #cards 4 size 8 Array Of Cards #cards 16 size 48 Howl #buckets 8 coarsen threshold 3686 Howl Bitmap #cards 512 size 80 coarsen threshold 460 Card regions per heap region 1 cards per card region 4096
 CPUs: 2 total, 2 available
 Memory: 16251M
 Large Page Support: Disabled
 NUMA Support: Disabled
 Compressed Oops: Enabled (Zero based)
 Heap Region Size: 2M
 Heap Min Capacity: 8M
 Heap Initial Capacity: 254M
 Heap Max Capacity: 3G
 Pre-touch: Disabled
 Parallel Workers: 2
 Concurrent Workers: 1
 Concurrent Refinement Workers: 2
 Periodic GC: Disabled

Heap:
 garbage-first heap   total 321536K, used 192512K [0x0000000740000000, 0x0000000800000000)
  region size 2048K, 3 young (6144K), 3 survivors (6144K)
 Metaspace       used 71856K, committed 73920K, reserved 1114112K
  class space    used 10188K, committed 11200K, reserved 1048576K

Heap Regions: E=young(eden), S=young(survivor), O=old, HS=humongous(starts), HC=humongous(continues), CS=collection set, F=free, TAMS=top-at-mark-start, PB=parsable bottom
|   0|0x0000000740000000, 0x0000000740200000, 0x0000000740200000|100%|HS|  |TAMS 0x0000000740000000| PB 0x0000000740000000| Complete 
|   1|0x0000000740200000, 0x0000000740400000, 0x0000000740400000|100%|HC|  |TAMS 0x0000000740200000| PB 0x0000000740200000| Complete 
|   2|0x0000000740400000, 0x0000000740600000, 0x0000000740600000|100%| O|  |TAMS 0x0000000740400000| PB 0x0000000740400000| Untracked 
|   3|0x0000000740600000, 0x0000000740800000, 0x0000000740800000|100%| O|  |TAMS 0x0000000740600000| PB 0x0000000740600000| Untracked 
|   4|0x0000000740800000, 0x0000000740a00000, 0x0000000740a00000|100%| O|  |TAMS 0x0000000740800000| PB 0x0000000740800000| Untracked 
|   5|0x0000000740a00000, 0x0000000740c00000, 0x0000000740c00000|100%| O|  |TAMS 0x0000000740a00000| PB 0x0000000740a00000| Untracked 
|   6|0x0000000740c00000, 0x0000000740e00000, 0x0000000740e00000|100%| O|  |TAMS 0x0000000740c00000| PB 0x0000000740c00000| Untracked 
|   7|0x0000000740e00000, 0x0000000741000000, 0x0000000741000000|100%| O|  |TAMS 0x0000000740e00000| PB 0x0000000740e00000| Untracked 
|   8|0x0000000741000000, 0x0000000741200000, 0x0000000741200000|100%| O|  |TAMS 0x0000000741000000| PB 0x0000000741000000| Untracked 
|   9|0x0000000741200000, 0x0000000741400000, 0x0000000741400000|100%| O|  |TAMS 0x0000000741200000| PB 0x0000000741200000| Untracked 
|  10|0x0000000741400000, 0x0000000741600000, 0x0000000741600000|100%| O|  |TAMS 0x0000000741400000| PB 0x0000000741400000| Untracked 
|  11|0x0000000741600000, 0x0000000741800000, 0x0000000741800000|100%| O|  |TAMS 0x0000000741600000| PB 0x0000000741600000| Untracked 
|  12|0x0000000741800000, 0x0000000741a00000, 0x0000000741a00000|100%| O|  |TAMS 0x0000000741800000| PB 0x0000000741800000| Untracked 
|  13|0x0000000741a00000, 0x0000000741c00000, 0x0000000741c00000|100%| O|  |TAMS 0x0000000741a00000| PB 0x0000000741a00000| Untracked 
|  14|0x0000000741c00000, 0x0000000741e00000, 0x0000000741e00000|100%| O|  |TAMS 0x0000000741c00000| PB 0x0000000741c00000| Untracked 
|  15|0x0000000741e00000, 0x0000000742000000, 0x0000000742000000|100%| O|  |TAMS 0x0000000741e00000| PB 0x0000000741e00000| Untracked 
|  16|0x0000000742000000, 0x0000000742200000, 0x0000000742200000|100%| O|  |TAMS 0x0000000742000000| PB 0x0000000742000000| Untracked 
|  17|0x0000000742200000, 0x0000000742400000, 0x0000000742400000|100%| O|  |TAMS 0x0000000742200000| PB 0x0000000742200000| Untracked 
|  18|0x0000000742400000, 0x0000000742600000, 0x0000000742600000|100%|HS|  |TAMS 0x0000000742400000| PB 0x0000000742400000| Complete 
|  19|0x0000000742600000, 0x0000000742800000, 0x0000000742800000|100%| O|  |TAMS 0x0000000742600000| PB 0x0000000742600000| Untracked 
|  20|0x0000000742800000, 0x0000000742a00000, 0x0000000742a00000|100%| O|  |TAMS 0x0000000742800000| PB 0x0000000742800000| Untracked 
|  21|0x0000000742a00000, 0x0000000742c00000, 0x0000000742c00000|100%| O|  |TAMS 0x0000000742a00000| PB 0x0000000742a00000| Untracked 
|  22|0x0000000742c00000, 0x0000000742e00000, 0x0000000742e00000|100%| O|  |TAMS 0x0000000742c00000| PB 0x0000000742c00000| Untracked 
|  23|0x0000000742e00000, 0x0000000743000000, 0x0000000743000000|100%| O|  |TAMS 0x0000000742e00000| PB 0x0000000742e00000| Untracked 
|  24|0x0000000743000000, 0x0000000743200000, 0x0000000743200000|100%| O|  |TAMS 0x0000000743000000| PB 0x0000000743000000| Untracked 
|  25|0x0000000743200000, 0x0000000743400000, 0x0000000743400000|100%| O|  |TAMS 0x0000000743200000| PB 0x0000000743200000| Untracked 
|  26|0x0000000743400000, 0x0000000743600000, 0x0000000743600000|100%| O|  |TAMS 0x0000000743400000| PB 0x0000000743400000| Untracked 
|  27|0x0000000743600000, 0x0000000743600000, 0x0000000743800000|  0%| F|  |TAMS 0x0000000743600000| PB 0x0000000743600000| Untracked 
|  28|0x0000000743800000, 0x0000000743a00000, 0x0000000743a00000|100%| O|  |TAMS 0x0000000743800000| PB 0x0000000743800000| Untracked 
|  29|0x0000000743a00000, 0x0000000743c00000, 0x0000000743c00000|100%| O|  |TAMS 0x0000000743a00000| PB 0x0000000743a00000| Untracked 
|  30|0x0000000743c00000, 0x0000000743e00000, 0x0000000743e00000|100%| O|  |TAMS 0x0000000743c00000| PB 0x0000000743c00000| Untracked 
|  31|0x0000000743e00000, 0x0000000744000000, 0x0000000744000000|100%| O|  |TAMS 0x0000000743e00000| PB 0x0000000743e00000| Untracked 
|  32|0x0000000744000000, 0x0000000744200000, 0x0000000744200000|100%| O|  |TAMS 0x0000000744000000| PB 0x0000000744000000| Untracked 
|  33|0x0000000744200000, 0x0000000744400000, 0x0000000744400000|100%| O|  |TAMS 0x0000000744200000| PB 0x0000000744200000| Untracked 
|  34|0x0000000744400000, 0x0000000744600000, 0x0000000744600000|100%| O|  |TAMS 0x0000000744400000| PB 0x0000000744400000| Untracked 
|  35|0x0000000744600000, 0x0000000744800000, 0x0000000744800000|100%| O|  |TAMS 0x0000000744600000| PB 0x0000000744600000| Untracked 
|  36|0x0000000744800000, 0x0000000744a00000, 0x0000000744a00000|100%| O|  |TAMS 0x0000000744800000| PB 0x0000000744800000| Untracked 
|  37|0x0000000744a00000, 0x0000000744c00000, 0x0000000744c00000|100%| O|  |TAMS 0x0000000744a00000| PB 0x0000000744a00000| Untracked 
|  38|0x0000000744c00000, 0x0000000744e00000, 0x0000000744e00000|100%| O|  |TAMS 0x0000000744c00000| PB 0x0000000744c00000| Untracked 
|  39|0x0000000744e00000, 0x0000000745000000, 0x0000000745000000|100%|HS|  |TAMS 0x0000000744e00000| PB 0x0000000744e00000| Complete 
|  40|0x0000000745000000, 0x0000000745200000, 0x0000000745200000|100%|HC|  |TAMS 0x0000000745000000| PB 0x0000000745000000| Complete 
|  41|0x0000000745200000, 0x0000000745400000, 0x0000000745400000|100%|HC|  |TAMS 0x0000000745200000| PB 0x0000000745200000| Complete 
|  42|0x0000000745400000, 0x0000000745600000, 0x0000000745600000|100%| O|  |TAMS 0x0000000745400000| PB 0x0000000745400000| Untracked 
|  43|0x0000000745600000, 0x0000000745800000, 0x0000000745800000|100%| O|  |TAMS 0x0000000745600000| PB 0x0000000745600000| Untracked 
|  44|0x0000000745800000, 0x0000000745a00000, 0x0000000745a00000|100%| O|  |TAMS 0x0000000745800000| PB 0x0000000745800000| Untracked 
|  45|0x0000000745a00000, 0x0000000745c00000, 0x0000000745c00000|100%| O|  |TAMS 0x0000000745a00000| PB 0x0000000745a00000| Untracked 
|  46|0x0000000745c00000, 0x0000000745e00000, 0x0000000745e00000|100%| O|  |TAMS 0x0000000745c00000| PB 0x0000000745c00000| Untracked 
|  47|0x0000000745e00000, 0x0000000746000000, 0x0000000746000000|100%| O|  |TAMS 0x0000000745e00000| PB 0x0000000745e00000| Untracked 
|  48|0x0000000746000000, 0x0000000746200000, 0x0000000746200000|100%| O|  |TAMS 0x0000000746000000| PB 0x0000000746000000| Untracked 
|  49|0x0000000746200000, 0x0000000746400000, 0x0000000746400000|100%| O|  |TAMS 0x0000000746200000| PB 0x0000000746200000| Untracked 
|  50|0x0000000746400000, 0x0000000746600000, 0x0000000746600000|100%| O|  |TAMS 0x0000000746400000| PB 0x0000000746400000| Untracked 
|  51|0x0000000746600000, 0x0000000746800000, 0x0000000746800000|100%| O|  |TAMS 0x0000000746600000| PB 0x0000000746600000| Untracked 
|  52|0x0000000746800000, 0x0000000746a00000, 0x0000000746a00000|100%| O|  |TAMS 0x0000000746800000| PB 0x0000000746800000| Untracked 
|  53|0x0000000746a00000, 0x0000000746c00000, 0x0000000746c00000|100%| O|  |TAMS 0x0000000746a00000| PB 0x0000000746a00000| Untracked 
|  54|0x0000000746c00000, 0x0000000746e00000, 0x0000000746e00000|100%| O|  |TAMS 0x0000000746c00000| PB 0x0000000746c00000| Untracked 
|  55|0x0000000746e00000, 0x0000000747000000, 0x0000000747000000|100%| O|  |TAMS 0x0000000746e00000| PB 0x0000000746e00000| Untracked 
|  56|0x0000000747000000, 0x0000000747200000, 0x0000000747200000|100%| O|  |TAMS 0x0000000747000000| PB 0x0000000747000000| Untracked 
|  57|0x0000000747200000, 0x0000000747400000, 0x0000000747400000|100%| O|  |TAMS 0x0000000747200000| PB 0x0000000747200000| Untracked 
|  58|0x0000000747400000, 0x0000000747600000, 0x0000000747600000|100%| O|  |TAMS 0x0000000747400000| PB 0x0000000747400000| Untracked 
|  59|0x0000000747600000, 0x0000000747800000, 0x0000000747800000|100%| O|  |TAMS 0x0000000747600000| PB 0x0000000747600000| Untracked 
|  60|0x0000000747800000, 0x0000000747a00000, 0x0000000747a00000|100%| O|  |TAMS 0x0000000747800000| PB 0x0000000747800000| Untracked 
|  61|0x0000000747a00000, 0x0000000747c00000, 0x0000000747c00000|100%| O|  |TAMS 0x0000000747a00000| PB 0x0000000747a00000| Untracked 
|  62|0x0000000747c00000, 0x0000000747c00000, 0x0000000747e00000|  0%| F|  |TAMS 0x0000000747c00000| PB 0x0000000747c00000| Untracked 
|  63|0x0000000747e00000, 0x0000000748000000, 0x0000000748000000|100%| O|  |TAMS 0x0000000747e00000| PB 0x0000000747e00000| Untracked 
|  64|0x0000000748000000, 0x0000000748200000, 0x0000000748200000|100%| O|  |TAMS 0x0000000748000000| PB 0x0000000748000000| Untracked 
|  65|0x0000000748200000, 0x0000000748400000, 0x0000000748400000|100%| O|  |TAMS 0x0000000748200000| PB 0x0000000748200000| Untracked 
|  66|0x0000000748400000, 0x0000000748600000, 0x0000000748600000|100%| O|  |TAMS 0x0000000748400000| PB 0x0000000748400000| Untracked 
|  67|0x0000000748600000, 0x0000000748800000, 0x0000000748800000|100%| O|  |TAMS 0x0000000748600000| PB 0x0000000748600000| Untracked 
|  68|0x0000000748800000, 0x0000000748a00000, 0x0000000748a00000|100%| O|  |TAMS 0x0000000748800000| PB 0x0000000748800000| Untracked 
|  69|0x0000000748a00000, 0x0000000748c00000, 0x0000000748c00000|100%| O|  |TAMS 0x0000000748a00000| PB 0x0000000748a00000| Untracked 
|  70|0x0000000748c00000, 0x0000000748e00000, 0x0000000748e00000|100%| O|  |TAMS 0x0000000748c00000| PB 0x0000000748c00000| Untracked 
|  71|0x0000000748e00000, 0x0000000749000000, 0x0000000749000000|100%| O|  |TAMS 0x0000000748e00000| PB 0x0000000748e00000| Untracked 
|  72|0x0000000749000000, 0x0000000749200000, 0x0000000749200000|100%| O|  |TAMS 0x0000000749000000| PB 0x0000000749000000| Untracked 
|  73|0x0000000749200000, 0x0000000749400000, 0x0000000749400000|100%| O|  |TAMS 0x0000000749200000| PB 0x0000000749200000| Untracked 
|  74|0x0000000749400000, 0x0000000749600000, 0x0000000749600000|100%| O|  |TAMS 0x0000000749400000| PB 0x0000000749400000| Untracked 
|  75|0x0000000749600000, 0x0000000749800000, 0x0000000749800000|100%| O|  |TAMS 0x0000000749600000| PB 0x0000000749600000| Untracked 
|  76|0x0000000749800000, 0x0000000749a00000, 0x0000000749a00000|100%| O|  |TAMS 0x0000000749800000| PB 0x0000000749800000| Untracked 
|  77|0x0000000749a00000, 0x0000000749c00000, 0x0000000749c00000|100%| O|  |TAMS 0x0000000749a00000| PB 0x0000000749a00000| Untracked 
|  78|0x0000000749c00000, 0x0000000749e00000, 0x0000000749e00000|100%| O|  |TAMS 0x0000000749c00000| PB 0x0000000749c00000| Untracked 
|  79|0x0000000749e00000, 0x000000074a000000, 0x000000074a000000|100%| O|  |TAMS 0x0000000749e00000| PB 0x0000000749e00000| Untracked 
|  80|0x000000074a000000, 0x000000074a200000, 0x000000074a200000|100%| O|  |TAMS 0x000000074a000000| PB 0x000000074a000000| Untracked 
|  81|0x000000074a200000, 0x000000074a400000, 0x000000074a400000|100%| O|  |TAMS 0x000000074a200000| PB 0x000000074a200000| Untracked 
|  82|0x000000074a400000, 0x000000074a400000, 0x000000074a600000|  0%| F|  |TAMS 0x000000074a400000| PB 0x000000074a400000| Untracked 
|  83|0x000000074a600000, 0x000000074a600000, 0x000000074a800000|  0%| F|  |TAMS 0x000000074a600000| PB 0x000000074a600000| Untracked 
|  84|0x000000074a800000, 0x000000074a800000, 0x000000074aa00000|  0%| F|  |TAMS 0x000000074a800000| PB 0x000000074a800000| Untracked 
|  85|0x000000074aa00000, 0x000000074aa00000, 0x000000074ac00000|  0%| F|  |TAMS 0x000000074aa00000| PB 0x000000074aa00000| Untracked 
|  86|0x000000074ac00000, 0x000000074ac00000, 0x000000074ae00000|  0%| F|  |TAMS 0x000000074ac00000| PB 0x000000074ac00000| Untracked 
|  87|0x000000074ae00000, 0x000000074ae00000, 0x000000074b000000|  0%| F|  |TAMS 0x000000074ae00000| PB 0x000000074ae00000| Untracked 
|  88|0x000000074b000000, 0x000000074b000000, 0x000000074b200000|  0%| F|  |TAMS 0x000000074b000000| PB 0x000000074b000000| Untracked 
|  89|0x000000074b200000, 0x000000074b200000, 0x000000074b400000|  0%| F|  |TAMS 0x000000074b200000| PB 0x000000074b200000| Untracked 
|  90|0x000000074b400000, 0x000000074b400000, 0x000000074b600000|  0%| F|  |TAMS 0x000000074b400000| PB 0x000000074b400000| Untracked 
|  91|0x000000074b600000, 0x000000074b600000, 0x000000074b800000|  0%| F|  |TAMS 0x000000074b600000| PB 0x000000074b600000| Untracked 
|  92|0x000000074b800000, 0x000000074b800000, 0x000000074ba00000|  0%| F|  |TAMS 0x000000074b800000| PB 0x000000074b800000| Untracked 
|  93|0x000000074ba00000, 0x000000074ba00000, 0x000000074bc00000|  0%| F|  |TAMS 0x000000074ba00000| PB 0x000000074ba00000| Untracked 
|  94|0x000000074bc00000, 0x000000074bc00000, 0x000000074be00000|  0%| F|  |TAMS 0x000000074bc00000| PB 0x000000074bc00000| Untracked 
|  95|0x000000074be00000, 0x000000074be00000, 0x000000074c000000|  0%| F|  |TAMS 0x000000074be00000| PB 0x000000074be00000| Untracked 
|  96|0x000000074c000000, 0x000000074c000000, 0x000000074c200000|  0%| F|  |TAMS 0x000000074c000000| PB 0x000000074c000000| Untracked 
|  97|0x000000074c200000, 0x000000074c200000, 0x000000074c400000|  0%| F|  |TAMS 0x000000074c200000| PB 0x000000074c200000| Untracked 
|  98|0x000000074c400000, 0x000000074c400000, 0x000000074c600000|  0%| F|  |TAMS 0x000000074c400000| PB 0x000000074c400000| Untracked 
|  99|0x000000074c600000, 0x000000074c600000, 0x000000074c800000|  0%| F|  |TAMS 0x000000074c600000| PB 0x000000074c600000| Untracked 
| 100|0x000000074c800000, 0x000000074c800000, 0x000000074ca00000|  0%| F|  |TAMS 0x000000074c800000| PB 0x000000074c800000| Untracked 
| 101|0x000000074ca00000, 0x000000074ca00000, 0x000000074cc00000|  0%| F|  |TAMS 0x000000074ca00000| PB 0x000000074ca00000| Untracked 
| 102|0x000000074cc00000, 0x000000074cc00000, 0x000000074ce00000|  0%| F|  |TAMS 0x000000074cc00000| PB 0x000000074cc00000| Untracked 
| 103|0x000000074ce00000, 0x000000074ce00000, 0x000000074d000000|  0%| F|  |TAMS 0x000000074ce00000| PB 0x000000074ce00000| Untracked 
| 104|0x000000074d000000, 0x000000074d000000, 0x000000074d200000|  0%| F|  |TAMS 0x000000074d000000| PB 0x000000074d000000| Untracked 
| 105|0x000000074d200000, 0x000000074d200000, 0x000000074d400000|  0%| F|  |TAMS 0x000000074d200000| PB 0x000000074d200000| Untracked 
| 106|0x000000074d400000, 0x000000074d400000, 0x000000074d600000|  0%| F|  |TAMS 0x000000074d400000| PB 0x000000074d400000| Untracked 
| 107|0x000000074d600000, 0x000000074d600000, 0x000000074d800000|  0%| F|  |TAMS 0x000000074d600000| PB 0x000000074d600000| Untracked 
| 108|0x000000074d800000, 0x000000074d800000, 0x000000074da00000|  0%| F|  |TAMS 0x000000074d800000| PB 0x000000074d800000| Untracked 
| 109|0x000000074da00000, 0x000000074da00000, 0x000000074dc00000|  0%| F|  |TAMS 0x000000074da00000| PB 0x000000074da00000| Untracked 
| 110|0x000000074dc00000, 0x000000074dc00000, 0x000000074de00000|  0%| F|  |TAMS 0x000000074dc00000| PB 0x000000074dc00000| Untracked 
| 111|0x000000074de00000, 0x000000074de00000, 0x000000074e000000|  0%| F|  |TAMS 0x000000074de00000| PB 0x000000074de00000| Untracked 
| 112|0x000000074e000000, 0x000000074e000000, 0x000000074e200000|  0%| F|  |TAMS 0x000000074e000000| PB 0x000000074e000000| Untracked 
| 113|0x000000074e200000, 0x000000074e200000, 0x000000074e400000|  0%| F|  |TAMS 0x000000074e200000| PB 0x000000074e200000| Untracked 
| 114|0x000000074e400000, 0x000000074e400000, 0x000000074e600000|  0%| F|  |TAMS 0x000000074e400000| PB 0x000000074e400000| Untracked 
| 115|0x000000074e600000, 0x000000074e600000, 0x000000074e800000|  0%| F|  |TAMS 0x000000074e600000| PB 0x000000074e600000| Untracked 
| 116|0x000000074e800000, 0x000000074e800000, 0x000000074ea00000|  0%| F|  |TAMS 0x000000074e800000| PB 0x000000074e800000| Untracked 
| 117|0x000000074ea00000, 0x000000074ea00000, 0x000000074ec00000|  0%| F|  |TAMS 0x000000074ea00000| PB 0x000000074ea00000| Untracked 
| 118|0x000000074ec00000, 0x000000074ec00000, 0x000000074ee00000|  0%| F|  |TAMS 0x000000074ec00000| PB 0x000000074ec00000| Untracked 
| 119|0x000000074ee00000, 0x000000074ee00000, 0x000000074f000000|  0%| F|  |TAMS 0x000000074ee00000| PB 0x000000074ee00000| Untracked 
| 120|0x000000074f000000, 0x000000074f000000, 0x000000074f200000|  0%| F|  |TAMS 0x000000074f000000| PB 0x000000074f000000| Untracked 
| 121|0x000000074f200000, 0x000000074f200000, 0x000000074f400000|  0%| F|  |TAMS 0x000000074f200000| PB 0x000000074f200000| Untracked 
| 122|0x000000074f400000, 0x000000074f400000, 0x000000074f600000|  0%| F|  |TAMS 0x000000074f400000| PB 0x000000074f400000| Untracked 
| 123|0x000000074f600000, 0x000000074f600000, 0x000000074f800000|  0%| F|  |TAMS 0x000000074f600000| PB 0x000000074f600000| Untracked 
| 124|0x000000074f800000, 0x000000074f800000, 0x000000074fa00000|  0%| F|  |TAMS 0x000000074f800000| PB 0x000000074f800000| Untracked 
| 125|0x000000074fa00000, 0x000000074fa00000, 0x000000074fc00000|  0%| F|  |TAMS 0x000000074fa00000| PB 0x000000074fa00000| Untracked 
| 126|0x000000074fc00000, 0x000000074fc00000, 0x000000074fe00000|  0%| F|  |TAMS 0x000000074fc00000| PB 0x000000074fc00000| Untracked 
| 127|0x000000074fe00000, 0x000000074fe00000, 0x0000000750000000|  0%| F|  |TAMS 0x000000074fe00000| PB 0x000000074fe00000| Untracked 
| 128|0x0000000750000000, 0x0000000750000000, 0x0000000750200000|  0%| F|  |TAMS 0x0000000750000000| PB 0x0000000750000000| Untracked 
| 129|0x0000000750200000, 0x0000000750200000, 0x0000000750400000|  0%| F|  |TAMS 0x0000000750200000| PB 0x0000000750200000| Untracked 
| 130|0x0000000750400000, 0x0000000750400000, 0x0000000750600000|  0%| F|  |TAMS 0x0000000750400000| PB 0x0000000750400000| Untracked 
| 131|0x0000000750600000, 0x0000000750600000, 0x0000000750800000|  0%| F|  |TAMS 0x0000000750600000| PB 0x0000000750600000| Untracked 
| 132|0x0000000750800000, 0x0000000750800000, 0x0000000750a00000|  0%| F|  |TAMS 0x0000000750800000| PB 0x0000000750800000| Untracked 
| 133|0x0000000750a00000, 0x0000000750a00000, 0x0000000750c00000|  0%| F|  |TAMS 0x0000000750a00000| PB 0x0000000750a00000| Untracked 
| 134|0x0000000750c00000, 0x0000000750c00000, 0x0000000750e00000|  0%| F|  |TAMS 0x0000000750c00000| PB 0x0000000750c00000| Untracked 
| 135|0x0000000750e00000, 0x0000000750e00000, 0x0000000751000000|  0%| F|  |TAMS 0x0000000750e00000| PB 0x0000000750e00000| Untracked 
| 136|0x0000000751000000, 0x0000000751000000, 0x0000000751200000|  0%| F|  |TAMS 0x0000000751000000| PB 0x0000000751000000| Untracked 
| 137|0x0000000751200000, 0x0000000751200000, 0x0000000751400000|  0%| F|  |TAMS 0x0000000751200000| PB 0x0000000751200000| Untracked 
| 138|0x0000000751400000, 0x0000000751400000, 0x0000000751600000|  0%| F|  |TAMS 0x0000000751400000| PB 0x0000000751400000| Untracked 
| 139|0x0000000751600000, 0x0000000751600000, 0x0000000751800000|  0%| F|  |TAMS 0x0000000751600000| PB 0x0000000751600000| Untracked 
| 140|0x0000000751800000, 0x0000000751800000, 0x0000000751a00000|  0%| F|  |TAMS 0x0000000751800000| PB 0x0000000751800000| Untracked 
| 141|0x0000000751a00000, 0x0000000751a00000, 0x0000000751c00000|  0%| F|  |TAMS 0x0000000751a00000| PB 0x0000000751a00000| Untracked 
| 142|0x0000000751c00000, 0x0000000751c00000, 0x0000000751e00000|  0%| F|  |TAMS 0x0000000751c00000| PB 0x0000000751c00000| Untracked 
| 143|0x0000000751e00000, 0x0000000752000000, 0x0000000752000000|100%| S|CS|TAMS 0x0000000751e00000| PB 0x0000000751e00000| Complete 
| 144|0x0000000752000000, 0x0000000752200000, 0x0000000752200000|100%| S|CS|TAMS 0x0000000752000000| PB 0x0000000752000000| Complete 
| 145|0x0000000752200000, 0x0000000752400000, 0x0000000752400000|100%| S|CS|TAMS 0x0000000752200000| PB 0x0000000752200000| Complete 
|1525|0x00000007fea00000, 0x00000007fec00000, 0x00000007fec00000|100%| O|  |TAMS 0x00000007fea00000| PB 0x00000007fea00000| Untracked 
|1526|0x00000007fec00000, 0x00000007fee00000, 0x00000007fee00000|100%| O|  |TAMS 0x00000007fec00000| PB 0x00000007fec00000| Untracked 
|1527|0x00000007fee00000, 0x00000007ff000000, 0x00000007ff000000|100%| O|  |TAMS 0x00000007fee00000| PB 0x00000007fee00000| Untracked 
|1528|0x00000007ff000000, 0x00000007ff200000, 0x00000007ff200000|100%| O|  |TAMS 0x00000007ff000000| PB 0x00000007ff000000| Untracked 
|1529|0x00000007ff200000, 0x00000007ff400000, 0x00000007ff400000|100%| O|  |TAMS 0x00000007ff200000| PB 0x00000007ff200000| Untracked 
|1530|0x00000007ff400000, 0x00000007ff600000, 0x00000007ff600000|100%| O|  |TAMS 0x00000007ff400000| PB 0x00000007ff400000| Untracked 
|1531|0x00000007ff600000, 0x00000007ff800000, 0x00000007ff800000|100%| O|  |TAMS 0x00000007ff600000| PB 0x00000007ff600000| Untracked 
|1532|0x00000007ff800000, 0x00000007ffa00000, 0x00000007ffa00000|100%| O|  |TAMS 0x00000007ff800000| PB 0x00000007ff800000| Untracked 
|1533|0x00000007ffa00000, 0x00000007ffc00000, 0x00000007ffc00000|100%| O|  |TAMS 0x00000007ffa00000| PB 0x00000007ffa00000| Untracked 
|1534|0x00000007ffc00000, 0x00000007ffe00000, 0x00000007ffe00000|100%| O|  |TAMS 0x00000007ffc00000| PB 0x00000007ffc00000| Untracked 
|1535|0x00000007ffe00000, 0x0000000800000000, 0x0000000800000000|100%| O|  |TAMS 0x00000007ffe00000| PB 0x00000007ffe00000| Untracked 

Card table byte_map: [0x0000018a3cad0000,0x0000018a3d0d0000] _byte_map_base: 0x0000018a390d0000

Marking Bits: (CMBitMap*) 0x0000018a24e03500
 Bits: [0x0000018a3d0d0000, 0x0000018a400d0000)

Polling page: 0x0000018a22a80000

Metaspace:

Usage:
  Non-class:     60.22 MB used.
      Class:      9.95 MB used.
       Both:     70.17 MB used.

Virtual space:
  Non-class space:       64.00 MB reserved,      61.25 MB ( 96%) committed,  1 nodes.
      Class space:        1.00 GB reserved,      10.94 MB (  1%) committed,  1 nodes.
             Both:        1.06 GB reserved,      72.19 MB (  7%) committed. 

Chunk freelists:
   Non-Class:  2.77 MB
       Class:  4.98 MB
        Both:  7.75 MB

MaxMetaspaceSize: unlimited
CompressedClassSpaceSize: 1.00 GB
Initial GC threshold: 21.00 MB
Current GC threshold: 120.12 MB
CDS: on
 - commit_granule_bytes: 65536.
 - commit_granule_words: 8192.
 - virtual_space_node_default_size: 8388608.
 - enlarge_chunks_in_place: 1.
 - use_allocation_guard: 0.


Internal statistics:

num_allocs_failed_limit: 9.
num_arena_births: 3596.
num_arena_deaths: 0.
num_vsnodes_births: 2.
num_vsnodes_deaths: 0.
num_space_committed: 1155.
num_space_uncommitted: 0.
num_chunks_returned_to_freelist: 9.
num_chunks_taken_from_freelist: 6802.
num_chunk_merges: 9.
num_chunk_splits: 4333.
num_chunks_enlarged: 2600.
num_inconsistent_stats: 0.

CodeHeap 'non-profiled nmethods': size=120064Kb used=4545Kb max_used=4545Kb free=115519Kb
 bounds [0x0000018a34f90000, 0x0000018a35410000, 0x0000018a3c4d0000]
CodeHeap 'profiled nmethods': size=120000Kb used=15552Kb max_used=15552Kb free=104447Kb
 bounds [0x0000018a2d4d0000, 0x0000018a2e410000, 0x0000018a34a00000]
CodeHeap 'non-nmethods': size=5696Kb used=2663Kb max_used=2752Kb free=3032Kb
 bounds [0x0000018a34a00000, 0x0000018a34cd0000, 0x0000018a34f90000]
CodeCache: size=245760Kb, used=22760Kb, max_used=22849Kb, free=222998Kb
 total_blobs=9055, nmethods=8128, adapters=832, full_count=0
Compilation: enabled, stopped_count=0, restarted_count=0

Compilation events (20 events):
Event: 28.003 Thread 0x0000018a422534d0 9759       3       org.gradle.internal.snapshot.ChildMap$Entry::handlePath (135 bytes)
Event: 28.003 Thread 0x0000018a42246900 9762       4       java.util.concurrent.locks.LockSupport::setBlocker (12 bytes)
Event: 28.004 Thread 0x0000018a422534d0 nmethod 9759 0x0000018a2e3fda90 code [0x0000018a2e3fdde0, 0x0000018a2e3ff508]
Event: 28.004 Thread 0x0000018a422534d0 9758       3       org.gradle.api.internal.artifacts.DefaultResolvableArtifact::getFile (22 bytes)
Event: 28.004 Thread 0x0000018a42246900 nmethod 9762 0x0000018a353ffd90 code [0x0000018a353fff20, 0x0000018a35400070]
Event: 28.004 Thread 0x0000018a422534d0 nmethod 9758 0x0000018a2e3ffd10 code [0x0000018a2e3fff20, 0x0000018a2e400478]
Event: 28.004 Thread 0x0000018a422534d0 9760       3       org.gradle.internal.snapshot.AbstractStorePathRelationshipHandler::handleAsDescendantOfChild (8 bytes)
Event: 28.004 Thread 0x0000018a422534d0 nmethod 9760 0x0000018a2e400710 code [0x0000018a2e4008e0, 0x0000018a2e400cc8]
Event: 28.004 Thread 0x0000018a422534d0 9761       3       org.gradle.internal.snapshot.AbstractStorePathRelationshipHandler::handleAsDescendantOfChild (24 bytes)
Event: 28.004 Thread 0x0000018a422534d0 nmethod 9761 0x0000018a2e400e90 code [0x0000018a2e401060, 0x0000018a2e401368]
Event: 28.004 Thread 0x0000018a422534d0 9763       3       org.gradle.internal.snapshot.AbstractIncompleteFileSystemNode$2::handleAsDescendantOfChild (10 bytes)
Event: 28.005 Thread 0x0000018a422534d0 nmethod 9763 0x0000018a2e401490 code [0x0000018a2e401640, 0x0000018a2e401890]
Event: 28.006 Thread 0x0000018a422534d0 9764       3       org.gradle.internal.snapshot.AbstractListChildMap::store (72 bytes)
Event: 28.007 Thread 0x0000018a422534d0 nmethod 9764 0x0000018a2e401990 code [0x0000018a2e401c80, 0x0000018a2e402e30]
Event: 28.008 Thread 0x0000018a422534d0 9765       3       org.gradle.api.internal.artifacts.ivyservice.resolveengine.artifact.ArtifactBackedResolvedVariant$SingleArtifactSet::visit (93 bytes)
Event: 28.009 Thread 0x0000018a422534d0 nmethod 9765 0x0000018a2e403490 code [0x0000018a2e403740, 0x0000018a2e4042e8]
Event: 28.012 Thread 0x0000018a422534d0 9766       3       org.gradle.internal.snapshot.PathUtil::equalChars (60 bytes)
Event: 28.012 Thread 0x0000018a422534d0 nmethod 9766 0x0000018a2e404690 code [0x0000018a2e404940, 0x0000018a2e4054a8]
Event: 28.017 Thread 0x0000018a42246900 9767       4       java.util.stream.Sink$ChainedReference::cancellationRequested (10 bytes)
Event: 28.017 Thread 0x0000018a42246900 nmethod 9767 0x0000018a35400110 code [0x0000018a354002a0, 0x0000018a35400358]

GC Heap History (20 events):
Event: 24.851 GC heap after
{Heap after GC invocations=42 (full 0):
 garbage-first heap   total 167936K, used 66151K [0x0000000740000000, 0x0000000800000000)
  region size 2048K, 6 young (12288K), 6 survivors (12288K)
 Metaspace       used 71399K, committed 73536K, reserved 1114112K
  class space    used 10165K, committed 11200K, reserved 1048576K
}
Event: 24.974 GC heap before
{Heap before GC invocations=43 (full 0):
 garbage-first heap   total 167936K, used 68199K [0x0000000740000000, 0x0000000800000000)
  region size 2048K, 7 young (14336K), 6 survivors (12288K)
 Metaspace       used 71400K, committed 73536K, reserved 1114112K
  class space    used 10165K, committed 11200K, reserved 1048576K
}
Event: 24.989 GC heap after
{Heap after GC invocations=44 (full 0):
 garbage-first heap   total 167936K, used 67759K [0x0000000740000000, 0x0000000800000000)
  region size 2048K, 1 young (2048K), 1 survivors (2048K)
 Metaspace       used 71400K, committed 73536K, reserved 1114112K
  class space    used 10165K, committed 11200K, reserved 1048576K
}
Event: 25.214 GC heap before
{Heap before GC invocations=45 (full 0):
 garbage-first heap   total 167936K, used 73903K [0x0000000740000000, 0x0000000800000000)
  region size 2048K, 3 young (6144K), 1 survivors (2048K)
 Metaspace       used 71516K, committed 73664K, reserved 1114112K
  class space    used 10165K, committed 11200K, reserved 1048576K
}
Event: 25.216 GC heap after
{Heap after GC invocations=46 (full 0):
 garbage-first heap   total 167936K, used 66478K [0x0000000740000000, 0x0000000800000000)
  region size 2048K, 1 young (2048K), 1 survivors (2048K)
 Metaspace       used 71516K, committed 73664K, reserved 1114112K
  class space    used 10165K, committed 11200K, reserved 1048576K
}
Event: 25.426 GC heap before
{Heap before GC invocations=47 (full 0):
 garbage-first heap   total 167936K, used 74670K [0x0000000740000000, 0x0000000800000000)
  region size 2048K, 2 young (4096K), 1 survivors (2048K)
 Metaspace       used 71522K, committed 73664K, reserved 1114112K
  class space    used 10165K, committed 11200K, reserved 1048576K
}
Event: 25.428 GC heap after
{Heap after GC invocations=48 (full 0):
 garbage-first heap   total 167936K, used 67782K [0x0000000740000000, 0x0000000800000000)
  region size 2048K, 1 young (2048K), 1 survivors (2048K)
 Metaspace       used 71522K, committed 73664K, reserved 1114112K
  class space    used 10165K, committed 11200K, reserved 1048576K
}
Event: 25.764 GC heap before
{Heap before GC invocations=49 (full 0):
 garbage-first heap   total 167936K, used 141510K [0x0000000740000000, 0x0000000800000000)
  region size 2048K, 29 young (59392K), 1 survivors (2048K)
 Metaspace       used 71648K, committed 73792K, reserved 1114112K
  class space    used 10176K, committed 11200K, reserved 1048576K
}
Event: 25.823 GC heap after
{Heap after GC invocations=50 (full 0):
 garbage-first heap   total 184320K, used 111616K [0x0000000740000000, 0x0000000800000000)
  region size 2048K, 4 young (8192K), 4 survivors (8192K)
 Metaspace       used 71648K, committed 73792K, reserved 1114112K
  class space    used 10176K, committed 11200K, reserved 1048576K
}
Event: 25.992 GC heap before
{Heap before GC invocations=50 (full 0):
 garbage-first heap   total 184320K, used 144384K [0x0000000740000000, 0x0000000800000000)
  region size 2048K, 20 young (40960K), 4 survivors (8192K)
 Metaspace       used 71648K, committed 73792K, reserved 1114112K
  class space    used 10176K, committed 11200K, reserved 1048576K
}
Event: 26.034 GC heap after
{Heap after GC invocations=51 (full 0):
 garbage-first heap   total 184320K, used 134144K [0x0000000740000000, 0x0000000800000000)
  region size 2048K, 3 young (6144K), 3 survivors (6144K)
 Metaspace       used 71648K, committed 73792K, reserved 1114112K
  class space    used 10176K, committed 11200K, reserved 1048576K
}
Event: 26.355 GC heap before
{Heap before GC invocations=52 (full 0):
 garbage-first heap   total 225280K, used 154624K [0x0000000740000000, 0x0000000800000000)
  region size 2048K, 13 young (26624K), 3 survivors (6144K)
 Metaspace       used 71648K, committed 73792K, reserved 1114112K
  class space    used 10176K, committed 11200K, reserved 1048576K
}
Event: 26.376 GC heap after
{Heap after GC invocations=53 (full 0):
 garbage-first heap   total 225280K, used 149504K [0x0000000740000000, 0x0000000800000000)
  region size 2048K, 2 young (4096K), 2 survivors (4096K)
 Metaspace       used 71648K, committed 73792K, reserved 1114112K
  class space    used 10176K, committed 11200K, reserved 1048576K
}
Event: 26.441 GC heap before
{Heap before GC invocations=53 (full 0):
 garbage-first heap   total 225280K, used 180224K [0x0000000740000000, 0x0000000800000000)
  region size 2048K, 17 young (34816K), 2 survivors (4096K)
 Metaspace       used 71679K, committed 73792K, reserved 1114112K
  class space    used 10178K, committed 11200K, reserved 1048576K
}
Event: 26.470 GC heap after
{Heap after GC invocations=54 (full 0):
 garbage-first heap   total 225280K, used 171008K [0x0000000740000000, 0x0000000800000000)
  region size 2048K, 3 young (6144K), 3 survivors (6144K)
 Metaspace       used 71679K, committed 73792K, reserved 1114112K
  class space    used 10178K, committed 11200K, reserved 1048576K
}
Event: 26.529 GC heap before
{Heap before GC invocations=54 (full 0):
 garbage-first heap   total 225280K, used 191488K [0x0000000740000000, 0x0000000800000000)
  region size 2048K, 13 young (26624K), 3 survivors (6144K)
 Metaspace       used 71762K, committed 73856K, reserved 1114112K
  class space    used 10188K, committed 11200K, reserved 1048576K
}
Event: 26.565 GC heap after
{Heap after GC invocations=55 (full 0):
 garbage-first heap   total 225280K, used 185344K [0x0000000740000000, 0x0000000800000000)
  region size 2048K, 2 young (4096K), 2 survivors (4096K)
 Metaspace       used 71762K, committed 73856K, reserved 1114112K
  class space    used 10188K, committed 11200K, reserved 1048576K
}
Event: 27.321 GC heap before
{Heap before GC invocations=56 (full 0):
 garbage-first heap   total 294912K, used 187392K [0x0000000740000000, 0x0000000800000000)
  region size 2048K, 8 young (16384K), 2 survivors (4096K)
 Metaspace       used 71762K, committed 73856K, reserved 1114112K
  class space    used 10188K, committed 11200K, reserved 1048576K
}
Event: 27.359 GC heap after
{Heap after GC invocations=57 (full 0):
 garbage-first heap   total 294912K, used 186368K [0x0000000740000000, 0x0000000800000000)
  region size 2048K, 1 young (2048K), 1 survivors (2048K)
 Metaspace       used 71762K, committed 73856K, reserved 1114112K
  class space    used 10188K, committed 11200K, reserved 1048576K
}
Event: 28.019 GC heap before
{Heap before GC invocations=57 (full 0):
 garbage-first heap   total 309248K, used 307200K [0x0000000740000000, 0x0000000800000000)
  region size 2048K, 8 young (16384K), 1 survivors (2048K)
 Metaspace       used 71856K, committed 73920K, reserved 1114112K
  class space    used 10188K, committed 11200K, reserved 1048576K
}

Dll operation events (15 events):
Event: 0.022 Loaded shared library C:\Program Files\Eclipse Adoptium\jdk-21.0.9.10-hotspot\bin\java.dll
Event: 0.074 Loaded shared library C:\Program Files\Eclipse Adoptium\jdk-21.0.9.10-hotspot\bin\jsvml.dll
Event: 0.176 Loaded shared library C:\Program Files\Eclipse Adoptium\jdk-21.0.9.10-hotspot\bin\zip.dll
Event: 0.182 Loaded shared library C:\Program Files\Eclipse Adoptium\jdk-21.0.9.10-hotspot\bin\instrument.dll
Event: 0.193 Loaded shared library C:\Program Files\Eclipse Adoptium\jdk-21.0.9.10-hotspot\bin\net.dll
Event: 0.198 Loaded shared library C:\Program Files\Eclipse Adoptium\jdk-21.0.9.10-hotspot\bin\nio.dll
Event: 0.206 Loaded shared library C:\Program Files\Eclipse Adoptium\jdk-21.0.9.10-hotspot\bin\zip.dll
Event: 0.825 Loaded shared library C:\Program Files\Eclipse Adoptium\jdk-21.0.9.10-hotspot\bin\jimage.dll
Event: 1.054 Loaded shared library C:\Program Files\Eclipse Adoptium\jdk-21.0.9.10-hotspot\bin\verify.dll
Event: 1.456 Loaded shared library C:\Users\Seusyn\.gradle\native\c067742578af261105cb4f569cf0c3c89f3d7b1fecec35dd04571415982c5e48\windows-amd64\native-platform.dll
Event: 1.468 Loaded shared library C:\Users\Seusyn\.gradle\native\100fb08df4bc3b14c8652ba06237920a3bd2aa13389f12d3474272988ae205f9\windows-amd64\native-platform-file-events.dll
Event: 3.494 Loaded shared library C:\Program Files\Eclipse Adoptium\jdk-21.0.9.10-hotspot\bin\management.dll
Event: 3.500 Loaded shared library C:\Program Files\Eclipse Adoptium\jdk-21.0.9.10-hotspot\bin\management_ext.dll
Event: 3.840 Loaded shared library C:\Program Files\Eclipse Adoptium\jdk-21.0.9.10-hotspot\bin\extnet.dll
Event: 4.030 Loaded shared library C:\Program Files\Eclipse Adoptium\jdk-21.0.9.10-hotspot\bin\sunmscapi.dll

Deoptimization events (20 events):
Event: 27.376 Thread 0x0000018a8a977ec0 DEOPT PACKING pc=0x0000018a2db0cf9b sp=0x0000006871ef6f50
Event: 27.376 Thread 0x0000018a8a977ec0 DEOPT UNPACKING pc=0x0000018a34a54b23 sp=0x0000006871ef63e8 mode 0
Event: 27.377 Thread 0x0000018a8a977ec0 DEOPT PACKING pc=0x0000018a2db0cf7a sp=0x0000006871ef7070
Event: 27.377 Thread 0x0000018a8a977ec0 DEOPT UNPACKING pc=0x0000018a34a54b23 sp=0x0000006871ef6510 mode 0
Event: 27.691 Thread 0x0000018a8a977ec0 Uncommon trap: trap_request=0xffffffcc fr.pc=0x0000018a353ae624 relative=0x0000000000000264
Event: 27.691 Thread 0x0000018a8a977ec0 Uncommon trap: reason=intrinsic_or_type_checked_inlining action=make_not_entrant pc=0x0000018a353ae624 method=java.util.Arrays.copyOfRange([Ljava/lang/Object;IILjava/lang/Class;)[Ljava/lang/Object; @ 84 c2
Event: 27.691 Thread 0x0000018a8a977ec0 DEOPT PACKING pc=0x0000018a353ae624 sp=0x0000006871ef9e40
Event: 27.691 Thread 0x0000018a8a977ec0 DEOPT UNPACKING pc=0x0000018a34a5439c sp=0x0000006871ef9dc0 mode 2
Event: 27.761 Thread 0x0000018a8a978550 Uncommon trap: trap_request=0xffffff45 fr.pc=0x0000018a35226d90 relative=0x00000000000003d0
Event: 27.761 Thread 0x0000018a8a978550 Uncommon trap: reason=unstable_if action=reinterpret pc=0x0000018a35226d90 method=java.util.HashMap$HashIterator.<init>(Ljava/util/HashMap;)V @ 45 c2
Event: 27.761 Thread 0x0000018a8a978550 DEOPT PACKING pc=0x0000018a35226d90 sp=0x0000006871ffea90
Event: 27.761 Thread 0x0000018a8a978550 DEOPT UNPACKING pc=0x0000018a34a5439c sp=0x0000006871ffea48 mode 2
Event: 28.011 Thread 0x0000018a8a977ec0 Uncommon trap: trap_request=0xffffff45 fr.pc=0x0000018a352706dc relative=0x000000000000025c
Event: 28.011 Thread 0x0000018a8a977ec0 Uncommon trap: reason=unstable_if action=reinterpret pc=0x0000018a352706dc method=org.gradle.internal.snapshot.PathUtil.equalChars(CCLorg/gradle/internal/snapshot/CaseSensitivity;)Z @ 11 c2
Event: 28.011 Thread 0x0000018a8a977ec0 DEOPT PACKING pc=0x0000018a352706dc sp=0x0000006871ef8db0
Event: 28.011 Thread 0x0000018a8a977ec0 DEOPT UNPACKING pc=0x0000018a34a5439c sp=0x0000006871ef8d38 mode 2
Event: 28.017 Thread 0x0000018a8a977ec0 Uncommon trap: trap_request=0xffffff45 fr.pc=0x0000018a35293af0 relative=0x0000000000000290
Event: 28.017 Thread 0x0000018a8a977ec0 Uncommon trap: reason=unstable_if action=reinterpret pc=0x0000018a35293af0 method=org.gradle.internal.snapshot.PathUtil.compareDifferentCharsIgnoringCase(CC)I @ 12 c2
Event: 28.017 Thread 0x0000018a8a977ec0 DEOPT PACKING pc=0x0000018a35293af0 sp=0x0000006871ef9a40
Event: 28.017 Thread 0x0000018a8a977ec0 DEOPT UNPACKING pc=0x0000018a34a5439c sp=0x0000006871ef99b8 mode 2

Classes loaded (20 events):
Event: 24.674 Loading class java/io/ObjectStreamClass$5
Event: 24.675 Loading class java/io/ObjectStreamClass$5 done
Event: 24.676 Loading class java/io/ObjectStreamClass$ClassDataSlot
Event: 24.676 Loading class java/io/ObjectStreamClass$ClassDataSlot done
Event: 24.682 Loading class jdk/internal/reflect/MethodHandleLongFieldAccessorImpl
Event: 24.682 Loading class jdk/internal/reflect/MethodHandleLongFieldAccessorImpl done
Event: 24.685 Loading class java/io/SerialCallbackContext
Event: 24.685 Loading class java/io/SerialCallbackContext done
Event: 24.713 Loading class java/util/stream/ReferencePipeline$4
Event: 24.713 Loading class java/util/stream/IntPipeline$StatelessOp
Event: 24.713 Loading class java/util/stream/IntPipeline$StatelessOp done
Event: 24.713 Loading class java/util/stream/ReferencePipeline$4 done
Event: 24.714 Loading class java/util/stream/ReduceOps$6
Event: 24.714 Loading class java/util/stream/ReduceOps$6 done
Event: 24.714 Loading class java/util/stream/ReduceOps$5ReducingSink
Event: 24.714 Loading class java/util/stream/ReduceOps$5ReducingSink done
Event: 24.714 Loading class java/util/stream/ReferencePipeline$4$1
Event: 24.714 Loading class java/util/stream/ReferencePipeline$4$1 done
Event: 25.577 Loading class java/io/BufferedReader$1
Event: 25.577 Loading class java/io/BufferedReader$1 done

Classes unloaded (0 events):
No events

Classes redefined (0 events):
No events

Internal exceptions (20 events):
Event: 24.454 Thread 0x0000018a88d14ae0 Exception <a 'java/lang/ClassNotFoundException'{0x0000000746d31300}: org/codehaus/groovy/transform/ImmutableASTTransformationBeanInfo> (0x0000000746d31300) 
thrown [s\src\hotspot\share\classfile\systemDictionary.cpp, line 312]
Event: 24.454 Thread 0x0000018a88d14ae0 Exception <a 'java/lang/ClassNotFoundException'{0x0000000746d3cff8}: org/codehaus/groovy/transform/AbstractASTTransformationBeanInfo> (0x0000000746d3cff8) 
thrown [s\src\hotspot\share\classfile\systemDictionary.cpp, line 312]
Event: 24.455 Thread 0x0000018a88d14ae0 Exception <a 'java/lang/ClassNotFoundException'{0x0000000746d48240}: org/codehaus/groovy/transform/AbstractASTTransformationCustomizer> (0x0000000746d48240) 
thrown [s\src\hotspot\share\classfile\systemDictionary.cpp, line 312]
Event: 24.457 Thread 0x0000018a88d14ae0 Exception <a 'java/lang/ClassNotFoundException'{0x0000000746d6e2e0}: org/codehaus/groovy/transform/ImmutableASTTransformationCustomizer> (0x0000000746d6e2e0) 
thrown [s\src\hotspot\share\classfile\systemDictionary.cpp, line 312]
Event: 24.492 Thread 0x0000018a88d14ae0 Exception <a 'java/lang/ClassNotFoundException'{0x0000000746a36718}: java/util/regex/PatternBeanInfo> (0x0000000746a36718) 
thrown [s\src\hotspot\share\classfile\systemDictionary.cpp, line 312]
Event: 24.493 Thread 0x0000018a88d14ae0 Exception <a 'java/lang/ClassNotFoundException'{0x0000000746a3bbe0}: java/util/regex/PatternCustomizer> (0x0000000746a3bbe0) 
thrown [s\src\hotspot\share\classfile\systemDictionary.cpp, line 312]
Event: 24.497 Thread 0x0000018a88d14ae0 Exception <a 'java/lang/ClassNotFoundException'{0x0000000746a6cec0}: ijresolvers1_6vs291x7faj6i2uobv0bxtvsc$1BeanInfo> (0x0000000746a6cec0) 
thrown [s\src\hotspot\share\classfile\systemDictionary.cpp, line 312]
Event: 24.500 Thread 0x0000018a88d14ae0 Exception <a 'java/lang/ClassNotFoundException'{0x0000000746a73a40}: ijresolvers1_6vs291x7faj6i2uobv0bxtvsc$1Customizer> (0x0000000746a73a40) 
thrown [s\src\hotspot\share\classfile\systemDictionary.cpp, line 312]
Event: 24.556 Thread 0x0000018a8a977ec0 Exception <a 'java/lang/NoSuchMethodError'{0x000000074692f5e8}: 'void java.lang.invoke.DirectMethodHandle$Holder.invokeSpecial(java.lang.Object, java.lang.Object, java.lang.Object, java.lang.Object, int, java.lang.Object, java.lang.Object)'> (0x000000074692f5e8) 
thrown [s\src\hotspot\share\interpreter\linkResolver.cpp, line 773]
Event: 24.633 Thread 0x0000018a8a977ec0 Exception <a 'java/lang/NoSuchMethodError'{0x00000007467e6420}: 'java.lang.Object java.lang.invoke.DirectMethodHandle$Holder.invokeVirtual(java.lang.Object, java.lang.Object, java.lang.Object, java.lang.Object, java.lang.Object, java.lang.Object, java.lang.Object, java.lang.Object, java.lang.Object, java.lang.Object, java.lang.Object, java.lang.Object, java.lang.Object, java.lang.Object, java.lang.Object, java.lang.Object, java.lang.Object, java.lang.Object, java.lang.Object)'> (0x00000007467e6420) 
thrown
Event: 24.674 Thread 0x0000018a88d3cf20 Exception <a 'java/lang/NoSuchMethodError'{0x0000000746566048}: static Lorg/gradle/internal/build/event/types/DefaultTaskStartedProgressEvent;.<clinit>()V> (0x0000000746566048) 
thrown [s\src\hotspot\share\prims\jni.cpp, line 1111]
Event: 24.675 Thread 0x0000018a88d3cf20 Exception <a 'java/lang/NoSuchMethodError'{0x00000007465682c0}: static Lorg/gradle/internal/build/event/types/AbstractProgressEvent;.<clinit>()V> (0x00000007465682c0) 
thrown [s\src\hotspot\share\prims\jni.cpp, line 1111]
Event: 24.681 Thread 0x0000018a88d3cf20 Exception <a 'java/lang/NoSuchMethodError'{0x0000000746573650}: static Lorg/gradle/internal/build/event/types/DefaultTaskDescriptor;.<clinit>()V> (0x0000000746573650) 
thrown [s\src\hotspot\share\prims\jni.cpp, line 1111]
Event: 24.683 Thread 0x0000018a88d3cf20 Exception <a 'java/lang/NoSuchMethodError'{0x0000000746578760}: 'long java.lang.invoke.DirectMethodHandle$Holder.invokeSpecial(java.lang.Object, java.lang.Object)'> (0x0000000746578760) 
thrown [s\src\hotspot\share\interpreter\linkResolver.cpp, line 773]
Event: 24.683 Thread 0x0000018a88d3cf20 Exception <a 'java/lang/NoSuchMethodError'{0x000000074657ddc8}: 'long java.lang.invoke.Invokers$Holder.invokeExact_MT(java.lang.Object, java.lang.Object)'> (0x000000074657ddc8) 
thrown [s\src\hotspot\share\interpreter\linkResolver.cpp, line 773]
Event: 24.687 Thread 0x0000018a88d3cf20 Exception <a 'java/lang/NoSuchMethodError'{0x00000007465a63c8}: static Lorg/gradle/internal/operations/OperationIdentifier;.<clinit>()V> (0x00000007465a63c8) 
thrown [s\src\hotspot\share\prims\jni.cpp, line 1111]
Event: 24.689 Thread 0x0000018a88d3cf20 Exception <a 'java/lang/NoSuchMethodError'{0x00000007465b11f0}: static Lorg/gradle/internal/build/event/types/DefaultBinaryPluginIdentifier;.<clinit>()V> (0x00000007465b11f0) 
thrown [s\src\hotspot\share\prims\jni.cpp, line 1111]
Event: 24.810 Thread 0x0000018a8a977ec0 Exception <a 'java/lang/IncompatibleClassChangeError'{0x000000074629b6a8}: Found class java.lang.Object, but interface was expected> (0x000000074629b6a8) 
thrown [s\src\hotspot\share\interpreter\linkResolver.cpp, line 840]
Event: 24.811 Thread 0x0000018a8a977ec0 Exception <a 'java/lang/NoSuchMethodError'{0x00000007463df0f8}: static Ljava/lang/Object;.<clinit>()V> (0x00000007463df0f8) 
thrown [s\src\hotspot\share\prims\jni.cpp, line 1111]
Event: 26.476 Thread 0x0000018a8a977ec0 Exception <a 'java/lang/NoSuchMethodError'{0x000000074ca593e8}: 'void java.lang.invoke.DirectMethodHandle$Holder.invokeStatic(java.lang.Object, java.lang.Object, int, int, java.lang.Object)'> (0x000000074ca593e8) 
thrown [s\src\hotspot\share\interpreter\linkResolver.cpp, line 773]

ZGC Phase Switch (0 events):
No events

VM Operations (20 events):
Event: 25.823 Executing VM operation: G1CollectForAllocation (G1 Evacuation Pause) done
Event: 25.992 Executing VM operation: G1CollectForAllocation (G1 Evacuation Pause)
Event: 26.034 Executing VM operation: G1CollectForAllocation (G1 Evacuation Pause) done
Event: 26.237 Executing VM operation: G1PauseRemark
Event: 26.245 Executing VM operation: G1PauseRemark done
Event: 26.313 Executing VM operation: G1PauseCleanup
Event: 26.313 Executing VM operation: G1PauseCleanup done
Event: 26.355 Executing VM operation: G1CollectForAllocation (G1 Evacuation Pause)
Event: 26.376 Executing VM operation: G1CollectForAllocation (G1 Evacuation Pause) done
Event: 26.441 Executing VM operation: G1CollectForAllocation (G1 Evacuation Pause)
Event: 26.470 Executing VM operation: G1CollectForAllocation (G1 Evacuation Pause) done
Event: 26.529 Executing VM operation: G1CollectForAllocation (G1 Evacuation Pause)
Event: 26.565 Executing VM operation: G1CollectForAllocation (G1 Evacuation Pause) done
Event: 27.180 Executing VM operation: G1PauseRemark
Event: 27.187 Executing VM operation: G1PauseRemark done
Event: 27.308 Executing VM operation: G1PauseCleanup
Event: 27.312 Executing VM operation: G1PauseCleanup done
Event: 27.321 Executing VM operation: G1CollectForAllocation (G1 Evacuation Pause)
Event: 27.359 Executing VM operation: G1CollectForAllocation (G1 Evacuation Pause) done
Event: 28.019 Executing VM operation: G1CollectForAllocation (G1 Evacuation Pause)

Memory protections (0 events):
No events

Nmethod flushes (20 events):
Event: 27.186 Thread 0x0000018a422210a0 flushing  nmethod 0x0000018a2d7b2b90
Event: 27.186 Thread 0x0000018a422210a0 flushing  nmethod 0x0000018a2d8beb90
Event: 27.186 Thread 0x0000018a422210a0 flushing  nmethod 0x0000018a2d9b1b10
Event: 27.186 Thread 0x0000018a422210a0 flushing  nmethod 0x0000018a2dad8010
Event: 27.186 Thread 0x0000018a422210a0 flushing  nmethod 0x0000018a2db0c190
Event: 27.186 Thread 0x0000018a422210a0 flushing  nmethod 0x0000018a2dca4910
Event: 27.186 Thread 0x0000018a422210a0 flushing  nmethod 0x0000018a2de7f190
Event: 27.186 Thread 0x0000018a422210a0 flushing  nmethod 0x0000018a2d4f3510
Event: 27.186 Thread 0x0000018a422210a0 flushing  nmethod 0x0000018a2d619e90
Event: 27.186 Thread 0x0000018a422210a0 flushing  nmethod 0x0000018a2d715d10
Event: 27.186 Thread 0x0000018a422210a0 flushing  nmethod 0x0000018a2d8df090
Event: 27.186 Thread 0x0000018a422210a0 flushing  nmethod 0x0000018a2d8e0190
Event: 27.186 Thread 0x0000018a422210a0 flushing  nmethod 0x0000018a2d90a110
Event: 27.186 Thread 0x0000018a422210a0 flushing  nmethod 0x0000018a2da91e90
Event: 27.186 Thread 0x0000018a422210a0 flushing  nmethod 0x0000018a2dc10c10
Event: 27.186 Thread 0x0000018a422210a0 flushing  nmethod 0x0000018a2e03ba10
Event: 27.186 Thread 0x0000018a422210a0 flushing  nmethod 0x0000018a2e03de90
Event: 27.186 Thread 0x0000018a422210a0 flushing  nmethod 0x0000018a2e04d010
Event: 27.186 Thread 0x0000018a422210a0 flushing  nmethod 0x0000018a2e2b0890
Event: 27.186 Thread 0x0000018a422210a0 flushing  nmethod 0x0000018a2e2b1710

Events (20 events):
Event: 12.726 Thread 0x0000018a88d14ae0 Thread added: 0x0000018a8a9750d0
Event: 12.919 Thread 0x0000018a88d14ae0 Thread added: 0x0000018a8a975760
Event: 14.831 Thread 0x0000018a88d14ae0 Thread added: 0x0000018a8a976480
Event: 14.835 Thread 0x0000018a8a976480 Thread exited: 0x0000018a8a976480
Event: 14.944 Thread 0x0000018a88d14ae0 Thread added: 0x0000018a8a973690
Event: 15.045 Thread 0x0000018a88d14ae0 Thread added: 0x0000018a8a978be0
Event: 15.046 Thread 0x0000018a8a978be0 Thread exited: 0x0000018a8a978be0
Event: 16.309 Thread 0x0000018a88d14ae0 Thread added: 0x0000018a8a979900
Event: 20.347 Thread 0x0000018a88d14ae0 Thread added: 0x0000018a8a974a40
Event: 21.468 Thread 0x0000018a88d14ae0 Thread added: 0x0000018a8a978be0
Event: 22.519 Thread 0x0000018a88d14ae0 Thread added: 0x0000018a8a979f90
Event: 22.753 Thread 0x0000018a88d14ae0 Thread added: 0x0000018a8a973000
Event: 22.845 Thread 0x0000018a8a973000 Thread added: 0x0000018a8a976480
Event: 22.845 Thread 0x0000018a8a973000 Thread added: 0x0000018a8a976b10
Event: 22.870 Thread 0x0000018a8a976480 Thread added: 0x0000018a8a97a620
Event: 22.870 Thread 0x0000018a8a976480 Thread added: 0x0000018a8a977830
Event: 24.516 Thread 0x0000018a88d14ae0 Thread added: 0x0000018a8a977ec0
Event: 24.531 Thread 0x0000018a8a977ec0 Thread added: 0x0000018a8a978550
Event: 24.594 Thread 0x0000018a8a977ec0 Thread added: 0x0000018a8bffa2f0
Event: 27.753 Thread 0x0000018a8a977ec0 Thread added: 0x0000018a8bffa980


Dynamic libraries:
0x00007ff7b76c0000 - 0x00007ff7b76ce000 	C:\Program Files\Eclipse Adoptium\jdk-21.0.9.10-hotspot\bin\java.exe
0x00007ff94f690000 - 0x00007ff94f888000 	C:\Windows\SYSTEM32\ntdll.dll
0x00007ff94f580000 - 0x00007ff94f642000 	C:\Windows\System32\KERNEL32.DLL
0x00007ff94ceb0000 - 0x00007ff94d1a6000 	C:\Windows\System32\KERNELBASE.dll
0x00007ff94d5b0000 - 0x00007ff94d6b0000 	C:\Windows\System32\ucrtbase.dll
0x00007ff93f9d0000 - 0x00007ff93f9e8000 	C:\Program Files\Eclipse Adoptium\jdk-21.0.9.10-hotspot\bin\jli.dll
0x00007ff94d8d0000 - 0x00007ff94da71000 	C:\Windows\System32\USER32.dll
0x00007ff94cd20000 - 0x00007ff94cd42000 	C:\Windows\System32\win32u.dll
0x00007ff94e490000 - 0x00007ff94e4bb000 	C:\Windows\System32\GDI32.dll
0x00007ff94d2b0000 - 0x00007ff94d3c9000 	C:\Windows\System32\gdi32full.dll
0x00007ff94d450000 - 0x00007ff94d4ed000 	C:\Windows\System32\msvcp_win.dll
0x00007ff931db0000 - 0x00007ff931dce000 	C:\Program Files\Eclipse Adoptium\jdk-21.0.9.10-hotspot\bin\VCRUNTIME140.dll
0x00007ff927d10000 - 0x00007ff927fab000 	C:\Windows\WinSxS\amd64_microsoft.windows.common-controls_6595b64144ccf1df_6.0.19041.6456_none_60b8a6cb71f64256\COMCTL32.dll
0x00007ff94e1f0000 - 0x00007ff94e28e000 	C:\Windows\System32\msvcrt.dll
0x00007ff94e610000 - 0x00007ff94e63f000 	C:\Windows\System32\IMM32.DLL
0x00007ff948520000 - 0x00007ff94852c000 	C:\Program Files\Eclipse Adoptium\jdk-21.0.9.10-hotspot\bin\vcruntime140_1.dll
0x00007ff91d440000 - 0x00007ff91d4cd000 	C:\Program Files\Eclipse Adoptium\jdk-21.0.9.10-hotspot\bin\msvcp140.dll
0x00007ff8f6520000 - 0x00007ff8f72c0000 	C:\Program Files\Eclipse Adoptium\jdk-21.0.9.10-hotspot\bin\server\jvm.dll
0x00007ff94e2a0000 - 0x00007ff94e351000 	C:\Windows\System32\ADVAPI32.dll
0x00007ff94d6b0000 - 0x00007ff94d74f000 	C:\Windows\System32\sechost.dll
0x00007ff94ede0000 - 0x00007ff94ef00000 	C:\Windows\System32\RPCRT4.dll
0x00007ff94d4f0000 - 0x00007ff94d517000 	C:\Windows\System32\bcrypt.dll
0x00007ff94d800000 - 0x00007ff94d86b000 	C:\Windows\System32\WS2_32.dll
0x00007ff94cad0000 - 0x00007ff94cb1b000 	C:\Windows\SYSTEM32\POWRPROF.dll
0x00007ff93d820000 - 0x00007ff93d847000 	C:\Windows\SYSTEM32\WINMM.dll
0x00007ff947e90000 - 0x00007ff947e9a000 	C:\Windows\SYSTEM32\VERSION.dll
0x00007ff94cab0000 - 0x00007ff94cac2000 	C:\Windows\SYSTEM32\UMPDC.dll
0x00007ff94abb0000 - 0x00007ff94abc2000 	C:\Windows\SYSTEM32\kernel.appcore.dll
0x00007ff937540000 - 0x00007ff93754a000 	C:\Program Files\Eclipse Adoptium\jdk-21.0.9.10-hotspot\bin\jimage.dll
0x00007ff930780000 - 0x00007ff930981000 	C:\Windows\SYSTEM32\DBGHELP.DLL
0x00007ff930740000 - 0x00007ff930774000 	C:\Windows\SYSTEM32\dbgcore.DLL
0x00007ff94d520000 - 0x00007ff94d5a2000 	C:\Windows\System32\bcryptPrimitives.dll
0x00007ff936bc0000 - 0x00007ff936bcf000 	C:\Program Files\Eclipse Adoptium\jdk-21.0.9.10-hotspot\bin\instrument.dll
0x00007ff931a60000 - 0x00007ff931a80000 	C:\Program Files\Eclipse Adoptium\jdk-21.0.9.10-hotspot\bin\java.dll
0x00007ff94da80000 - 0x00007ff94e1f0000 	C:\Windows\System32\SHELL32.dll
0x00007ff94adb0000 - 0x00007ff94b555000 	C:\Windows\SYSTEM32\windows.storage.dll
0x00007ff94e760000 - 0x00007ff94eab4000 	C:\Windows\System32\combase.dll
0x00007ff94c670000 - 0x00007ff94c69b000 	C:\Windows\SYSTEM32\Wldp.dll
0x00007ff94f4b0000 - 0x00007ff94f57d000 	C:\Windows\System32\OLEAUT32.dll
0x00007ff94e6b0000 - 0x00007ff94e75d000 	C:\Windows\System32\SHCORE.dll
0x00007ff94d870000 - 0x00007ff94d8cb000 	C:\Windows\System32\shlwapi.dll
0x00007ff94cc50000 - 0x00007ff94cc74000 	C:\Windows\SYSTEM32\profapi.dll
0x00007ff917350000 - 0x00007ff917427000 	C:\Program Files\Eclipse Adoptium\jdk-21.0.9.10-hotspot\bin\jsvml.dll
0x00007ff9318b0000 - 0x00007ff9318c8000 	C:\Program Files\Eclipse Adoptium\jdk-21.0.9.10-hotspot\bin\zip.dll
0x00007ff931d30000 - 0x00007ff931d40000 	C:\Program Files\Eclipse Adoptium\jdk-21.0.9.10-hotspot\bin\net.dll
0x00007ff93f470000 - 0x00007ff93f57a000 	C:\Windows\SYSTEM32\WINHTTP.dll
0x00007ff94c3d0000 - 0x00007ff94c43a000 	C:\Windows\system32\mswsock.dll
0x00007ff930550000 - 0x00007ff930566000 	C:\Program Files\Eclipse Adoptium\jdk-21.0.9.10-hotspot\bin\nio.dll
0x00007ff930590000 - 0x00007ff9305a0000 	C:\Program Files\Eclipse Adoptium\jdk-21.0.9.10-hotspot\bin\verify.dll
0x00007ff931a80000 - 0x00007ff931aa7000 	C:\Users\Seusyn\.gradle\native\c067742578af261105cb4f569cf0c3c89f3d7b1fecec35dd04571415982c5e48\windows-amd64\native-platform.dll
0x00007ff916d40000 - 0x00007ff916e84000 	C:\Users\Seusyn\.gradle\native\100fb08df4bc3b14c8652ba06237920a3bd2aa13389f12d3474272988ae205f9\windows-amd64\native-platform-file-events.dll
0x00007ff92fb90000 - 0x00007ff92fb9a000 	C:\Program Files\Eclipse Adoptium\jdk-21.0.9.10-hotspot\bin\management.dll
0x00007ff92fb80000 - 0x00007ff92fb8c000 	C:\Program Files\Eclipse Adoptium\jdk-21.0.9.10-hotspot\bin\management_ext.dll
0x00007ff94e480000 - 0x00007ff94e488000 	C:\Windows\System32\PSAPI.DLL
0x00007ff94c5c0000 - 0x00007ff94c5d8000 	C:\Windows\SYSTEM32\CRYPTSP.dll
0x00007ff94bcf0000 - 0x00007ff94bd28000 	C:\Windows\system32\rsaenh.dll
0x00007ff94cbd0000 - 0x00007ff94cbfe000 	C:\Windows\SYSTEM32\USERENV.dll
0x00007ff94c5e0000 - 0x00007ff94c5ec000 	C:\Windows\SYSTEM32\CRYPTBASE.dll
0x00007ff94c0b0000 - 0x00007ff94c0eb000 	C:\Windows\SYSTEM32\IPHLPAPI.DLL
0x00007ff94e290000 - 0x00007ff94e298000 	C:\Windows\System32\NSI.dll
0x00007ff92fb70000 - 0x00007ff92fb79000 	C:\Program Files\Eclipse Adoptium\jdk-21.0.9.10-hotspot\bin\extnet.dll
0x00007ff92faf0000 - 0x00007ff92fafe000 	C:\Program Files\Eclipse Adoptium\jdk-21.0.9.10-hotspot\bin\sunmscapi.dll
0x00007ff94cd50000 - 0x00007ff94cead000 	C:\Windows\System32\CRYPT32.dll
0x00007ff94c6e0000 - 0x00007ff94c707000 	C:\Windows\SYSTEM32\ncrypt.dll
0x00007ff94c6a0000 - 0x00007ff94c6db000 	C:\Windows\SYSTEM32\NTASN1.dll
0x00007ff918350000 - 0x00007ff918357000 	C:\Windows\system32\wshunix.dll
0x00007ff94c0f0000 - 0x00007ff94c1ba000 	C:\Windows\SYSTEM32\DNSAPI.dll
0x00007ff93ee00000 - 0x00007ff93ee0a000 	C:\Windows\System32\rasadhlp.dll
0x00007ff93f030000 - 0x00007ff93f0b0000 	C:\Windows\System32\fwpuclnt.dll
0x00007ff94a310000 - 0x00007ff94a3a4000 	C:\Windows\system32\apphelp.dll

JVMTI agents:
C:\Users\Seusyn\.gradle\wrapper\dists\gradle-8.8-bin\dl7vupf4psengwqhwktix4v1\gradle-8.8\lib\agents\gradle-instrumentation-agent-8.8.jar path:C:\Program Files\Eclipse Adoptium\jdk-21.0.9.10-hotspot\bin\instrument.dll, loaded, initialized, instrumentlib options:none

dbghelp: loaded successfully - version: 4.0.5 - missing functions: none
symbol engine: initialized successfully - sym options: 0x614 - pdb path: .;C:\Program Files\Eclipse Adoptium\jdk-21.0.9.10-hotspot\bin;C:\Windows\SYSTEM32;C:\Windows\WinSxS\amd64_microsoft.windows.common-controls_6595b64144ccf1df_6.0.19041.6456_none_60b8a6cb71f64256;C:\Program Files\Eclipse Adoptium\jdk-21.0.9.10-hotspot\bin\server;C:\Users\Seusyn\.gradle\native\c067742578af261105cb4f569cf0c3c89f3d7b1fecec35dd04571415982c5e48\windows-amd64;C:\Users\Seusyn\.gradle\native\100fb08df4bc3b14c8652ba06237920a3bd2aa13389f12d3474272988ae205f9\windows-amd64

VM Arguments:
jvm_args: --add-opens=java.base/java.util=ALL-UNNAMED --add-opens=java.base/java.lang=ALL-UNNAMED --add-opens=java.base/java.lang.invoke=ALL-UNNAMED --add-opens=java.prefs/java.util.prefs=ALL-UNNAMED --add-opens=java.base/java.nio.charset=ALL-UNNAMED --add-opens=java.base/java.net=ALL-UNNAMED --add-opens=java.base/java.util.concurrent.atomic=ALL-UNNAMED -Xmx3G -Dfile.encoding=UTF-8 -Duser.country=FR -Duser.language=fr -Duser.variant -javaagent:C:\Users\Seusyn\.gradle\wrapper\dists\gradle-8.8-bin\dl7vupf4psengwqhwktix4v1\gradle-8.8\lib\agents\gradle-instrumentation-agent-8.8.jar 
java_command: org.gradle.launcher.daemon.bootstrap.GradleDaemon 8.8
java_class_path (initial): C:\Users\Seusyn\.gradle\wrapper\dists\gradle-8.8-bin\dl7vupf4psengwqhwktix4v1\gradle-8.8\lib\gradle-launcher-8.8.jar
Launcher Type: SUN_STANDARD

[Global flags]
     intx CICompilerCount                          = 2                                         {product} {ergonomic}
     uint ConcGCThreads                            = 1                                         {product} {ergonomic}
     uint G1ConcRefinementThreads                  = 2                                         {product} {ergonomic}
   size_t G1HeapRegionSize                         = 2097152                                   {product} {ergonomic}
    uintx GCDrainStackTargetSize                   = 64                                        {product} {ergonomic}
   size_t InitialHeapSize                          = 266338304                                 {product} {ergonomic}
   size_t MarkStackSize                            = 4194304                                   {product} {ergonomic}
   size_t MaxHeapSize                              = 3221225472                                {product} {command line}
   size_t MaxNewSize                               = 1931476992                                {product} {ergonomic}
   size_t MinHeapDeltaBytes                        = 2097152                                   {product} {ergonomic}
   size_t MinHeapSize                              = 8388608                                   {product} {ergonomic}
    uintx NonNMethodCodeHeapSize                   = 5826188                                {pd product} {ergonomic}
    uintx NonProfiledCodeHeapSize                  = 122916026                              {pd product} {ergonomic}
    uintx ProfiledCodeHeapSize                     = 122916026                              {pd product} {ergonomic}
    uintx ReservedCodeCacheSize                    = 251658240                              {pd product} {ergonomic}
     bool SegmentedCodeCache                       = true                                      {product} {ergonomic}
   size_t SoftMaxHeapSize                          = 3221225472                             {manageable} {ergonomic}
     bool UseCompressedOops                        = true                           {product lp64_product} {ergonomic}
     bool UseG1GC                                  = true                                      {product} {ergonomic}
     bool UseLargePagesIndividualAllocation        = false                                  {pd product} {ergonomic}

Logging:
Log output configuration:
 #0: stdout all=warning uptime,level,tags foldmultilines=false
 #1: stderr all=off uptime,level,tags foldmultilines=false

Release file:
IMPLEMENTOR="Eclipse Adoptium" 
IMPLEMENTOR_VERSION="Temurin-21.0.9+10" 
JAVA_RUNTIME_VERSION="21.0.9+10-LTS" 
JAVA_VERSION="21.0.9" 
JAVA_VERSION_DATE="2025-10-21" 
LIBC="default" 
MODULES="java.base java.compiler java.datatransfer java.xml java.prefs java.desktop java.instrument java.logging java.management java.security.sasl java.naming java.rmi java.management.rmi java.net.http java.scripting java.security.jgss java.transaction.xa java.sql java.sql.rowset java.xml.crypto java.se java.smartcardio jdk.accessibility jdk.internal.jvmstat jdk.attach jdk.charsets jdk.internal.opt jdk.zipfs jdk.compiler jdk.crypto.ec jdk.crypto.cryptoki jdk.crypto.mscapi jdk.dynalink jdk.internal.ed jdk.editpad jdk.hotspot.agent jdk.httpserver jdk.incubator.vector jdk.internal.le jdk.internal.vm.ci jdk.internal.vm.compiler jdk.internal.vm.compiler.management jdk.jartool jdk.javadoc jdk.jcmd jdk.management jdk.management.agent jdk.jconsole jdk.jdeps jdk.jdwp.agent jdk.jdi jdk.jfr jdk.jlink jdk.jpackage jdk.jshell jdk.jsobject jdk.jstatd jdk.localedata jdk.management.jfr jdk.naming.dns jdk.naming.rmi jdk.net jdk.nio.mapmode jdk.random jdk.sctp jdk.security.auth jdk.security.jgss jdk.unsupported jdk.unsupported.desktop jdk.xml.dom" 
OS_ARCH="x86_64" 
OS_NAME="Windows" 
SOURCE=".:git:759062135b07" 
BUILD_SOURCE="git:839fa0b45d809157cffd3dc8515aad262a4a1776"
BUILD_SOURCE_REPO="https://github.com/adoptium/temurin-build.git"
SOURCE_REPO="https://github.com/adoptium/jdk21u.git"
FULL_VERSION="21.0.9+10-LTS"
SEMANTIC_VERSION="21.0.9+10"
BUILD_INFO="OS: Windows Server 2022 Version: 10.0"
JVM_VARIANT="Hotspot"
JVM_VERSION="21.0.9+10-LTS"
IMAGE_TYPE="JDK"

Environment Variables:
JAVA_HOME=C:\Program Files\Eclipse Adoptium\jdk-21.0.9.10-hotspot\
PATH=C:\Program Files\Eclipse Adoptium\jdk-21.0.9.10-hotspot\bin;C:\Program Files (x86)\Common Files\Oracle\Java\java8path;C:\Program Files (x86)\Common Files\Oracle\Java\javapath;C:\WINDOWS\system32;C:\WINDOWS;C:\WINDOWS\System32\Wbem;C:\WINDOWS\System32\WindowsPowerShell\v1.0\;C:\Program Files (x86)\NVIDIA Corporation\PhysX\Common;C:\Program Files\dotnet\;C:\Program Files\Git\cmd;C:\Ruby34-x64\bin;C:\Users\Seusyn\AppData\Local\Microsoft\WindowsApps;C:\Users\Seusyn\AppData\Local\Programs\Microsoft VS Code\bin;C:\Users\Seusyn\AppData\Local\GitHubDesktop\bin
USERNAME=Seusyn
OS=Windows_NT
PROCESSOR_IDENTIFIER=Intel64 Family 6 Model 158 Stepping 11, GenuineIntel
TMP=C:\Users\Seusyn\AppData\Local\Temp
TEMP=C:\Users\Seusyn\AppData\Local\Temp




Periodic native trim disabled

---------------  S Y S T E M  ---------------

OS:
 Windows 10 , 64 bit Build 19041 (10.0.19041.5915)
OS uptime: 2 days 22:01 hours

CPU: total 2 (initial active 2) (2 cores per cpu, 1 threads per core) family 6 model 158 stepping 11 microcode 0xb4, cx8, cmov, fxsr, mmx, 3dnowpref, sse, sse2, sse3, ssse3, sse4.1, sse4.2, popcnt, lzcnt, tsc, tscinvbit, aes, erms, clmul, clflush, clflushopt, rdtscp
Processor Information for the first 2 processors :
  Max Mhz: 3096, Current Mhz: 3096, Mhz Limit: 3096

Memory: 4k page, system-wide physical 16251M (734M free)
TotalPageFile size 31251M (AvailPageFile size 486M)
current process WorkingSet (physical memory assigned to process): 534M, peak: 534M
current process commit charge ("private bytes"): 577M, peak: 1205M

vm_info: OpenJDK 64-Bit Server VM (21.0.9+10-LTS) for windows-amd64 JRE (21.0.9+10-LTS), built on 2025-10-21T00:00:00Z by "admin" with unknown MS VC++:1942

END.
