#
# There is insufficient memory for the Java Runtime Environment to continue.
# Native memory allocation (malloc) failed to allocate 32744 bytes. Error detail: Chunk::new
# Possible reasons:
#   The system is out of physical RAM or swap space
#   This process is running with CompressedOops enabled, and the Java Heap may be blocking the growth of the native heap
# Possible solutions:
#   Reduce memory load on the system
#   Increase physical memory or swap space
#   Check if swap backing store is full
#   Decrease Java heap size (-Xmx/-Xms)
#   Decrease number of Java threads
#   Decrease Java thread stack sizes (-Xss)
#   Set larger code cache with -XX:ReservedCodeCacheSize=
#   JVM is running with Zero Based Compressed Oops mode in which the Java heap is
#     placed in the first 32GB address space. The Java Heap base address is the
#     maximum limit for the native heap growth. Please use -XX:HeapBaseMinAddress
#     to set the Java Heap base and to place the Java Heap above 32GB virtual address.
# This output file may be truncated or incomplete.
#
#  Out of Memory Error (arena.cpp:168), pid=16624, tid=5232
#
# JRE version: OpenJDK Runtime Environment Temurin-21.0.9+10 (21.0.9+10) (build 21.0.9+10-LTS)
# Java VM: OpenJDK 64-Bit Server VM Temurin-21.0.9+10 (21.0.9+10-LTS, mixed mode, sharing, tiered, compressed oops, compressed class ptrs, g1 gc, windows-amd64)
# No core dump will be written. Minidumps are not enabled by default on client versions of Windows
#

---------------  S U M M A R Y ------------

Command Line: --add-opens=java.base/java.util=ALL-UNNAMED --add-opens=java.base/java.lang=ALL-UNNAMED --add-opens=java.base/java.lang.invoke=ALL-UNNAMED --add-opens=java.prefs/java.util.prefs=ALL-UNNAMED --add-opens=java.base/java.nio.charset=ALL-UNNAMED --add-opens=java.base/java.net=ALL-UNNAMED --add-opens=java.base/java.util.concurrent.atomic=ALL-UNNAMED -Xmx3G -Dfile.encoding=UTF-8 -Duser.country=FR -Duser.language=fr -Duser.variant -javaagent:C:\Users\Seusyn\.gradle\wrapper\dists\gradle-8.8-bin\dl7vupf4psengwqhwktix4v1\gradle-8.8\lib\agents\gradle-instrumentation-agent-8.8.jar org.gradle.launcher.daemon.bootstrap.GradleDaemon 8.8

Host: Intel(R) Celeron(R) G4900 CPU @ 3.10GHz, 2 cores, 15G,  Windows 10 , 64 bit Build 19041 (10.0.19041.5915)
Time: Thu Feb 12 15:49:42 2026 Paris, Madrid elapsed time: 178.718879 seconds (0d 0h 2m 58s)

---------------  T H R E A D  ---------------

Current thread (0x000001fc677179d0):  JavaThread "C1 CompilerThread0" daemon [_thread_in_native, id=5232, stack(0x0000008eedd00000,0x0000008eede00000) (1024K)]


Current CompileTask:
C1:178718 10466   !   3       java.io.ObjectOutputStream::writeObject0 (620 bytes)

Stack: [0x0000008eedd00000,0x0000008eede00000]
Native frames: (J=compiled Java code, j=interpreted, Vv=VM code, C=native code)
V  [jvm.dll+0x6d6e29]
V  [jvm.dll+0x8b4b76]
V  [jvm.dll+0x8b712e]
V  [jvm.dll+0x8b7813]
V  [jvm.dll+0x283d86]
V  [jvm.dll+0xc66ed]
V  [jvm.dll+0xc6c31]
V  [jvm.dll+0x19c30c]
V  [jvm.dll+0x19a11d]
V  [jvm.dll+0x19a4ca]
V  [jvm.dll+0x19c71e]
V  [jvm.dll+0x157375]
V  [jvm.dll+0x156c17]
V  [jvm.dll+0x156e44]
V  [jvm.dll+0x15625c]
V  [jvm.dll+0x157fed]
V  [jvm.dll+0x25b29d]
V  [jvm.dll+0x25982a]
V  [jvm.dll+0x3f7ea6]
V  [jvm.dll+0x85e9ad]
V  [jvm.dll+0x6d565d]
C  [ucrtbase.dll+0x21bb2]
C  [KERNEL32.DLL+0x17374]
C  [ntdll.dll+0x4cc91]


---------------  P R O C E S S  ---------------

Threads class SMR info:
_java_thread_list=0x000001fc706112c0, length=55, elements={
0x000001fc480534d0, 0x000001fc677001f0, 0x000001fc677031c0, 0x000001fc67704f30,
0x000001fc67705d20, 0x000001fc67706920, 0x000001fc67707370, 0x000001fc67711110,
0x000001fc677179d0, 0x000001fc678df4f0, 0x000001fc67936270, 0x000001fc6c77cc30,
0x000001fc6cae6be0, 0x000001fc6d675970, 0x000001fc6d693930, 0x000001fc6d696370,
0x000001fc6d779fc0, 0x000001fc6d77a620, 0x000001fc6780e000, 0x000001fc6780ed20,
0x000001fc6780d970, 0x000001fc6780e690, 0x000001fc6780f3b0, 0x000001fc6780cc50,
0x000001fc6780fa40, 0x000001fc6780d2e0, 0x000001fc6780c5c0, 0x000001fc6db087e0,
0x000001fc6db0d010, 0x000001fc6db07ac0, 0x000001fc6db08e70, 0x000001fc6db0a220,
0x000001fc6db06da0, 0x000001fc6db0c2f0, 0x000001fc6db0b5d0, 0x000001fc6db08150,
0x000001fc6db09b90, 0x000001fc6db0bc60, 0x000001fc6db0c980, 0x000001fc6db06080,
0x000001fc6db09500, 0x000001fc6db06710, 0x000001fc6db07430, 0x000001fc6f85ae70,
0x000001fc6f85f010, 0x000001fc6f859430, 0x000001fc6f859ac0, 0x000001fc6f85d5d0,
0x000001fc6f85dc60, 0x000001fc6f85e980, 0x000001fc6f85f6a0, 0x000001fc6f858710,
0x000001fc6f85fd30, 0x000001fc6f85c220, 0x000001fc6f85a150
}

Java Threads: ( => current thread )
  0x000001fc480534d0 JavaThread "main"                              [_thread_blocked, id=9992, stack(0x0000008eece00000,0x0000008eecf00000) (1024K)]
  0x000001fc677001f0 JavaThread "Reference Handler"          daemon [_thread_blocked, id=11852, stack(0x0000008eed600000,0x0000008eed700000) (1024K)]
  0x000001fc677031c0 JavaThread "Finalizer"                  daemon [_thread_blocked, id=2388, stack(0x0000008eed700000,0x0000008eed800000) (1024K)]
  0x000001fc67704f30 JavaThread "Signal Dispatcher"          daemon [_thread_blocked, id=17740, stack(0x0000008eed800000,0x0000008eed900000) (1024K)]
  0x000001fc67705d20 JavaThread "Attach Listener"            daemon [_thread_blocked, id=16956, stack(0x0000008eed900000,0x0000008eeda00000) (1024K)]
  0x000001fc67706920 JavaThread "Service Thread"             daemon [_thread_blocked, id=5332, stack(0x0000008eeda00000,0x0000008eedb00000) (1024K)]
  0x000001fc67707370 JavaThread "Monitor Deflation Thread"   daemon [_thread_blocked, id=7184, stack(0x0000008eedb00000,0x0000008eedc00000) (1024K)]
  0x000001fc67711110 JavaThread "C2 CompilerThread0"         daemon [_thread_in_native, id=15976, stack(0x0000008eedc00000,0x0000008eedd00000) (1024K)]
=>0x000001fc677179d0 JavaThread "C1 CompilerThread0"         daemon [_thread_in_native, id=5232, stack(0x0000008eedd00000,0x0000008eede00000) (1024K)]
  0x000001fc678df4f0 JavaThread "Common-Cleaner"             daemon [_thread_blocked, id=9408, stack(0x0000008eede00000,0x0000008eedf00000) (1024K)]
  0x000001fc67936270 JavaThread "Notification Thread"        daemon [_thread_blocked, id=8756, stack(0x0000008eedf00000,0x0000008eee000000) (1024K)]
  0x000001fc6c77cc30 JavaThread "Daemon health stats"               [_thread_blocked, id=2812, stack(0x0000008eee100000,0x0000008eee200000) (1024K)]
  0x000001fc6cae6be0 JavaThread "Incoming local TCP Connector on port 54629"        [_thread_in_native, id=952, stack(0x0000008eee200000,0x0000008eee300000) (1024K)]
  0x000001fc6d675970 JavaThread "Daemon periodic checks"            [_thread_blocked, id=16556, stack(0x0000008eee300000,0x0000008eee400000) (1024K)]
  0x000001fc6d693930 JavaThread "Daemon"                            [_thread_blocked, id=10092, stack(0x0000008eee400000,0x0000008eee500000) (1024K)]
  0x000001fc6d696370 JavaThread "Handler for socket connection from /127.0.0.1:54629 to /127.0.0.1:54630"        [_thread_in_native, id=13832, stack(0x0000008eee500000,0x0000008eee600000) (1024K)]
  0x000001fc6d779fc0 JavaThread "Cancel handler"                    [_thread_blocked, id=12460, stack(0x0000008eee600000,0x0000008eee700000) (1024K)]
  0x000001fc6d77a620 JavaThread "Daemon worker"                     [_thread_blocked, id=14812, stack(0x0000008eee700000,0x0000008eee800000) (1024K)]
  0x000001fc6780e000 JavaThread "Asynchronous log dispatcher for DefaultDaemonConnection: socket connection from /127.0.0.1:54629 to /127.0.0.1:54630"        [_thread_blocked, id=15500, stack(0x0000008eee800000,0x0000008eee900000) (1024K)]
  0x000001fc6780ed20 JavaThread "Stdin handler"                     [_thread_blocked, id=13148, stack(0x0000008eee900000,0x0000008eeea00000) (1024K)]
  0x000001fc6780d970 JavaThread "Daemon client event forwarder"        [_thread_blocked, id=7388, stack(0x0000008eeea00000,0x0000008eeeb00000) (1024K)]
  0x000001fc6780e690 JavaThread "Cache worker for journal cache (C:\Users\Seusyn\.gradle\caches\journal-1)"        [_thread_blocked, id=17076, stack(0x0000008eeeb00000,0x0000008eeec00000) (1024K)]
  0x000001fc6780f3b0 JavaThread "File lock request listener"        [_thread_in_native, id=6508, stack(0x0000008eeec00000,0x0000008eeed00000) (1024K)]
  0x000001fc6780cc50 JavaThread "Cache worker for file hash cache (C:\Users\Seusyn\.gradle\caches\8.8\fileHashes)"        [_thread_blocked, id=17912, stack(0x0000008eeed00000,0x0000008eeee00000) (1024K)]
  0x000001fc6780fa40 JavaThread "Cache worker for file hash cache (C:\Users\Seusyn\Documents\Magius World\.gradle\8.8\fileHashes)"        [_thread_blocked, id=11820, stack(0x0000008eeee00000,0x0000008eeef00000) (1024K)]
  0x000001fc6780d2e0 JavaThread "File watcher server"        daemon [_thread_in_native, id=7848, stack(0x0000008eeef00000,0x0000008eef000000) (1024K)]
  0x000001fc6780c5c0 JavaThread "File watcher consumer"      daemon [_thread_blocked, id=9480, stack(0x0000008eef000000,0x0000008eef100000) (1024K)]
  0x000001fc6db087e0 JavaThread "Cache worker for checksums cache (C:\Users\Seusyn\Documents\Magius World\.gradle\8.8\checksums)"        [_thread_blocked, id=11672, stack(0x0000008eef100000,0x0000008eef200000) (1024K)]
  0x000001fc6db0d010 JavaThread "Cache worker for file content cache (C:\Users\Seusyn\.gradle\caches\8.8\fileContent)"        [_thread_blocked, id=4000, stack(0x0000008eef200000,0x0000008eef300000) (1024K)]
  0x000001fc6db07ac0 JavaThread "Cache worker for cache directory md-rule (C:\Users\Seusyn\.gradle\caches\8.8\md-rule)"        [_thread_blocked, id=17120, stack(0x0000008eef300000,0x0000008eef400000) (1024K)]
  0x000001fc6db08e70 JavaThread "Cache worker for cache directory md-supplier (C:\Users\Seusyn\.gradle\caches\8.8\md-supplier)"        [_thread_blocked, id=6456, stack(0x0000008eef400000,0x0000008eef500000) (1024K)]
  0x000001fc6db0a220 JavaThread "jar transforms"                    [_thread_blocked, id=3492, stack(0x0000008eef500000,0x0000008eef600000) (1024K)]
  0x000001fc6db06da0 JavaThread "jar transforms Thread 2"           [_thread_blocked, id=5148, stack(0x0000008eef600000,0x0000008eef700000) (1024K)]
  0x000001fc6db0c2f0 JavaThread "Unconstrained build operations"        [_thread_blocked, id=1856, stack(0x0000008eef700000,0x0000008eef800000) (1024K)]
  0x000001fc6db0b5d0 JavaThread "Unconstrained build operations Thread 2"        [_thread_blocked, id=12312, stack(0x0000008eef800000,0x0000008eef900000) (1024K)]
  0x000001fc6db08150 JavaThread "Unconstrained build operations Thread 3"        [_thread_blocked, id=17644, stack(0x0000008eef900000,0x0000008eefa00000) (1024K)]
  0x000001fc6db09b90 JavaThread "Cache worker for Build Output Cleanup Cache (C:\Users\Seusyn\Documents\Magius World\.gradle\buildOutputCleanup)"        [_thread_blocked, id=420, stack(0x0000008eefa00000,0x0000008eefb00000) (1024K)]
  0x000001fc6db0bc60 JavaThread "Unconstrained build operations Thread 4"        [_thread_blocked, id=10048, stack(0x0000008eefb00000,0x0000008eefc00000) (1024K)]
  0x000001fc6db0c980 JavaThread "Unconstrained build operations Thread 5"        [_thread_blocked, id=3456, stack(0x0000008eefc00000,0x0000008eefd00000) (1024K)]
  0x000001fc6db06080 JavaThread "Unconstrained build operations Thread 6"        [_thread_blocked, id=9392, stack(0x0000008eefd00000,0x0000008eefe00000) (1024K)]
  0x000001fc6db09500 JavaThread "Memory manager"                    [_thread_blocked, id=15872, stack(0x0000008eeff00000,0x0000008ef0000000) (1024K)]
  0x000001fc6db06710 JavaThread "Unconstrained build operations Thread 7"        [_thread_blocked, id=18004, stack(0x0000008ef0000000,0x0000008ef0100000) (1024K)]
  0x000001fc6db07430 JavaThread "Unconstrained build operations Thread 8"        [_thread_blocked, id=16664, stack(0x0000008ef0100000,0x0000008ef0200000) (1024K)]
  0x000001fc6f85ae70 JavaThread "Unconstrained build operations Thread 9"        [_thread_blocked, id=13876, stack(0x0000008ef0200000,0x0000008ef0300000) (1024K)]
  0x000001fc6f85f010 JavaThread "Exec process"               daemon [_thread_in_native, id=5732, stack(0x0000008ef0400000,0x0000008ef0500000) (1024K)]
  0x000001fc6f859430 JavaThread "Exec process Thread 3"      daemon [_thread_blocked, id=11096, stack(0x0000008ef0700000,0x0000008ef0800000) (1024K)]
  0x000001fc6f859ac0 JavaThread "included builds"                   [_thread_blocked, id=13080, stack(0x0000008ef0800000,0x0000008ef0900000) (1024K)]
  0x000001fc6f85d5d0 JavaThread "Execution worker"                  [_thread_blocked, id=5136, stack(0x0000008ef0900000,0x0000008ef0a00000) (1024K)]
  0x000001fc6f85dc60 JavaThread "Cache worker for execution history cache (C:\Users\Seusyn\Documents\Magius World\.gradle\8.8\executionHistory)"        [_thread_blocked, id=7108, stack(0x0000008ef0a00000,0x0000008ef0b00000) (1024K)]
  0x000001fc6f85e980 JavaThread "Exec process Thread 4"      daemon [_thread_blocked, id=14452, stack(0x0000008ef0c00000,0x0000008ef0d00000) (1024K)]
  0x000001fc6f85f6a0 JavaThread "/127.0.0.1:54671 to /127.0.0.1:54672 workers"        [_thread_blocked, id=9420, stack(0x0000008ef0b00000,0x0000008ef0c00000) (1024K)]
  0x000001fc6f858710 JavaThread "/127.0.0.1:54671 to /127.0.0.1:54672 workers Thread 2"        [_thread_blocked, id=6040, stack(0x0000008ef0d00000,0x0000008ef0e00000) (1024K)]
  0x000001fc6f85fd30 JavaThread "/127.0.0.1:54671 to /127.0.0.1:54672 workers Thread 3"        [_thread_blocked, id=10376, stack(0x0000008ef0e00000,0x0000008ef0f00000) (1024K)]
  0x000001fc6f85c220 JavaThread "/127.0.0.1:54671 to /127.0.0.1:54672 workers Thread 4"        [_thread_blocked, id=1596, stack(0x0000008ef0f00000,0x0000008ef1000000) (1024K)]
  0x000001fc6f85a150 JavaThread "/127.0.0.1:54671 to /127.0.0.1:54672 workers Thread 5"        [_thread_blocked, id=14348, stack(0x0000008ef1000000,0x0000008ef1100000) (1024K)]
Total: 55

Other Threads:
  0x000001fc676e3e30 VMThread "VM Thread"                           [id=17596, stack(0x0000008eed500000,0x0000008eed600000) (1024K)]
  0x000001fc676d2f00 WatcherThread "VM Periodic Task Thread"        [id=18056, stack(0x0000008eed400000,0x0000008eed500000) (1024K)]
  0x000001fc4a2c4710 WorkerThread "GC Thread#0"                     [id=12268, stack(0x0000008eecf00000,0x0000008eed000000) (1024K)]
  0x000001fc67a20e60 WorkerThread "GC Thread#1"                     [id=16776, stack(0x0000008eee000000,0x0000008eee100000) (1024K)]
  0x000001fc4a2d1600 ConcurrentGCThread "G1 Main Marker"            [id=10980, stack(0x0000008eed000000,0x0000008eed100000) (1024K)]
  0x000001fc4a2d21c0 WorkerThread "G1 Conc#0"                       [id=11692, stack(0x0000008eed100000,0x0000008eed200000) (1024K)]
  0x000001fc4a33eb90 ConcurrentGCThread "G1 Refine#0"               [id=6804, stack(0x0000008eed200000,0x0000008eed300000) (1024K)]
  0x000001fc675a68d0 ConcurrentGCThread "G1 Service"                [id=16700, stack(0x0000008eed300000,0x0000008eed400000) (1024K)]
Total: 8

Threads with active compile tasks:
C2 CompilerThread0  178773 10451       4       org.gradle.internal.logging.text.AbstractLineChoppingStyledTextOutput::doAppend (43 bytes)
C1 CompilerThread0  178773 10466   !   3       java.io.ObjectOutputStream::writeObject0 (620 bytes)
Total: 2

VM state: not at safepoint (normal execution)

VM Mutex/Monitor currently owned by a thread: None

Heap address: 0x0000000740000000, size: 3072 MB, Compressed Oops mode: Zero based, Oop shift amount: 3

CDS archive(s) mapped at: [0x000001fc00000000-0x000001fc00c80000-0x000001fc00c80000), size 13107200, SharedBaseAddress: 0x000001fc00000000, ArchiveRelocationMode: 1.
Compressed class space mapped at: 0x000001fc01000000-0x000001fc41000000, reserved size: 1073741824
Narrow klass base: 0x000001fc00000000, Narrow klass shift: 0, Narrow klass range: 0x100000000

GC Precious Log:
 CardTable entry size: 512
 Card Set container configuration: InlinePtr #cards 4 size 8 Array Of Cards #cards 16 size 48 Howl #buckets 8 coarsen threshold 3686 Howl Bitmap #cards 512 size 80 coarsen threshold 460 Card regions per heap region 1 cards per card region 4096
 CPUs: 2 total, 2 available
 Memory: 16251M
 Large Page Support: Disabled
 NUMA Support: Disabled
 Compressed Oops: Enabled (Zero based)
 Heap Region Size: 2M
 Heap Min Capacity: 8M
 Heap Initial Capacity: 254M
 Heap Max Capacity: 3G
 Pre-touch: Disabled
 Parallel Workers: 2
 Concurrent Workers: 1
 Concurrent Refinement Workers: 2
 Periodic GC: Disabled

Heap:
 garbage-first heap   total 585728K, used 214016K [0x0000000740000000, 0x0000000800000000)
  region size 2048K, 17 young (34816K), 6 survivors (12288K)
 Metaspace       used 73683K, committed 75776K, reserved 1114112K
  class space    used 10434K, committed 11456K, reserved 1048576K

Heap Regions: E=young(eden), S=young(survivor), O=old, HS=humongous(starts), HC=humongous(continues), CS=collection set, F=free, TAMS=top-at-mark-start, PB=parsable bottom
|   0|0x0000000740000000, 0x0000000740200000, 0x0000000740200000|100%|HS|  |TAMS 0x0000000740000000| PB 0x0000000740000000| Complete 
|   1|0x0000000740200000, 0x0000000740400000, 0x0000000740400000|100%|HC|  |TAMS 0x0000000740200000| PB 0x0000000740200000| Complete 
|   2|0x0000000740400000, 0x0000000740600000, 0x0000000740600000|100%| O|  |TAMS 0x0000000740400000| PB 0x0000000740400000| Untracked 
|   3|0x0000000740600000, 0x0000000740800000, 0x0000000740800000|100%| O|  |TAMS 0x0000000740600000| PB 0x0000000740600000| Untracked 
|   4|0x0000000740800000, 0x0000000740a00000, 0x0000000740a00000|100%| O|  |TAMS 0x0000000740800000| PB 0x0000000740800000| Untracked 
|   5|0x0000000740a00000, 0x0000000740c00000, 0x0000000740c00000|100%| O|  |TAMS 0x0000000740a00000| PB 0x0000000740a00000| Untracked 
|   6|0x0000000740c00000, 0x0000000740e00000, 0x0000000740e00000|100%| O|  |TAMS 0x0000000740c00000| PB 0x0000000740c00000| Untracked 
|   7|0x0000000740e00000, 0x0000000741000000, 0x0000000741000000|100%| O|  |TAMS 0x0000000740e00000| PB 0x0000000740e00000| Untracked 
|   8|0x0000000741000000, 0x0000000741200000, 0x0000000741200000|100%| O|  |TAMS 0x0000000741000000| PB 0x0000000741000000| Untracked 
|   9|0x0000000741200000, 0x0000000741400000, 0x0000000741400000|100%| O|  |TAMS 0x0000000741200000| PB 0x0000000741200000| Untracked 
|  10|0x0000000741400000, 0x0000000741600000, 0x0000000741600000|100%| O|  |TAMS 0x0000000741400000| PB 0x0000000741400000| Untracked 
|  11|0x0000000741600000, 0x0000000741800000, 0x0000000741800000|100%| O|  |TAMS 0x0000000741600000| PB 0x0000000741600000| Untracked 
|  12|0x0000000741800000, 0x0000000741a00000, 0x0000000741a00000|100%| O|  |TAMS 0x0000000741800000| PB 0x0000000741800000| Untracked 
|  13|0x0000000741a00000, 0x0000000741c00000, 0x0000000741c00000|100%| O|  |TAMS 0x0000000741a00000| PB 0x0000000741a00000| Untracked 
|  14|0x0000000741c00000, 0x0000000741e00000, 0x0000000741e00000|100%| O|  |TAMS 0x0000000741c00000| PB 0x0000000741c00000| Untracked 
|  15|0x0000000741e00000, 0x0000000742000000, 0x0000000742000000|100%| O|  |TAMS 0x0000000741e00000| PB 0x0000000741e00000| Untracked 
|  16|0x0000000742000000, 0x0000000742200000, 0x0000000742200000|100%| O|  |TAMS 0x0000000742000000| PB 0x0000000742000000| Untracked 
|  17|0x0000000742200000, 0x0000000742400000, 0x0000000742400000|100%| O|  |TAMS 0x0000000742200000| PB 0x0000000742200000| Untracked 
|  18|0x0000000742400000, 0x0000000742600000, 0x0000000742600000|100%|HS|  |TAMS 0x0000000742400000| PB 0x0000000742400000| Complete 
|  19|0x0000000742600000, 0x0000000742800000, 0x0000000742800000|100%| O|  |TAMS 0x0000000742600000| PB 0x0000000742600000| Untracked 
|  20|0x0000000742800000, 0x0000000742a00000, 0x0000000742a00000|100%| O|  |TAMS 0x0000000742800000| PB 0x0000000742800000| Untracked 
|  21|0x0000000742a00000, 0x0000000742c00000, 0x0000000742c00000|100%| O|  |TAMS 0x0000000742a00000| PB 0x0000000742a00000| Untracked 
|  22|0x0000000742c00000, 0x0000000742e00000, 0x0000000742e00000|100%| O|  |TAMS 0x0000000742c00000| PB 0x0000000742c00000| Untracked 
|  23|0x0000000742e00000, 0x0000000743000000, 0x0000000743000000|100%| O|  |TAMS 0x0000000742e00000| PB 0x0000000742e00000| Untracked 
|  24|0x0000000743000000, 0x0000000743200000, 0x0000000743200000|100%| O|  |TAMS 0x0000000743000000| PB 0x0000000743000000| Untracked 
|  25|0x0000000743200000, 0x0000000743400000, 0x0000000743400000|100%| O|  |TAMS 0x0000000743200000| PB 0x0000000743200000| Untracked 
|  26|0x0000000743400000, 0x0000000743600000, 0x0000000743600000|100%| O|  |TAMS 0x0000000743400000| PB 0x0000000743400000| Untracked 
|  27|0x0000000743600000, 0x0000000743800000, 0x0000000743800000|100%| O|  |TAMS 0x0000000743600000| PB 0x0000000743600000| Untracked 
|  28|0x0000000743800000, 0x0000000743a00000, 0x0000000743a00000|100%| O|  |TAMS 0x0000000743800000| PB 0x0000000743800000| Untracked 
|  29|0x0000000743a00000, 0x0000000743c00000, 0x0000000743c00000|100%| O|  |TAMS 0x0000000743a00000| PB 0x0000000743a00000| Untracked 
|  30|0x0000000743c00000, 0x0000000743e00000, 0x0000000743e00000|100%| O|  |TAMS 0x0000000743c00000| PB 0x0000000743c00000| Untracked 
|  31|0x0000000743e00000, 0x0000000744000000, 0x0000000744000000|100%| O|  |TAMS 0x0000000743e00000| PB 0x0000000743e00000| Untracked 
|  32|0x0000000744000000, 0x0000000744200000, 0x0000000744200000|100%| O|Cm|TAMS 0x0000000744000000| PB 0x0000000744000000| Complete 
|  33|0x0000000744200000, 0x0000000744400000, 0x0000000744400000|100%|HS|  |TAMS 0x0000000744200000| PB 0x0000000744200000| Complete 
|  34|0x0000000744400000, 0x0000000744600000, 0x0000000744600000|100%| O|  |TAMS 0x0000000744400000| PB 0x0000000744400000| Untracked 
|  35|0x0000000744600000, 0x0000000744800000, 0x0000000744800000|100%| O|  |TAMS 0x0000000744600000| PB 0x0000000744600000| Untracked 
|  36|0x0000000744800000, 0x0000000744a00000, 0x0000000744a00000|100%| O|  |TAMS 0x0000000744800000| PB 0x0000000744800000| Untracked 
|  37|0x0000000744a00000, 0x0000000744c00000, 0x0000000744c00000|100%| O|  |TAMS 0x0000000744a00000| PB 0x0000000744a00000| Untracked 
|  38|0x0000000744c00000, 0x0000000744e00000, 0x0000000744e00000|100%| O|  |TAMS 0x0000000744c00000| PB 0x0000000744c00000| Untracked 
|  39|0x0000000744e00000, 0x0000000745000000, 0x0000000745000000|100%| O|  |TAMS 0x0000000744e00000| PB 0x0000000744e00000| Untracked 
|  40|0x0000000745000000, 0x0000000745200000, 0x0000000745200000|100%| O|  |TAMS 0x0000000745000000| PB 0x0000000745000000| Untracked 
|  41|0x0000000745200000, 0x0000000745400000, 0x0000000745400000|100%|HS|  |TAMS 0x0000000745200000| PB 0x0000000745200000| Complete 
|  42|0x0000000745400000, 0x0000000745400000, 0x0000000745600000|  0%| F|  |TAMS 0x0000000745400000| PB 0x0000000745400000| Untracked 
|  43|0x0000000745600000, 0x0000000745600000, 0x0000000745800000|  0%| F|  |TAMS 0x0000000745600000| PB 0x0000000745600000| Untracked 
|  44|0x0000000745800000, 0x0000000745a00000, 0x0000000745a00000|100%| O|  |TAMS 0x0000000745800000| PB 0x0000000745800000| Untracked 
|  45|0x0000000745a00000, 0x0000000745c00000, 0x0000000745c00000|100%| O|  |TAMS 0x0000000745a00000| PB 0x0000000745a00000| Untracked 
|  46|0x0000000745c00000, 0x0000000745e00000, 0x0000000745e00000|100%| O|  |TAMS 0x0000000745c00000| PB 0x0000000745c00000| Untracked 
|  47|0x0000000745e00000, 0x0000000746000000, 0x0000000746000000|100%| O|  |TAMS 0x0000000745e00000| PB 0x0000000745e00000| Untracked 
|  48|0x0000000746000000, 0x0000000746200000, 0x0000000746200000|100%| O|  |TAMS 0x0000000746000000| PB 0x0000000746000000| Untracked 
|  49|0x0000000746200000, 0x0000000746400000, 0x0000000746400000|100%| O|  |TAMS 0x0000000746200000| PB 0x0000000746200000| Untracked 
|  50|0x0000000746400000, 0x0000000746600000, 0x0000000746600000|100%| O|  |TAMS 0x0000000746400000| PB 0x0000000746400000| Untracked 
|  51|0x0000000746600000, 0x0000000746800000, 0x0000000746800000|100%| O|  |TAMS 0x0000000746600000| PB 0x0000000746600000| Untracked 
|  52|0x0000000746800000, 0x0000000746a00000, 0x0000000746a00000|100%| O|  |TAMS 0x0000000746800000| PB 0x0000000746800000| Untracked 
|  53|0x0000000746a00000, 0x0000000746c00000, 0x0000000746c00000|100%| O|  |TAMS 0x0000000746a00000| PB 0x0000000746a00000| Untracked 
|  54|0x0000000746c00000, 0x0000000746e00000, 0x0000000746e00000|100%| O|  |TAMS 0x0000000746c00000| PB 0x0000000746c00000| Untracked 
|  55|0x0000000746e00000, 0x0000000747000000, 0x0000000747000000|100%| O|  |TAMS 0x0000000746e00000| PB 0x0000000746e00000| Untracked 
|  56|0x0000000747000000, 0x0000000747200000, 0x0000000747200000|100%| O|  |TAMS 0x0000000747000000| PB 0x0000000747000000| Untracked 
|  57|0x0000000747200000, 0x0000000747400000, 0x0000000747400000|100%| O|  |TAMS 0x0000000747200000| PB 0x0000000747200000| Untracked 
|  58|0x0000000747400000, 0x0000000747600000, 0x0000000747600000|100%| O|  |TAMS 0x0000000747400000| PB 0x0000000747400000| Untracked 
|  59|0x0000000747600000, 0x0000000747800000, 0x0000000747800000|100%| O|  |TAMS 0x0000000747600000| PB 0x0000000747600000| Untracked 
|  60|0x0000000747800000, 0x0000000747a00000, 0x0000000747a00000|100%| O|  |TAMS 0x0000000747800000| PB 0x0000000747800000| Untracked 
|  61|0x0000000747a00000, 0x0000000747c00000, 0x0000000747c00000|100%| O|  |TAMS 0x0000000747a00000| PB 0x0000000747a00000| Untracked 
|  62|0x0000000747c00000, 0x0000000747e00000, 0x0000000747e00000|100%| O|  |TAMS 0x0000000747c00000| PB 0x0000000747c00000| Untracked 
|  63|0x0000000747e00000, 0x0000000748000000, 0x0000000748000000|100%| O|  |TAMS 0x0000000747e00000| PB 0x0000000747e00000| Untracked 
|  64|0x0000000748000000, 0x0000000748200000, 0x0000000748200000|100%| O|  |TAMS 0x0000000748000000| PB 0x0000000748000000| Untracked 
|  65|0x0000000748200000, 0x0000000748400000, 0x0000000748400000|100%| O|  |TAMS 0x0000000748200000| PB 0x0000000748200000| Untracked 
|  66|0x0000000748400000, 0x0000000748600000, 0x0000000748600000|100%| O|  |TAMS 0x0000000748400000| PB 0x0000000748400000| Untracked 
|  67|0x0000000748600000, 0x0000000748800000, 0x0000000748800000|100%| O|  |TAMS 0x0000000748600000| PB 0x0000000748600000| Untracked 
|  68|0x0000000748800000, 0x0000000748a00000, 0x0000000748a00000|100%| O|  |TAMS 0x0000000748800000| PB 0x0000000748800000| Untracked 
|  69|0x0000000748a00000, 0x0000000748c00000, 0x0000000748c00000|100%| O|  |TAMS 0x0000000748a00000| PB 0x0000000748a00000| Untracked 
|  70|0x0000000748c00000, 0x0000000748e00000, 0x0000000748e00000|100%| O|  |TAMS 0x0000000748c00000| PB 0x0000000748c00000| Untracked 
|  71|0x0000000748e00000, 0x0000000749000000, 0x0000000749000000|100%| O|  |TAMS 0x0000000748e00000| PB 0x0000000748e00000| Untracked 
|  72|0x0000000749000000, 0x0000000749200000, 0x0000000749200000|100%| O|  |TAMS 0x0000000749000000| PB 0x0000000749000000| Untracked 
|  73|0x0000000749200000, 0x0000000749200000, 0x0000000749400000|  0%| F|  |TAMS 0x0000000749200000| PB 0x0000000749200000| Untracked 
|  74|0x0000000749400000, 0x0000000749400000, 0x0000000749600000|  0%| F|  |TAMS 0x0000000749400000| PB 0x0000000749400000| Untracked 
|  75|0x0000000749600000, 0x0000000749600000, 0x0000000749800000|  0%| F|  |TAMS 0x0000000749600000| PB 0x0000000749600000| Untracked 
|  76|0x0000000749800000, 0x0000000749800000, 0x0000000749a00000|  0%| F|  |TAMS 0x0000000749800000| PB 0x0000000749800000| Untracked 
|  77|0x0000000749a00000, 0x0000000749a00000, 0x0000000749c00000|  0%| F|  |TAMS 0x0000000749a00000| PB 0x0000000749a00000| Untracked 
|  78|0x0000000749c00000, 0x0000000749c00000, 0x0000000749e00000|  0%| F|  |TAMS 0x0000000749c00000| PB 0x0000000749c00000| Untracked 
|  79|0x0000000749e00000, 0x0000000749e00000, 0x000000074a000000|  0%| F|  |TAMS 0x0000000749e00000| PB 0x0000000749e00000| Untracked 
|  80|0x000000074a000000, 0x000000074a000000, 0x000000074a200000|  0%| F|  |TAMS 0x000000074a000000| PB 0x000000074a000000| Untracked 
|  81|0x000000074a200000, 0x000000074a200000, 0x000000074a400000|  0%| F|  |TAMS 0x000000074a200000| PB 0x000000074a200000| Untracked 
|  82|0x000000074a400000, 0x000000074a400000, 0x000000074a600000|  0%| F|  |TAMS 0x000000074a400000| PB 0x000000074a400000| Untracked 
|  83|0x000000074a600000, 0x000000074a600000, 0x000000074a800000|  0%| F|  |TAMS 0x000000074a600000| PB 0x000000074a600000| Untracked 
|  84|0x000000074a800000, 0x000000074a800000, 0x000000074aa00000|  0%| F|  |TAMS 0x000000074a800000| PB 0x000000074a800000| Untracked 
|  85|0x000000074aa00000, 0x000000074aa00000, 0x000000074ac00000|  0%| F|  |TAMS 0x000000074aa00000| PB 0x000000074aa00000| Untracked 
|  86|0x000000074ac00000, 0x000000074ac00000, 0x000000074ae00000|  0%| F|  |TAMS 0x000000074ac00000| PB 0x000000074ac00000| Untracked 
|  87|0x000000074ae00000, 0x000000074ae00000, 0x000000074b000000|  0%| F|  |TAMS 0x000000074ae00000| PB 0x000000074ae00000| Untracked 
|  88|0x000000074b000000, 0x000000074b000000, 0x000000074b200000|  0%| F|  |TAMS 0x000000074b000000| PB 0x000000074b000000| Untracked 
|  89|0x000000074b200000, 0x000000074b200000, 0x000000074b400000|  0%| F|  |TAMS 0x000000074b200000| PB 0x000000074b200000| Untracked 
|  90|0x000000074b400000, 0x000000074b400000, 0x000000074b600000|  0%| F|  |TAMS 0x000000074b400000| PB 0x000000074b400000| Untracked 
|  91|0x000000074b600000, 0x000000074b600000, 0x000000074b800000|  0%| F|  |TAMS 0x000000074b600000| PB 0x000000074b600000| Untracked 
|  92|0x000000074b800000, 0x000000074b800000, 0x000000074ba00000|  0%| F|  |TAMS 0x000000074b800000| PB 0x000000074b800000| Untracked 
|  93|0x000000074ba00000, 0x000000074ba00000, 0x000000074bc00000|  0%| F|  |TAMS 0x000000074ba00000| PB 0x000000074ba00000| Untracked 
|  94|0x000000074bc00000, 0x000000074bc00000, 0x000000074be00000|  0%| F|  |TAMS 0x000000074bc00000| PB 0x000000074bc00000| Untracked 
|  95|0x000000074be00000, 0x000000074be00000, 0x000000074c000000|  0%| F|  |TAMS 0x000000074be00000| PB 0x000000074be00000| Untracked 
|  96|0x000000074c000000, 0x000000074c000000, 0x000000074c200000|  0%| F|  |TAMS 0x000000074c000000| PB 0x000000074c000000| Untracked 
|  97|0x000000074c200000, 0x000000074c200000, 0x000000074c400000|  0%| F|  |TAMS 0x000000074c200000| PB 0x000000074c200000| Untracked 
|  98|0x000000074c400000, 0x000000074c400000, 0x000000074c600000|  0%| F|  |TAMS 0x000000074c400000| PB 0x000000074c400000| Untracked 
|  99|0x000000074c600000, 0x000000074c600000, 0x000000074c800000|  0%| F|  |TAMS 0x000000074c600000| PB 0x000000074c600000| Untracked 
| 100|0x000000074c800000, 0x000000074c800000, 0x000000074ca00000|  0%| F|  |TAMS 0x000000074c800000| PB 0x000000074c800000| Untracked 
| 101|0x000000074ca00000, 0x000000074ca00000, 0x000000074cc00000|  0%| F|  |TAMS 0x000000074ca00000| PB 0x000000074ca00000| Untracked 
| 102|0x000000074cc00000, 0x000000074cc00000, 0x000000074ce00000|  0%| F|  |TAMS 0x000000074cc00000| PB 0x000000074cc00000| Untracked 
| 103|0x000000074ce00000, 0x000000074ce00000, 0x000000074d000000|  0%| F|  |TAMS 0x000000074ce00000| PB 0x000000074ce00000| Untracked 
| 104|0x000000074d000000, 0x000000074d000000, 0x000000074d200000|  0%| F|  |TAMS 0x000000074d000000| PB 0x000000074d000000| Untracked 
| 105|0x000000074d200000, 0x000000074d200000, 0x000000074d400000|  0%| F|  |TAMS 0x000000074d200000| PB 0x000000074d200000| Untracked 
| 106|0x000000074d400000, 0x000000074d400000, 0x000000074d600000|  0%| F|  |TAMS 0x000000074d400000| PB 0x000000074d400000| Untracked 
| 107|0x000000074d600000, 0x000000074d600000, 0x000000074d800000|  0%| F|  |TAMS 0x000000074d600000| PB 0x000000074d600000| Untracked 
| 108|0x000000074d800000, 0x000000074d800000, 0x000000074da00000|  0%| F|  |TAMS 0x000000074d800000| PB 0x000000074d800000| Untracked 
| 109|0x000000074da00000, 0x000000074da00000, 0x000000074dc00000|  0%| F|  |TAMS 0x000000074da00000| PB 0x000000074da00000| Untracked 
| 110|0x000000074dc00000, 0x000000074dc00000, 0x000000074de00000|  0%| F|  |TAMS 0x000000074dc00000| PB 0x000000074dc00000| Untracked 
| 111|0x000000074de00000, 0x000000074de00000, 0x000000074e000000|  0%| F|  |TAMS 0x000000074de00000| PB 0x000000074de00000| Untracked 
| 112|0x000000074e000000, 0x000000074e000000, 0x000000074e200000|  0%| F|  |TAMS 0x000000074e000000| PB 0x000000074e000000| Untracked 
| 113|0x000000074e200000, 0x000000074e200000, 0x000000074e400000|  0%| F|  |TAMS 0x000000074e200000| PB 0x000000074e200000| Untracked 
| 114|0x000000074e400000, 0x000000074e400000, 0x000000074e600000|  0%| F|  |TAMS 0x000000074e400000| PB 0x000000074e400000| Untracked 
| 115|0x000000074e600000, 0x000000074e600000, 0x000000074e800000|  0%| F|  |TAMS 0x000000074e600000| PB 0x000000074e600000| Untracked 
| 116|0x000000074e800000, 0x000000074e800000, 0x000000074ea00000|  0%| F|  |TAMS 0x000000074e800000| PB 0x000000074e800000| Untracked 
| 117|0x000000074ea00000, 0x000000074ea00000, 0x000000074ec00000|  0%| F|  |TAMS 0x000000074ea00000| PB 0x000000074ea00000| Untracked 
| 118|0x000000074ec00000, 0x000000074ec00000, 0x000000074ee00000|  0%| F|  |TAMS 0x000000074ec00000| PB 0x000000074ec00000| Untracked 
| 119|0x000000074ee00000, 0x000000074ee00000, 0x000000074f000000|  0%| F|  |TAMS 0x000000074ee00000| PB 0x000000074ee00000| Untracked 
| 120|0x000000074f000000, 0x000000074f000000, 0x000000074f200000|  0%| F|  |TAMS 0x000000074f000000| PB 0x000000074f000000| Untracked 
| 121|0x000000074f200000, 0x000000074f200000, 0x000000074f400000|  0%| F|  |TAMS 0x000000074f200000| PB 0x000000074f200000| Untracked 
| 122|0x000000074f400000, 0x000000074f400000, 0x000000074f600000|  0%| F|  |TAMS 0x000000074f400000| PB 0x000000074f400000| Untracked 
| 123|0x000000074f600000, 0x000000074f600000, 0x000000074f800000|  0%| F|  |TAMS 0x000000074f600000| PB 0x000000074f600000| Untracked 
| 124|0x000000074f800000, 0x000000074f800000, 0x000000074fa00000|  0%| F|  |TAMS 0x000000074f800000| PB 0x000000074f800000| Untracked 
| 125|0x000000074fa00000, 0x000000074fa00000, 0x000000074fc00000|  0%| F|  |TAMS 0x000000074fa00000| PB 0x000000074fa00000| Untracked 
| 126|0x000000074fc00000, 0x000000074fc00000, 0x000000074fe00000|  0%| F|  |TAMS 0x000000074fc00000| PB 0x000000074fc00000| Untracked 
| 127|0x000000074fe00000, 0x000000074fe00000, 0x0000000750000000|  0%| F|  |TAMS 0x000000074fe00000| PB 0x000000074fe00000| Untracked 
| 128|0x0000000750000000, 0x0000000750000000, 0x0000000750200000|  0%| F|  |TAMS 0x0000000750000000| PB 0x0000000750000000| Untracked 
| 129|0x0000000750200000, 0x0000000750200000, 0x0000000750400000|  0%| F|  |TAMS 0x0000000750200000| PB 0x0000000750200000| Untracked 
| 130|0x0000000750400000, 0x0000000750400000, 0x0000000750600000|  0%| F|  |TAMS 0x0000000750400000| PB 0x0000000750400000| Untracked 
| 131|0x0000000750600000, 0x0000000750600000, 0x0000000750800000|  0%| F|  |TAMS 0x0000000750600000| PB 0x0000000750600000| Untracked 
| 132|0x0000000750800000, 0x0000000750800000, 0x0000000750a00000|  0%| F|  |TAMS 0x0000000750800000| PB 0x0000000750800000| Untracked 
| 133|0x0000000750a00000, 0x0000000750a00000, 0x0000000750c00000|  0%| F|  |TAMS 0x0000000750a00000| PB 0x0000000750a00000| Untracked 
| 134|0x0000000750c00000, 0x0000000750c00000, 0x0000000750e00000|  0%| F|  |TAMS 0x0000000750c00000| PB 0x0000000750c00000| Untracked 
| 135|0x0000000750e00000, 0x0000000750e00000, 0x0000000751000000|  0%| F|  |TAMS 0x0000000750e00000| PB 0x0000000750e00000| Untracked 
| 136|0x0000000751000000, 0x0000000751000000, 0x0000000751200000|  0%| F|  |TAMS 0x0000000751000000| PB 0x0000000751000000| Untracked 
| 137|0x0000000751200000, 0x0000000751200000, 0x0000000751400000|  0%| F|  |TAMS 0x0000000751200000| PB 0x0000000751200000| Untracked 
| 138|0x0000000751400000, 0x0000000751400000, 0x0000000751600000|  0%| F|  |TAMS 0x0000000751400000| PB 0x0000000751400000| Untracked 
| 139|0x0000000751600000, 0x0000000751600000, 0x0000000751800000|  0%| F|  |TAMS 0x0000000751600000| PB 0x0000000751600000| Untracked 
| 140|0x0000000751800000, 0x0000000751800000, 0x0000000751a00000|  0%| F|  |TAMS 0x0000000751800000| PB 0x0000000751800000| Untracked 
| 141|0x0000000751a00000, 0x0000000751a00000, 0x0000000751c00000|  0%| F|  |TAMS 0x0000000751a00000| PB 0x0000000751a00000| Untracked 
| 142|0x0000000751c00000, 0x0000000751c00000, 0x0000000751e00000|  0%| F|  |TAMS 0x0000000751c00000| PB 0x0000000751c00000| Untracked 
| 143|0x0000000751e00000, 0x0000000751e00000, 0x0000000752000000|  0%| F|  |TAMS 0x0000000751e00000| PB 0x0000000751e00000| Untracked 
| 144|0x0000000752000000, 0x0000000752000000, 0x0000000752200000|  0%| F|  |TAMS 0x0000000752000000| PB 0x0000000752000000| Untracked 
| 145|0x0000000752200000, 0x0000000752200000, 0x0000000752400000|  0%| F|  |TAMS 0x0000000752200000| PB 0x0000000752200000| Untracked 
| 146|0x0000000752400000, 0x0000000752400000, 0x0000000752600000|  0%| F|  |TAMS 0x0000000752400000| PB 0x0000000752400000| Untracked 
| 147|0x0000000752600000, 0x0000000752600000, 0x0000000752800000|  0%| F|  |TAMS 0x0000000752600000| PB 0x0000000752600000| Untracked 
| 148|0x0000000752800000, 0x0000000752800000, 0x0000000752a00000|  0%| F|  |TAMS 0x0000000752800000| PB 0x0000000752800000| Untracked 
| 149|0x0000000752a00000, 0x0000000752a00000, 0x0000000752c00000|  0%| F|  |TAMS 0x0000000752a00000| PB 0x0000000752a00000| Untracked 
| 150|0x0000000752c00000, 0x0000000752c00000, 0x0000000752e00000|  0%| F|  |TAMS 0x0000000752c00000| PB 0x0000000752c00000| Untracked 
| 151|0x0000000752e00000, 0x0000000752e00000, 0x0000000753000000|  0%| F|  |TAMS 0x0000000752e00000| PB 0x0000000752e00000| Untracked 
| 152|0x0000000753000000, 0x0000000753000000, 0x0000000753200000|  0%| F|  |TAMS 0x0000000753000000| PB 0x0000000753000000| Untracked 
| 153|0x0000000753200000, 0x0000000753200000, 0x0000000753400000|  0%| F|  |TAMS 0x0000000753200000| PB 0x0000000753200000| Untracked 
| 154|0x0000000753400000, 0x0000000753400000, 0x0000000753600000|  0%| F|  |TAMS 0x0000000753400000| PB 0x0000000753400000| Untracked 
| 155|0x0000000753600000, 0x0000000753600000, 0x0000000753800000|  0%| F|  |TAMS 0x0000000753600000| PB 0x0000000753600000| Untracked 
| 156|0x0000000753800000, 0x0000000753800000, 0x0000000753a00000|  0%| F|  |TAMS 0x0000000753800000| PB 0x0000000753800000| Untracked 
| 157|0x0000000753a00000, 0x0000000753a00000, 0x0000000753c00000|  0%| F|  |TAMS 0x0000000753a00000| PB 0x0000000753a00000| Untracked 
| 158|0x0000000753c00000, 0x0000000753c00000, 0x0000000753e00000|  0%| F|  |TAMS 0x0000000753c00000| PB 0x0000000753c00000| Untracked 
| 159|0x0000000753e00000, 0x0000000753e00000, 0x0000000754000000|  0%| F|  |TAMS 0x0000000753e00000| PB 0x0000000753e00000| Untracked 
| 160|0x0000000754000000, 0x0000000754000000, 0x0000000754200000|  0%| F|  |TAMS 0x0000000754000000| PB 0x0000000754000000| Untracked 
| 161|0x0000000754200000, 0x0000000754200000, 0x0000000754400000|  0%| F|  |TAMS 0x0000000754200000| PB 0x0000000754200000| Untracked 
| 162|0x0000000754400000, 0x0000000754400000, 0x0000000754600000|  0%| F|  |TAMS 0x0000000754400000| PB 0x0000000754400000| Untracked 
| 163|0x0000000754600000, 0x0000000754600000, 0x0000000754800000|  0%| F|  |TAMS 0x0000000754600000| PB 0x0000000754600000| Untracked 
| 164|0x0000000754800000, 0x0000000754800000, 0x0000000754a00000|  0%| F|  |TAMS 0x0000000754800000| PB 0x0000000754800000| Untracked 
| 165|0x0000000754a00000, 0x0000000754a00000, 0x0000000754c00000|  0%| F|  |TAMS 0x0000000754a00000| PB 0x0000000754a00000| Untracked 
| 166|0x0000000754c00000, 0x0000000754c00000, 0x0000000754e00000|  0%| F|  |TAMS 0x0000000754c00000| PB 0x0000000754c00000| Untracked 
| 167|0x0000000754e00000, 0x0000000754e00000, 0x0000000755000000|  0%| F|  |TAMS 0x0000000754e00000| PB 0x0000000754e00000| Untracked 
| 168|0x0000000755000000, 0x0000000755000000, 0x0000000755200000|  0%| F|  |TAMS 0x0000000755000000| PB 0x0000000755000000| Untracked 
| 169|0x0000000755200000, 0x0000000755200000, 0x0000000755400000|  0%| F|  |TAMS 0x0000000755200000| PB 0x0000000755200000| Untracked 
| 170|0x0000000755400000, 0x0000000755400000, 0x0000000755600000|  0%| F|  |TAMS 0x0000000755400000| PB 0x0000000755400000| Untracked 
| 171|0x0000000755600000, 0x0000000755600000, 0x0000000755800000|  0%| F|  |TAMS 0x0000000755600000| PB 0x0000000755600000| Untracked 
| 172|0x0000000755800000, 0x0000000755800000, 0x0000000755a00000|  0%| F|  |TAMS 0x0000000755800000| PB 0x0000000755800000| Untracked 
| 173|0x0000000755a00000, 0x0000000755a00000, 0x0000000755c00000|  0%| F|  |TAMS 0x0000000755a00000| PB 0x0000000755a00000| Untracked 
| 174|0x0000000755c00000, 0x0000000755c00000, 0x0000000755e00000|  0%| F|  |TAMS 0x0000000755c00000| PB 0x0000000755c00000| Untracked 
| 175|0x0000000755e00000, 0x0000000755e00000, 0x0000000756000000|  0%| F|  |TAMS 0x0000000755e00000| PB 0x0000000755e00000| Untracked 
| 176|0x0000000756000000, 0x0000000756000000, 0x0000000756200000|  0%| F|  |TAMS 0x0000000756000000| PB 0x0000000756000000| Untracked 
| 177|0x0000000756200000, 0x0000000756200000, 0x0000000756400000|  0%| F|  |TAMS 0x0000000756200000| PB 0x0000000756200000| Untracked 
| 178|0x0000000756400000, 0x0000000756400000, 0x0000000756600000|  0%| F|  |TAMS 0x0000000756400000| PB 0x0000000756400000| Untracked 
| 179|0x0000000756600000, 0x0000000756600000, 0x0000000756800000|  0%| F|  |TAMS 0x0000000756600000| PB 0x0000000756600000| Untracked 
| 180|0x0000000756800000, 0x0000000756800000, 0x0000000756a00000|  0%| F|  |TAMS 0x0000000756800000| PB 0x0000000756800000| Untracked 
| 181|0x0000000756a00000, 0x0000000756a00000, 0x0000000756c00000|  0%| F|  |TAMS 0x0000000756a00000| PB 0x0000000756a00000| Untracked 
| 182|0x0000000756c00000, 0x0000000756c00000, 0x0000000756e00000|  0%| F|  |TAMS 0x0000000756c00000| PB 0x0000000756c00000| Untracked 
| 183|0x0000000756e00000, 0x0000000756e00000, 0x0000000757000000|  0%| F|  |TAMS 0x0000000756e00000| PB 0x0000000756e00000| Untracked 
| 184|0x0000000757000000, 0x0000000757000000, 0x0000000757200000|  0%| F|  |TAMS 0x0000000757000000| PB 0x0000000757000000| Untracked 
| 185|0x0000000757200000, 0x0000000757200000, 0x0000000757400000|  0%| F|  |TAMS 0x0000000757200000| PB 0x0000000757200000| Untracked 
| 186|0x0000000757400000, 0x0000000757400000, 0x0000000757600000|  0%| F|  |TAMS 0x0000000757400000| PB 0x0000000757400000| Untracked 
| 187|0x0000000757600000, 0x0000000757600000, 0x0000000757800000|  0%| F|  |TAMS 0x0000000757600000| PB 0x0000000757600000| Untracked 
| 188|0x0000000757800000, 0x0000000757800000, 0x0000000757a00000|  0%| F|  |TAMS 0x0000000757800000| PB 0x0000000757800000| Untracked 
| 189|0x0000000757a00000, 0x0000000757a00000, 0x0000000757c00000|  0%| F|  |TAMS 0x0000000757a00000| PB 0x0000000757a00000| Untracked 
| 190|0x0000000757c00000, 0x0000000757c00000, 0x0000000757e00000|  0%| F|  |TAMS 0x0000000757c00000| PB 0x0000000757c00000| Untracked 
| 191|0x0000000757e00000, 0x0000000757e00000, 0x0000000758000000|  0%| F|  |TAMS 0x0000000757e00000| PB 0x0000000757e00000| Untracked 
| 192|0x0000000758000000, 0x0000000758000000, 0x0000000758200000|  0%| F|  |TAMS 0x0000000758000000| PB 0x0000000758000000| Untracked 
| 193|0x0000000758200000, 0x0000000758200000, 0x0000000758400000|  0%| F|  |TAMS 0x0000000758200000| PB 0x0000000758200000| Untracked 
| 194|0x0000000758400000, 0x0000000758400000, 0x0000000758600000|  0%| F|  |TAMS 0x0000000758400000| PB 0x0000000758400000| Untracked 
| 195|0x0000000758600000, 0x0000000758600000, 0x0000000758800000|  0%| F|  |TAMS 0x0000000758600000| PB 0x0000000758600000| Untracked 
| 196|0x0000000758800000, 0x0000000758800000, 0x0000000758a00000|  0%| F|  |TAMS 0x0000000758800000| PB 0x0000000758800000| Untracked 
| 197|0x0000000758a00000, 0x0000000758a00000, 0x0000000758c00000|  0%| F|  |TAMS 0x0000000758a00000| PB 0x0000000758a00000| Untracked 
| 198|0x0000000758c00000, 0x0000000758c00000, 0x0000000758e00000|  0%| F|  |TAMS 0x0000000758c00000| PB 0x0000000758c00000| Untracked 
| 199|0x0000000758e00000, 0x0000000758e00000, 0x0000000759000000|  0%| F|  |TAMS 0x0000000758e00000| PB 0x0000000758e00000| Untracked 
| 200|0x0000000759000000, 0x0000000759000000, 0x0000000759200000|  0%| F|  |TAMS 0x0000000759000000| PB 0x0000000759000000| Untracked 
| 201|0x0000000759200000, 0x0000000759200000, 0x0000000759400000|  0%| F|  |TAMS 0x0000000759200000| PB 0x0000000759200000| Untracked 
| 202|0x0000000759400000, 0x0000000759400000, 0x0000000759600000|  0%| F|  |TAMS 0x0000000759400000| PB 0x0000000759400000| Untracked 
| 203|0x0000000759600000, 0x0000000759600000, 0x0000000759800000|  0%| F|  |TAMS 0x0000000759600000| PB 0x0000000759600000| Untracked 
| 204|0x0000000759800000, 0x0000000759800000, 0x0000000759a00000|  0%| F|  |TAMS 0x0000000759800000| PB 0x0000000759800000| Untracked 
| 205|0x0000000759a00000, 0x0000000759a00000, 0x0000000759c00000|  0%| F|  |TAMS 0x0000000759a00000| PB 0x0000000759a00000| Untracked 
| 206|0x0000000759c00000, 0x0000000759c00000, 0x0000000759e00000|  0%| F|  |TAMS 0x0000000759c00000| PB 0x0000000759c00000| Untracked 
| 207|0x0000000759e00000, 0x0000000759e00000, 0x000000075a000000|  0%| F|  |TAMS 0x0000000759e00000| PB 0x0000000759e00000| Untracked 
| 208|0x000000075a000000, 0x000000075a000000, 0x000000075a200000|  0%| F|  |TAMS 0x000000075a000000| PB 0x000000075a000000| Untracked 
| 209|0x000000075a200000, 0x000000075a200000, 0x000000075a400000|  0%| F|  |TAMS 0x000000075a200000| PB 0x000000075a200000| Untracked 
| 210|0x000000075a400000, 0x000000075a400000, 0x000000075a600000|  0%| F|  |TAMS 0x000000075a400000| PB 0x000000075a400000| Untracked 
| 211|0x000000075a600000, 0x000000075a600000, 0x000000075a800000|  0%| F|  |TAMS 0x000000075a600000| PB 0x000000075a600000| Untracked 
| 212|0x000000075a800000, 0x000000075a800000, 0x000000075aa00000|  0%| F|  |TAMS 0x000000075a800000| PB 0x000000075a800000| Untracked 
| 213|0x000000075aa00000, 0x000000075aa00000, 0x000000075ac00000|  0%| F|  |TAMS 0x000000075aa00000| PB 0x000000075aa00000| Untracked 
| 214|0x000000075ac00000, 0x000000075ac00000, 0x000000075ae00000|  0%| F|  |TAMS 0x000000075ac00000| PB 0x000000075ac00000| Untracked 
| 215|0x000000075ae00000, 0x000000075ae00000, 0x000000075b000000|  0%| F|  |TAMS 0x000000075ae00000| PB 0x000000075ae00000| Untracked 
| 216|0x000000075b000000, 0x000000075b000000, 0x000000075b200000|  0%| F|  |TAMS 0x000000075b000000| PB 0x000000075b000000| Untracked 
| 217|0x000000075b200000, 0x000000075b200000, 0x000000075b400000|  0%| F|  |TAMS 0x000000075b200000| PB 0x000000075b200000| Untracked 
| 218|0x000000075b400000, 0x000000075b400000, 0x000000075b600000|  0%| F|  |TAMS 0x000000075b400000| PB 0x000000075b400000| Untracked 
| 219|0x000000075b600000, 0x000000075b600000, 0x000000075b800000|  0%| F|  |TAMS 0x000000075b600000| PB 0x000000075b600000| Untracked 
| 220|0x000000075b800000, 0x000000075b800000, 0x000000075ba00000|  0%| F|  |TAMS 0x000000075b800000| PB 0x000000075b800000| Untracked 
| 221|0x000000075ba00000, 0x000000075ba00000, 0x000000075bc00000|  0%| F|  |TAMS 0x000000075ba00000| PB 0x000000075ba00000| Untracked 
| 222|0x000000075bc00000, 0x000000075bc00000, 0x000000075be00000|  0%| F|  |TAMS 0x000000075bc00000| PB 0x000000075bc00000| Untracked 
| 223|0x000000075be00000, 0x000000075be00000, 0x000000075c000000|  0%| F|  |TAMS 0x000000075be00000| PB 0x000000075be00000| Untracked 
| 224|0x000000075c000000, 0x000000075c000000, 0x000000075c200000|  0%| F|  |TAMS 0x000000075c000000| PB 0x000000075c000000| Untracked 
| 225|0x000000075c200000, 0x000000075c200000, 0x000000075c400000|  0%| F|  |TAMS 0x000000075c200000| PB 0x000000075c200000| Untracked 
| 226|0x000000075c400000, 0x000000075c400000, 0x000000075c600000|  0%| F|  |TAMS 0x000000075c400000| PB 0x000000075c400000| Untracked 
| 227|0x000000075c600000, 0x000000075c600000, 0x000000075c800000|  0%| F|  |TAMS 0x000000075c600000| PB 0x000000075c600000| Untracked 
| 228|0x000000075c800000, 0x000000075c800000, 0x000000075ca00000|  0%| F|  |TAMS 0x000000075c800000| PB 0x000000075c800000| Untracked 
| 229|0x000000075ca00000, 0x000000075ca00000, 0x000000075cc00000|  0%| F|  |TAMS 0x000000075ca00000| PB 0x000000075ca00000| Untracked 
| 230|0x000000075cc00000, 0x000000075cc00000, 0x000000075ce00000|  0%| F|  |TAMS 0x000000075cc00000| PB 0x000000075cc00000| Untracked 
| 231|0x000000075ce00000, 0x000000075ce00000, 0x000000075d000000|  0%| F|  |TAMS 0x000000075ce00000| PB 0x000000075ce00000| Untracked 
| 232|0x000000075d000000, 0x000000075d000000, 0x000000075d200000|  0%| F|  |TAMS 0x000000075d000000| PB 0x000000075d000000| Untracked 
| 233|0x000000075d200000, 0x000000075d200000, 0x000000075d400000|  0%| F|  |TAMS 0x000000075d200000| PB 0x000000075d200000| Untracked 
| 234|0x000000075d400000, 0x000000075d400000, 0x000000075d600000|  0%| F|  |TAMS 0x000000075d400000| PB 0x000000075d400000| Untracked 
| 235|0x000000075d600000, 0x000000075d600000, 0x000000075d800000|  0%| F|  |TAMS 0x000000075d600000| PB 0x000000075d600000| Untracked 
| 236|0x000000075d800000, 0x000000075d800000, 0x000000075da00000|  0%| F|  |TAMS 0x000000075d800000| PB 0x000000075d800000| Untracked 
| 237|0x000000075da00000, 0x000000075da00000, 0x000000075dc00000|  0%| F|  |TAMS 0x000000075da00000| PB 0x000000075da00000| Untracked 
| 238|0x000000075dc00000, 0x000000075dc00000, 0x000000075de00000|  0%| F|  |TAMS 0x000000075dc00000| PB 0x000000075dc00000| Untracked 
| 239|0x000000075de00000, 0x000000075de00000, 0x000000075e000000|  0%| F|  |TAMS 0x000000075de00000| PB 0x000000075de00000| Untracked 
| 240|0x000000075e000000, 0x000000075e000000, 0x000000075e200000|  0%| F|  |TAMS 0x000000075e000000| PB 0x000000075e000000| Untracked 
| 241|0x000000075e200000, 0x000000075e200000, 0x000000075e400000|  0%| F|  |TAMS 0x000000075e200000| PB 0x000000075e200000| Untracked 
| 242|0x000000075e400000, 0x000000075e400000, 0x000000075e600000|  0%| F|  |TAMS 0x000000075e400000| PB 0x000000075e400000| Untracked 
| 243|0x000000075e600000, 0x000000075e600000, 0x000000075e800000|  0%| F|  |TAMS 0x000000075e600000| PB 0x000000075e600000| Untracked 
| 244|0x000000075e800000, 0x000000075e800000, 0x000000075ea00000|  0%| F|  |TAMS 0x000000075e800000| PB 0x000000075e800000| Untracked 
| 245|0x000000075ea00000, 0x000000075ea00000, 0x000000075ec00000|  0%| F|  |TAMS 0x000000075ea00000| PB 0x000000075ea00000| Untracked 
| 246|0x000000075ec00000, 0x000000075ec00000, 0x000000075ee00000|  0%| F|  |TAMS 0x000000075ec00000| PB 0x000000075ec00000| Untracked 
| 247|0x000000075ee00000, 0x000000075f000000, 0x000000075f000000|100%| S|CS|TAMS 0x000000075ee00000| PB 0x000000075ee00000| Complete 
| 248|0x000000075f000000, 0x000000075f200000, 0x000000075f200000|100%| S|CS|TAMS 0x000000075f000000| PB 0x000000075f000000| Complete 
| 249|0x000000075f200000, 0x000000075f400000, 0x000000075f400000|100%| S|CS|TAMS 0x000000075f200000| PB 0x000000075f200000| Complete 
| 250|0x000000075f400000, 0x000000075f600000, 0x000000075f600000|100%| S|CS|TAMS 0x000000075f400000| PB 0x000000075f400000| Complete 
| 251|0x000000075f600000, 0x000000075f800000, 0x000000075f800000|100%| S|CS|TAMS 0x000000075f600000| PB 0x000000075f600000| Complete 
| 252|0x000000075f800000, 0x000000075fa00000, 0x000000075fa00000|100%| S|CS|TAMS 0x000000075f800000| PB 0x000000075f800000| Complete 
| 253|0x000000075fa00000, 0x000000075fa00000, 0x000000075fc00000|  0%| F|  |TAMS 0x000000075fa00000| PB 0x000000075fa00000| Untracked 
| 254|0x000000075fc00000, 0x000000075fc00000, 0x000000075fe00000|  0%| F|  |TAMS 0x000000075fc00000| PB 0x000000075fc00000| Untracked 
| 255|0x000000075fe00000, 0x000000075fe00000, 0x0000000760000000|  0%| F|  |TAMS 0x000000075fe00000| PB 0x000000075fe00000| Untracked 
| 256|0x0000000760000000, 0x00000007600ff0f0, 0x0000000760200000| 49%| E|  |TAMS 0x0000000760000000| PB 0x0000000760000000| Complete 
| 257|0x0000000760200000, 0x0000000760400000, 0x0000000760400000|100%| E|CS|TAMS 0x0000000760200000| PB 0x0000000760200000| Complete 
| 258|0x0000000760400000, 0x0000000760600000, 0x0000000760600000|100%| E|CS|TAMS 0x0000000760400000| PB 0x0000000760400000| Complete 
| 259|0x0000000760600000, 0x0000000760800000, 0x0000000760800000|100%| E|CS|TAMS 0x0000000760600000| PB 0x0000000760600000| Complete 
| 260|0x0000000760800000, 0x0000000760a00000, 0x0000000760a00000|100%| E|CS|TAMS 0x0000000760800000| PB 0x0000000760800000| Complete 
|1511|0x00000007fce00000, 0x00000007fcf00000, 0x00000007fd000000| 50%| O|  |TAMS 0x00000007fce00000| PB 0x00000007fce00000| Untracked 
|1512|0x00000007fd000000, 0x00000007fd200000, 0x00000007fd200000|100%| O|  |TAMS 0x00000007fd000000| PB 0x00000007fd000000| Untracked 
|1513|0x00000007fd200000, 0x00000007fd400000, 0x00000007fd400000|100%| O|  |TAMS 0x00000007fd200000| PB 0x00000007fd200000| Untracked 
|1514|0x00000007fd400000, 0x00000007fd600000, 0x00000007fd600000|100%| O|  |TAMS 0x00000007fd400000| PB 0x00000007fd400000| Untracked 
|1515|0x00000007fd600000, 0x00000007fd800000, 0x00000007fd800000|100%| O|Cm|TAMS 0x00000007fd600000| PB 0x00000007fd600000| Complete 
|1516|0x00000007fd800000, 0x00000007fda00000, 0x00000007fda00000|100%| O|  |TAMS 0x00000007fd800000| PB 0x00000007fd800000| Untracked 
|1517|0x00000007fda00000, 0x00000007fdc00000, 0x00000007fdc00000|100%| O|  |TAMS 0x00000007fda00000| PB 0x00000007fda00000| Untracked 
|1518|0x00000007fdc00000, 0x00000007fde00000, 0x00000007fde00000|100%| O|  |TAMS 0x00000007fdc00000| PB 0x00000007fdc00000| Untracked 
|1519|0x00000007fde00000, 0x00000007fe000000, 0x00000007fe000000|100%| O|  |TAMS 0x00000007fde00000| PB 0x00000007fde00000| Untracked 
|1520|0x00000007fe000000, 0x00000007fe200000, 0x00000007fe200000|100%| O|  |TAMS 0x00000007fe000000| PB 0x00000007fe000000| Untracked 
|1521|0x00000007fe200000, 0x00000007fe400000, 0x00000007fe400000|100%| O|  |TAMS 0x00000007fe200000| PB 0x00000007fe200000| Untracked 
|1522|0x00000007fe400000, 0x00000007fe600000, 0x00000007fe600000|100%| O|  |TAMS 0x00000007fe400000| PB 0x00000007fe400000| Untracked 
|1523|0x00000007fe600000, 0x00000007fe800000, 0x00000007fe800000|100%| O|  |TAMS 0x00000007fe600000| PB 0x00000007fe600000| Untracked 
|1524|0x00000007fe800000, 0x00000007fea00000, 0x00000007fea00000|100%| O|  |TAMS 0x00000007fe800000| PB 0x00000007fe800000| Untracked 
|1525|0x00000007fea00000, 0x00000007fec00000, 0x00000007fec00000|100%| O|  |TAMS 0x00000007fea00000| PB 0x00000007fea00000| Untracked 
|1526|0x00000007fec00000, 0x00000007fee00000, 0x00000007fee00000|100%| O|  |TAMS 0x00000007fec00000| PB 0x00000007fec00000| Untracked 
|1527|0x00000007fee00000, 0x00000007ff000000, 0x00000007ff000000|100%| O|  |TAMS 0x00000007fee00000| PB 0x00000007fee00000| Untracked 
|1528|0x00000007ff000000, 0x00000007ff200000, 0x00000007ff200000|100%| O|  |TAMS 0x00000007ff000000| PB 0x00000007ff000000| Untracked 
|1529|0x00000007ff200000, 0x00000007ff400000, 0x00000007ff400000|100%| E|  |TAMS 0x00000007ff200000| PB 0x00000007ff200000| Complete 
|1530|0x00000007ff400000, 0x00000007ff600000, 0x00000007ff600000|100%| E|CS|TAMS 0x00000007ff400000| PB 0x00000007ff400000| Complete 
|1531|0x00000007ff600000, 0x00000007ff800000, 0x00000007ff800000|100%| E|CS|TAMS 0x00000007ff600000| PB 0x00000007ff600000| Complete 
|1532|0x00000007ff800000, 0x00000007ffa00000, 0x00000007ffa00000|100%| E|CS|TAMS 0x00000007ff800000| PB 0x00000007ff800000| Complete 
|1533|0x00000007ffa00000, 0x00000007ffc00000, 0x00000007ffc00000|100%| E|CS|TAMS 0x00000007ffa00000| PB 0x00000007ffa00000| Complete 
|1534|0x00000007ffc00000, 0x00000007ffe00000, 0x00000007ffe00000|100%| E|CS|TAMS 0x00000007ffc00000| PB 0x00000007ffc00000| Complete 
|1535|0x00000007ffe00000, 0x0000000800000000, 0x0000000800000000|100%| O|  |TAMS 0x00000007ffe00000| PB 0x00000007ffe00000| Untracked 

Card table byte_map: [0x000001fc61f90000,0x000001fc62590000] _byte_map_base: 0x000001fc5e590000

Marking Bits: (CMBitMap*) 0x000001fc4a2c4d20
 Bits: [0x000001fc62590000, 0x000001fc65590000)

Polling page: 0x000001fc48120000

Metaspace:

Usage:
  Non-class:     61.77 MB used.
      Class:     10.19 MB used.
       Both:     71.96 MB used.

Virtual space:
  Non-class space:       64.00 MB reserved,      62.81 MB ( 98%) committed,  1 nodes.
      Class space:        1.00 GB reserved,      11.19 MB (  1%) committed,  1 nodes.
             Both:        1.06 GB reserved,      74.00 MB (  7%) committed. 

Chunk freelists:
   Non-Class:  755.00 KB
       Class:  4.72 MB
        Both:  5.46 MB

MaxMetaspaceSize: unlimited
CompressedClassSpaceSize: 1.00 GB
Initial GC threshold: 21.00 MB
Current GC threshold: 122.19 MB
CDS: on
 - commit_granule_bytes: 65536.
 - commit_granule_words: 8192.
 - virtual_space_node_default_size: 8388608.
 - enlarge_chunks_in_place: 1.
 - use_allocation_guard: 0.


Internal statistics:

num_allocs_failed_limit: 9.
num_arena_births: 3650.
num_arena_deaths: 0.
num_vsnodes_births: 2.
num_vsnodes_deaths: 0.
num_space_committed: 1184.
num_space_uncommitted: 0.
num_chunks_returned_to_freelist: 9.
num_chunks_taken_from_freelist: 6984.
num_chunk_merges: 9.
num_chunk_splits: 4416.
num_chunks_enlarged: 2647.
num_inconsistent_stats: 0.

CodeHeap 'non-profiled nmethods': size=120064Kb used=5347Kb max_used=5348Kb free=114716Kb
 bounds [0x000001fc5a450000, 0x000001fc5a9a0000, 0x000001fc61990000]
CodeHeap 'profiled nmethods': size=120000Kb used=16186Kb max_used=17026Kb free=103813Kb
 bounds [0x000001fc52990000, 0x000001fc53a40000, 0x000001fc59ec0000]
CodeHeap 'non-nmethods': size=5696Kb used=2689Kb max_used=2732Kb free=3006Kb
 bounds [0x000001fc59ec0000, 0x000001fc5a190000, 0x000001fc5a450000]
CodeCache: size=245760Kb, used=24222Kb, max_used=25106Kb, free=221535Kb
 total_blobs=9653, nmethods=8722, adapters=834, full_count=0
Compilation: enabled, stopped_count=0, restarted_count=0

Compilation events (20 events):
Event: 178.685 Thread 0x000001fc677179d0 nmethod 10452 0x000001fc530cba10 code [0x000001fc530cbca0, 0x000001fc530cc610]
Event: 178.691 Thread 0x000001fc677179d0 10456       3       java.lang.Class::searchFields (43 bytes)
Event: 178.691 Thread 0x000001fc677179d0 nmethod 10456 0x000001fc529e2890 code [0x000001fc529e2a60, 0x000001fc529e2cf8]
Event: 178.692 Thread 0x000001fc677179d0 10457       3       jdk.internal.reflect.ClassFileAssembler::opc_invokespecial (26 bytes)
Event: 178.695 Thread 0x000001fc677179d0 nmethod 10457 0x000001fc52e79790 code [0x000001fc52e799a0, 0x000001fc52e79f00]
Event: 178.695 Thread 0x000001fc677179d0 10458       3       jdk.internal.reflect.ClassFileAssembler::emitInt (46 bytes)
Event: 178.695 Thread 0x000001fc677179d0 nmethod 10458 0x000001fc52e80590 code [0x000001fc52e807a0, 0x000001fc52e80cd0]
Event: 178.695 Thread 0x000001fc677179d0 10459       3       java.security.ProtectionDomain::<init> (98 bytes)
Event: 178.696 Thread 0x000001fc677179d0 nmethod 10459 0x000001fc52a29e90 code [0x000001fc52a2a0a0, 0x000001fc52a2ab58]
Event: 178.705 Thread 0x000001fc677179d0 10460       3       org.gradle.internal.io.StreamByteBuffer$StreamByteBufferChunk::write (25 bytes)
Event: 178.705 Thread 0x000001fc677179d0 nmethod 10460 0x000001fc52d0c910 code [0x000001fc52d0cac0, 0x000001fc52d0ccb0]
Event: 178.709 Thread 0x000001fc677179d0 10461       2       java.util.ComparableTimSort::binarySort (223 bytes)
Event: 178.709 Thread 0x000001fc677179d0 nmethod 10461 0x000001fc53673390 code [0x000001fc53673580, 0x000001fc53673c90]
Event: 178.710 Thread 0x000001fc677179d0 10462       3       java.lang.reflect.Constructor::getExceptionTypes (11 bytes)
Event: 178.710 Thread 0x000001fc677179d0 nmethod 10462 0x000001fc52a52a10 code [0x000001fc52a52bc0, 0x000001fc52a52e90]
Event: 178.711 Thread 0x000001fc677179d0 10464       3       java.io.ObjectOutputStream$HandleTable::lookup (56 bytes)
Event: 178.711 Thread 0x000001fc677179d0 nmethod 10464 0x000001fc52a2ee90 code [0x000001fc52a2f080, 0x000001fc52a2f420]
Event: 178.711 Thread 0x000001fc677179d0 10465       3       java.io.ObjectOutputStream$ReplaceTable::lookup (24 bytes)
Event: 178.711 Thread 0x000001fc677179d0 nmethod 10465 0x000001fc52ee8b10 code [0x000001fc52ee8cc0, 0x000001fc52ee8ec8]
Event: 178.711 Thread 0x000001fc677179d0 10466   !   3       java.io.ObjectOutputStream::writeObject0 (620 bytes)

GC Heap History (20 events):
Event: 25.309 GC heap before
{Heap before GC invocations=17 (full 0):
 garbage-first heap   total 108544K, used 95692K [0x0000000740000000, 0x0000000800000000)
  region size 2048K, 26 young (53248K), 3 survivors (6144K)
 Metaspace       used 62543K, committed 64448K, reserved 1114112K
  class space    used 8849K, committed 9792K, reserved 1048576K
}
Event: 25.323 GC heap after
{Heap after GC invocations=18 (full 0):
 garbage-first heap   total 108544K, used 52447K [0x0000000740000000, 0x0000000800000000)
  region size 2048K, 3 young (6144K), 3 survivors (6144K)
 Metaspace       used 62543K, committed 64448K, reserved 1114112K
  class space    used 8849K, committed 9792K, reserved 1048576K
}
Event: 26.283 GC heap before
{Heap before GC invocations=18 (full 0):
 garbage-first heap   total 108544K, used 95455K [0x0000000740000000, 0x0000000800000000)
  region size 2048K, 24 young (49152K), 3 survivors (6144K)
 Metaspace       used 63657K, committed 65600K, reserved 1114112K
  class space    used 9039K, committed 9984K, reserved 1048576K
}
Event: 26.298 GC heap after
{Heap after GC invocations=19 (full 0):
 garbage-first heap   total 108544K, used 57275K [0x0000000740000000, 0x0000000800000000)
  region size 2048K, 3 young (6144K), 3 survivors (6144K)
 Metaspace       used 63657K, committed 65600K, reserved 1114112K
  class space    used 9039K, committed 9984K, reserved 1048576K
}
Event: 26.849 GC heap before
{Heap before GC invocations=19 (full 0):
 garbage-first heap   total 108544K, used 75707K [0x0000000740000000, 0x0000000800000000)
  region size 2048K, 13 young (26624K), 3 survivors (6144K)
 Metaspace       used 64929K, committed 66816K, reserved 1114112K
  class space    used 9224K, committed 10176K, reserved 1048576K
}
Event: 26.867 GC heap after
{Heap after GC invocations=20 (full 0):
 garbage-first heap   total 108544K, used 59203K [0x0000000740000000, 0x0000000800000000)
  region size 2048K, 1 young (2048K), 1 survivors (2048K)
 Metaspace       used 64929K, committed 66816K, reserved 1114112K
  class space    used 9224K, committed 10176K, reserved 1048576K
}
Event: 29.540 GC heap before
{Heap before GC invocations=21 (full 0):
 garbage-first heap   total 182272K, used 180035K [0x0000000740000000, 0x0000000800000000)
  region size 2048K, 15 young (30720K), 1 survivors (2048K)
 Metaspace       used 67352K, committed 69312K, reserved 1114112K
  class space    used 9469K, committed 10432K, reserved 1048576K
}
Event: 29.550 GC heap after
{Heap after GC invocations=22 (full 0):
 garbage-first heap   total 186368K, used 61353K [0x0000000740000000, 0x0000000800000000)
  region size 2048K, 2 young (4096K), 2 survivors (4096K)
 Metaspace       used 67352K, committed 69312K, reserved 1114112K
  class space    used 9469K, committed 10432K, reserved 1048576K
}
Event: 33.083 GC heap before
{Heap before GC invocations=22 (full 0):
 garbage-first heap   total 186368K, used 184233K [0x0000000740000000, 0x0000000800000000)
  region size 2048K, 47 young (96256K), 2 survivors (4096K)
 Metaspace       used 71612K, committed 73664K, reserved 1114112K
  class space    used 10172K, committed 11200K, reserved 1048576K
}
Event: 33.141 GC heap after
{Heap after GC invocations=23 (full 0):
 garbage-first heap   total 219136K, used 94208K [0x0000000740000000, 0x0000000800000000)
  region size 2048K, 7 young (14336K), 7 survivors (14336K)
 Metaspace       used 71612K, committed 73664K, reserved 1114112K
  class space    used 10172K, committed 11200K, reserved 1048576K
}
Event: 33.576 GC heap before
{Heap before GC invocations=23 (full 0):
 garbage-first heap   total 219136K, used 174080K [0x0000000740000000, 0x0000000800000000)
  region size 2048K, 46 young (94208K), 7 survivors (14336K)
 Metaspace       used 71618K, committed 73664K, reserved 1114112K
  class space    used 10172K, committed 11200K, reserved 1048576K
}
Event: 33.656 GC heap after
{Heap after GC invocations=24 (full 0):
 garbage-first heap   total 243712K, used 148480K [0x0000000740000000, 0x0000000800000000)
  region size 2048K, 6 young (12288K), 6 survivors (12288K)
 Metaspace       used 71618K, committed 73664K, reserved 1114112K
  class space    used 10172K, committed 11200K, reserved 1048576K
}
Event: 33.760 GC heap before
{Heap before GC invocations=24 (full 0):
 garbage-first heap   total 243712K, used 191488K [0x0000000740000000, 0x0000000800000000)
  region size 2048K, 27 young (55296K), 6 survivors (12288K)
 Metaspace       used 71730K, committed 73792K, reserved 1114112K
  class space    used 10183K, committed 11200K, reserved 1048576K
}
Event: 33.812 GC heap after
{Heap after GC invocations=25 (full 0):
 garbage-first heap   total 243712K, used 177152K [0x0000000740000000, 0x0000000800000000)
  region size 2048K, 4 young (8192K), 4 survivors (8192K)
 Metaspace       used 71730K, committed 73792K, reserved 1114112K
  class space    used 10183K, committed 11200K, reserved 1048576K
}
Event: 34.290 GC heap before
{Heap before GC invocations=26 (full 0):
 garbage-first heap   total 280576K, used 193536K [0x0000000740000000, 0x0000000800000000)
  region size 2048K, 17 young (34816K), 4 survivors (8192K)
 Metaspace       used 71733K, committed 73792K, reserved 1114112K
  class space    used 10183K, committed 11200K, reserved 1048576K
}
Event: 34.343 GC heap after
{Heap after GC invocations=27 (full 0):
 garbage-first heap   total 280576K, used 187392K [0x0000000740000000, 0x0000000800000000)
  region size 2048K, 3 young (6144K), 3 survivors (6144K)
 Metaspace       used 71733K, committed 73792K, reserved 1114112K
  class space    used 10183K, committed 11200K, reserved 1048576K
}
Event: 41.720 GC heap before
{Heap before GC invocations=27 (full 0):
 garbage-first heap   total 280576K, used 277504K [0x0000000740000000, 0x0000000800000000)
  region size 2048K, 20 young (40960K), 3 survivors (6144K)
 Metaspace       used 72801K, committed 74816K, reserved 1114112K
  class space    used 10303K, committed 11264K, reserved 1048576K
}
Event: 41.750 GC heap after
{Heap after GC invocations=28 (full 0):
 garbage-first heap   total 585728K, used 190815K [0x0000000740000000, 0x0000000800000000)
  region size 2048K, 3 young (6144K), 3 survivors (6144K)
 Metaspace       used 72801K, committed 74816K, reserved 1114112K
  class space    used 10303K, committed 11264K, reserved 1048576K
}
Event: 42.819 GC heap before
{Heap before GC invocations=28 (full 0):
 garbage-first heap   total 585728K, used 217439K [0x0000000740000000, 0x0000000800000000)
  region size 2048K, 17 young (34816K), 3 survivors (6144K)
 Metaspace       used 73047K, committed 75072K, reserved 1114112K
  class space    used 10331K, committed 11328K, reserved 1048576K
}
Event: 42.839 GC heap after
{Heap after GC invocations=29 (full 0):
 garbage-first heap   total 585728K, used 197632K [0x0000000740000000, 0x0000000800000000)
  region size 2048K, 6 young (12288K), 6 survivors (12288K)
 Metaspace       used 73047K, committed 75072K, reserved 1114112K
  class space    used 10331K, committed 11328K, reserved 1048576K
}

Dll operation events (15 events):
Event: 0.045 Loaded shared library C:\Program Files\Eclipse Adoptium\jdk-21.0.9.10-hotspot\bin\java.dll
Event: 0.102 Loaded shared library C:\Program Files\Eclipse Adoptium\jdk-21.0.9.10-hotspot\bin\jsvml.dll
Event: 0.264 Loaded shared library C:\Program Files\Eclipse Adoptium\jdk-21.0.9.10-hotspot\bin\zip.dll
Event: 0.273 Loaded shared library C:\Program Files\Eclipse Adoptium\jdk-21.0.9.10-hotspot\bin\instrument.dll
Event: 0.283 Loaded shared library C:\Program Files\Eclipse Adoptium\jdk-21.0.9.10-hotspot\bin\net.dll
Event: 0.291 Loaded shared library C:\Program Files\Eclipse Adoptium\jdk-21.0.9.10-hotspot\bin\nio.dll
Event: 0.300 Loaded shared library C:\Program Files\Eclipse Adoptium\jdk-21.0.9.10-hotspot\bin\zip.dll
Event: 1.089 Loaded shared library C:\Program Files\Eclipse Adoptium\jdk-21.0.9.10-hotspot\bin\jimage.dll
Event: 1.340 Loaded shared library C:\Program Files\Eclipse Adoptium\jdk-21.0.9.10-hotspot\bin\verify.dll
Event: 1.728 Loaded shared library C:\Users\Seusyn\.gradle\native\c067742578af261105cb4f569cf0c3c89f3d7b1fecec35dd04571415982c5e48\windows-amd64\native-platform.dll
Event: 1.740 Loaded shared library C:\Users\Seusyn\.gradle\native\100fb08df4bc3b14c8652ba06237920a3bd2aa13389f12d3474272988ae205f9\windows-amd64\native-platform-file-events.dll
Event: 4.288 Loaded shared library C:\Program Files\Eclipse Adoptium\jdk-21.0.9.10-hotspot\bin\management.dll
Event: 4.320 Loaded shared library C:\Program Files\Eclipse Adoptium\jdk-21.0.9.10-hotspot\bin\management_ext.dll
Event: 4.856 Loaded shared library C:\Program Files\Eclipse Adoptium\jdk-21.0.9.10-hotspot\bin\extnet.dll
Event: 5.208 Loaded shared library C:\Program Files\Eclipse Adoptium\jdk-21.0.9.10-hotspot\bin\sunmscapi.dll

Deoptimization events (20 events):
Event: 178.704 Thread 0x000001fc6780e000 Uncommon trap: trap_request=0xffffffde fr.pc=0x000001fc5a988c7c relative=0x000000000000041c
Event: 178.704 Thread 0x000001fc6780e000 Uncommon trap: reason=class_check action=maybe_recompile pc=0x000001fc5a988c7c method=java.io.ObjectOutputStream$BlockDataOutputStream.drain()V @ 36 c2
Event: 178.704 Thread 0x000001fc6780e000 DEOPT PACKING pc=0x000001fc5a988c7c sp=0x0000008eee8fe5a0
Event: 178.704 Thread 0x000001fc6780e000 DEOPT UNPACKING pc=0x000001fc59f1439c sp=0x0000008eee8fe570 mode 2
Event: 178.709 Thread 0x000001fc6780e000 Uncommon trap: trap_request=0xffffffde fr.pc=0x000001fc5a45bd5c relative=0x00000000000001bc
Event: 178.709 Thread 0x000001fc6780e000 Uncommon trap: reason=class_check action=maybe_recompile pc=0x000001fc5a45bd5c method=java.lang.String.equals(Ljava/lang/Object;)Z @ 8 c2
Event: 178.709 Thread 0x000001fc6780e000 DEOPT PACKING pc=0x000001fc5a45bd5c sp=0x0000008eee8fe1b0
Event: 178.709 Thread 0x000001fc6780e000 DEOPT UNPACKING pc=0x000001fc59f1439c sp=0x0000008eee8fe148 mode 2
Event: 178.710 Thread 0x000001fc6780e000 Uncommon trap: trap_request=0xffffffde fr.pc=0x000001fc5a45bd5c relative=0x00000000000001bc
Event: 178.710 Thread 0x000001fc6780e000 Uncommon trap: reason=class_check action=maybe_recompile pc=0x000001fc5a45bd5c method=java.lang.String.equals(Ljava/lang/Object;)Z @ 8 c2
Event: 178.710 Thread 0x000001fc6780e000 DEOPT PACKING pc=0x000001fc5a45bd5c sp=0x0000008eee8fdd30
Event: 178.710 Thread 0x000001fc6780e000 DEOPT UNPACKING pc=0x000001fc59f1439c sp=0x0000008eee8fdcc8 mode 2
Event: 178.710 Thread 0x000001fc6780e000 Uncommon trap: trap_request=0xffffffde fr.pc=0x000001fc5a45bd5c relative=0x00000000000001bc
Event: 178.710 Thread 0x000001fc6780e000 Uncommon trap: reason=class_check action=maybe_recompile pc=0x000001fc5a45bd5c method=java.lang.String.equals(Ljava/lang/Object;)Z @ 8 c2
Event: 178.710 Thread 0x000001fc6780e000 DEOPT PACKING pc=0x000001fc5a45bd5c sp=0x0000008eee8fdd30
Event: 178.710 Thread 0x000001fc6780e000 DEOPT UNPACKING pc=0x000001fc59f1439c sp=0x0000008eee8fdcc8 mode 2
Event: 178.710 Thread 0x000001fc6780e000 Uncommon trap: trap_request=0xffffffde fr.pc=0x000001fc5a45bd5c relative=0x00000000000001bc
Event: 178.710 Thread 0x000001fc6780e000 Uncommon trap: reason=class_check action=maybe_recompile pc=0x000001fc5a45bd5c method=java.lang.String.equals(Ljava/lang/Object;)Z @ 8 c2
Event: 178.710 Thread 0x000001fc6780e000 DEOPT PACKING pc=0x000001fc5a45bd5c sp=0x0000008eee8fdd30
Event: 178.710 Thread 0x000001fc6780e000 DEOPT UNPACKING pc=0x000001fc59f1439c sp=0x0000008eee8fdcc8 mode 2

Classes loaded (20 events):
Event: 41.529 Loading class java/lang/foreign/MemorySegment
Event: 41.530 Loading class java/lang/foreign/MemorySegment done
Event: 42.716 Loading class java/io/ObjectStreamClass$ExceptionInfo
Event: 42.716 Loading class java/io/ObjectStreamClass$ExceptionInfo done
Event: 43.505 Loading class java/io/PrintWriter$1
Event: 43.505 Loading class jdk/internal/access/JavaIOPrintWriterAccess
Event: 43.505 Loading class jdk/internal/access/JavaIOPrintWriterAccess done
Event: 43.505 Loading class java/io/PrintWriter$1 done
Event: 44.568 Loading class java/nio/channels/AsynchronousCloseException
Event: 44.568 Loading class java/nio/channels/AsynchronousCloseException done
Event: 62.286 Loading class java/time/Instant$1
Event: 62.286 Loading class java/time/Instant$1 done
Event: 178.676 Loading class sun/net/ConnectionResetException
Event: 178.676 Loading class sun/net/ConnectionResetException done
Event: 178.678 Loading class java/lang/Throwable$WrappedPrintWriter
Event: 178.679 Loading class java/lang/Throwable$PrintStreamOrWriter
Event: 178.679 Loading class java/lang/Throwable$PrintStreamOrWriter done
Event: 178.679 Loading class java/lang/Throwable$WrappedPrintWriter done
Event: 178.705 Loading class java/util/AbstractList$ListItr
Event: 178.707 Loading class java/util/AbstractList$ListItr done

Classes unloaded (0 events):
No events

Classes redefined (0 events):
No events

Internal exceptions (20 events):
Event: 41.232 Thread 0x000001fc6f85d5d0 Exception <a 'sun/nio/fs/WindowsException'{0x000000074daf7d38}> (0x000000074daf7d38) 
thrown [s\src\hotspot\share\prims\jni.cpp, line 520]
Event: 41.237 Thread 0x000001fc6f85d5d0 Exception <a 'sun/nio/fs/WindowsException'{0x000000074dafb258}> (0x000000074dafb258) 
thrown [s\src\hotspot\share\prims\jni.cpp, line 520]
Event: 41.244 Thread 0x000001fc6f85d5d0 Exception <a 'sun/nio/fs/WindowsException'{0x000000074dafdf08}> (0x000000074dafdf08) 
thrown [s\src\hotspot\share\prims\jni.cpp, line 520]
Event: 41.445 Thread 0x000001fc6f85d5d0 Exception <a 'java/lang/NoSuchMethodError'{0x000000074d027600}: 'long java.lang.invoke.DirectMethodHandle$Holder.invokeVirtual(java.lang.Object, java.lang.Object)'> (0x000000074d027600) 
thrown [s\src\hotspot\share\interpreter\linkResolver.cpp, line 773]
Event: 42.716 Thread 0x000001fc6f85d5d0 Exception <a 'java/lang/NoSuchMethodError'{0x000000075ffe5310}: static Lorg/gradle/api/internal/tasks/compile/DaemonJavaCompiler$JavaCompilerParameters;.<clinit>()V> (0x000000075ffe5310) 
thrown [s\src\hotspot\share\prims\jni.cpp, line 1111]
Event: 42.716 Thread 0x000001fc6f85d5d0 Exception <a 'java/lang/NoSuchMethodError'{0x000000075ffe8270}: static Lorg/gradle/api/internal/tasks/compile/daemon/CompilerWorkerExecutor$CompilerParameters;.<clinit>()V> (0x000000075ffe8270) 
thrown [s\src\hotspot\share\prims\jni.cpp, line 1111]
Event: 42.717 Thread 0x000001fc6f85d5d0 Exception <a 'java/lang/NoSuchMethodError'{0x000000075ffeb078}: static [Ljava/lang/Object;.<clinit>()V> (0x000000075ffeb078) 
thrown [s\src\hotspot\share\prims\jni.cpp, line 1111]
Event: 42.720 Thread 0x000001fc6f85d5d0 Exception <a 'java/lang/NoSuchMethodError'{0x000000075fc09bd8}: static Ljava/lang/Object;.<clinit>()V> (0x000000075fc09bd8) 
thrown [s\src\hotspot\share\prims\jni.cpp, line 1111]
Event: 42.722 Thread 0x000001fc6f85d5d0 Exception <a 'java/lang/NoSuchMethodError'{0x000000075fc23b78}: static Ljava/util/AbstractList;.<clinit>()V> (0x000000075fc23b78) 
thrown [s\src\hotspot\share\prims\jni.cpp, line 1111]
Event: 42.731 Thread 0x000001fc6f85d5d0 Exception <a 'java/lang/NoSuchMethodError'{0x000000075fc719b8}: static Lorg/gradle/api/internal/tasks/compile/DefaultJavaCompileSpecFactory$DefaultForkingJavaCompileSpec;.<clinit>()V> (0x000000075fc719b8) 
thrown [s\src\hotspot\share\prims\jni.cpp, line 1111]
Event: 42.732 Thread 0x000001fc6f85d5d0 Exception <a 'java/lang/NoSuchMethodError'{0x000000075fc7a560}: static Lorg/gradle/api/internal/tasks/compile/DefaultJavaCompileSpec;.<clinit>()V> (0x000000075fc7a560) 
thrown [s\src\hotspot\share\prims\jni.cpp, line 1111]
Event: 42.732 Thread 0x000001fc6f85d5d0 Exception <a 'java/lang/NoSuchMethodError'{0x000000075fc7fcb8}: static Lorg/gradle/api/internal/tasks/compile/DefaultJvmLanguageCompileSpec;.<clinit>()V> (0x000000075fc7fcb8) 
thrown [s\src\hotspot\share\prims\jni.cpp, line 1111]
Event: 43.285 Thread 0x000001fc6f85d5d0 Exception <a 'java/lang/NoSuchMethodError'{0x00000007ffc39a80}: static Lorg/gradle/api/internal/tasks/compile/MinimalJavaCompileOptions;.<clinit>()V> (0x00000007ffc39a80) 
thrown [s\src\hotspot\share\prims\jni.cpp, line 1111]
Event: 43.328 Thread 0x000001fc6f85d5d0 Exception <a 'java/lang/NoSuchMethodError'{0x00000007ffcbc130}: static Lorg/gradle/api/internal/tasks/compile/MinimalJavaCompilerDaemonForkOptions;.<clinit>()V> (0x00000007ffcbc130) 
thrown [s\src\hotspot\share\prims\jni.cpp, line 1111]
Event: 43.329 Thread 0x000001fc6f85d5d0 Exception <a 'java/lang/NoSuchMethodError'{0x00000007ffcbeaf0}: static Lorg/gradle/api/internal/tasks/compile/MinimalCompilerDaemonForkOptions;.<clinit>()V> (0x00000007ffcbeaf0) 
thrown [s\src\hotspot\share\prims\jni.cpp, line 1111]
Event: 43.517 Thread 0x000001fc6f85d5d0 Exception <a 'java/lang/NoSuchMethodError'{0x00000007ff97b1d0}: static Lorg/gradle/process/internal/worker/request/WorkerAction;.<clinit>()V> (0x00000007ff97b1d0) 
thrown [s\src\hotspot\share\prims\jni.cpp, line 1111]
Event: 178.677 Thread 0x000001fc6f85a150 Exception <a 'sun/net/ConnectionResetException'{0x00000007608ec4a8}: Connection reset> (0x00000007608ec4a8) 
thrown [s\src\hotspot\share\prims\jni.cpp, line 539]
Event: 178.677 Thread 0x000001fc6f85c220 Exception <a 'java/io/IOException'{0x00000007ff390360}: Connection reset by peer> (0x00000007ff390360) 
thrown [s\src\hotspot\share\prims\jni.cpp, line 539]
Event: 178.704 Thread 0x000001fc6780e000 Exception <a 'java/lang/NoSuchMethodError'{0x00000007600ae9f0}: static Lorg/gradle/internal/remote/internal/MessageIOException;.<clinit>()V> (0x00000007600ae9f0) 
thrown [s\src\hotspot\share\prims\jni.cpp, line 1111]
Event: 178.709 Thread 0x000001fc6780e000 Exception <a 'java/lang/NoSuchMethodError'{0x00000007600c8b78}: static [Ljava/lang/StackTraceElement;.<clinit>()V> (0x00000007600c8b78) 
thrown [s\src\hotspot\share\prims\jni.cpp, line 1111]

ZGC Phase Switch (0 events):
No events

VM Operations (20 events):
Event: 110.826 Executing VM operation: Cleanup
Event: 110.826 Executing VM operation: Cleanup done
Event: 115.868 Executing VM operation: Cleanup
Event: 115.895 Executing VM operation: Cleanup done
Event: 121.951 Executing VM operation: Cleanup
Event: 121.951 Executing VM operation: Cleanup done
Event: 124.981 Executing VM operation: Cleanup
Event: 124.981 Executing VM operation: Cleanup done
Event: 126.997 Executing VM operation: Cleanup
Event: 126.997 Executing VM operation: Cleanup done
Event: 141.150 Executing VM operation: Cleanup
Event: 141.150 Executing VM operation: Cleanup done
Event: 156.451 Executing VM operation: Cleanup
Event: 156.451 Executing VM operation: Cleanup done
Event: 176.844 Executing VM operation: Cleanup
Event: 176.844 Executing VM operation: Cleanup done
Event: 177.855 Executing VM operation: Cleanup
Event: 177.855 Executing VM operation: Cleanup done
Event: 178.689 Executing VM operation: HandshakeAllThreads (Deoptimize)
Event: 178.690 Executing VM operation: HandshakeAllThreads (Deoptimize) done

Memory protections (0 events):
No events

Nmethod flushes (20 events):
Event: 43.172 Thread 0x000001fc676e3e30 flushing  nmethod 0x000001fc536f4090
Event: 43.172 Thread 0x000001fc676e3e30 flushing  nmethod 0x000001fc53740010
Event: 43.172 Thread 0x000001fc676e3e30 flushing  nmethod 0x000001fc53781010
Event: 43.172 Thread 0x000001fc676e3e30 flushing  nmethod 0x000001fc5378e810
Event: 43.172 Thread 0x000001fc676e3e30 flushing  nmethod 0x000001fc5380f390
Event: 43.172 Thread 0x000001fc676e3e30 flushing  nmethod 0x000001fc5382d390
Event: 43.172 Thread 0x000001fc676e3e30 flushing  nmethod 0x000001fc53883d10
Event: 43.172 Thread 0x000001fc676e3e30 flushing  nmethod 0x000001fc538ea210
Event: 43.172 Thread 0x000001fc676e3e30 flushing  nmethod 0x000001fc53933890
Event: 43.172 Thread 0x000001fc676e3e30 flushing  nmethod 0x000001fc53934890
Event: 43.172 Thread 0x000001fc676e3e30 flushing  nmethod 0x000001fc53934d10
Event: 43.172 Thread 0x000001fc676e3e30 flushing  nmethod 0x000001fc53935390
Event: 43.172 Thread 0x000001fc676e3e30 flushing  nmethod 0x000001fc53937610
Event: 43.172 Thread 0x000001fc676e3e30 flushing  nmethod 0x000001fc53937d90
Event: 43.172 Thread 0x000001fc676e3e30 flushing  nmethod 0x000001fc53938190
Event: 43.172 Thread 0x000001fc676e3e30 flushing  nmethod 0x000001fc53938d90
Event: 43.172 Thread 0x000001fc676e3e30 flushing  nmethod 0x000001fc5393ac90
Event: 43.172 Thread 0x000001fc676e3e30 flushing  nmethod 0x000001fc53957590
Event: 43.172 Thread 0x000001fc676e3e30 flushing  nmethod 0x000001fc53957a10
Event: 43.172 Thread 0x000001fc676e3e30 flushing  nmethod 0x000001fc53959810

Events (20 events):
Event: 30.180 Thread 0x000001fc6f85cf40 Thread added: 0x000001fc6f85bb90
Event: 30.204 Thread 0x000001fc6f85f010 Thread added: 0x000001fc6f85b500
Event: 30.204 Thread 0x000001fc6f85f010 Thread added: 0x000001fc6f859430
Event: 32.270 Thread 0x000001fc6d77a620 Thread added: 0x000001fc6f859ac0
Event: 32.287 Thread 0x000001fc6f859ac0 Thread added: 0x000001fc6f85d5d0
Event: 32.368 Thread 0x000001fc6f85d5d0 Thread added: 0x000001fc6f85dc60
Event: 38.008 Thread 0x000001fc6db0d6a0 Thread exited: 0x000001fc6db0d6a0
Event: 43.473 Thread 0x000001fc6f85d5d0 Thread added: 0x000001fc6f85e2f0
Event: 43.532 Thread 0x000001fc6f85f010 Thread added: 0x000001fc6f85f6a0
Event: 43.532 Thread 0x000001fc6f85f010 Thread added: 0x000001fc6f85e980
Event: 43.539 Thread 0x000001fc6f85f6a0 Thread exited: 0x000001fc6f85f6a0
Event: 44.566 Thread 0x000001fc6f85e2f0 Thread added: 0x000001fc6f85f6a0
Event: 44.567 Thread 0x000001fc6f85e2f0 Thread added: 0x000001fc6f858710
Event: 44.570 Thread 0x000001fc6f85d5d0 Thread added: 0x000001fc6f85fd30
Event: 44.627 Thread 0x000001fc6f85d5d0 Thread added: 0x000001fc6f85c220
Event: 44.638 Thread 0x000001fc6f85d5d0 Thread added: 0x000001fc6f85a150
Event: 90.994 Thread 0x000001fc6f85cf40 Thread exited: 0x000001fc6f85cf40
Event: 103.675 Thread 0x000001fc6f85b500 Thread exited: 0x000001fc6f85b500
Event: 104.726 Thread 0x000001fc6f85e2f0 Thread exited: 0x000001fc6f85e2f0
Event: 151.067 Thread 0x000001fc6f85bb90 Thread exited: 0x000001fc6f85bb90


Dynamic libraries:
0x00007ff6ee230000 - 0x00007ff6ee23e000 	C:\Program Files\Eclipse Adoptium\jdk-21.0.9.10-hotspot\bin\java.exe
0x00007ff94f690000 - 0x00007ff94f888000 	C:\Windows\SYSTEM32\ntdll.dll
0x00007ff94f580000 - 0x00007ff94f642000 	C:\Windows\System32\KERNEL32.DLL
0x00007ff94ceb0000 - 0x00007ff94d1a6000 	C:\Windows\System32\KERNELBASE.dll
0x00007ff94d5b0000 - 0x00007ff94d6b0000 	C:\Windows\System32\ucrtbase.dll
0x00007ff93fa20000 - 0x00007ff93fa38000 	C:\Program Files\Eclipse Adoptium\jdk-21.0.9.10-hotspot\bin\jli.dll
0x00007ff948420000 - 0x00007ff94843e000 	C:\Program Files\Eclipse Adoptium\jdk-21.0.9.10-hotspot\bin\VCRUNTIME140.dll
0x00007ff94d8d0000 - 0x00007ff94da71000 	C:\Windows\System32\USER32.dll
0x00007ff94cd20000 - 0x00007ff94cd42000 	C:\Windows\System32\win32u.dll
0x00007ff927d10000 - 0x00007ff927fab000 	C:\Windows\WinSxS\amd64_microsoft.windows.common-controls_6595b64144ccf1df_6.0.19041.6456_none_60b8a6cb71f64256\COMCTL32.dll
0x00007ff94e1f0000 - 0x00007ff94e28e000 	C:\Windows\System32\msvcrt.dll
0x00007ff94e490000 - 0x00007ff94e4bb000 	C:\Windows\System32\GDI32.dll
0x00007ff94d2b0000 - 0x00007ff94d3c9000 	C:\Windows\System32\gdi32full.dll
0x00007ff94d450000 - 0x00007ff94d4ed000 	C:\Windows\System32\msvcp_win.dll
0x00007ff94e610000 - 0x00007ff94e63f000 	C:\Windows\System32\IMM32.DLL
0x00007ff93fa80000 - 0x00007ff93fa8c000 	C:\Program Files\Eclipse Adoptium\jdk-21.0.9.10-hotspot\bin\vcruntime140_1.dll
0x00007ff92f680000 - 0x00007ff92f70d000 	C:\Program Files\Eclipse Adoptium\jdk-21.0.9.10-hotspot\bin\msvcp140.dll
0x00007ff8ff770000 - 0x00007ff900510000 	C:\Program Files\Eclipse Adoptium\jdk-21.0.9.10-hotspot\bin\server\jvm.dll
0x00007ff94e2a0000 - 0x00007ff94e351000 	C:\Windows\System32\ADVAPI32.dll
0x00007ff94d6b0000 - 0x00007ff94d74f000 	C:\Windows\System32\sechost.dll
0x00007ff94ede0000 - 0x00007ff94ef00000 	C:\Windows\System32\RPCRT4.dll
0x00007ff94d4f0000 - 0x00007ff94d517000 	C:\Windows\System32\bcrypt.dll
0x00007ff94d800000 - 0x00007ff94d86b000 	C:\Windows\System32\WS2_32.dll
0x00007ff94cad0000 - 0x00007ff94cb1b000 	C:\Windows\SYSTEM32\POWRPROF.dll
0x00007ff93d820000 - 0x00007ff93d847000 	C:\Windows\SYSTEM32\WINMM.dll
0x00007ff947e90000 - 0x00007ff947e9a000 	C:\Windows\SYSTEM32\VERSION.dll
0x00007ff94cab0000 - 0x00007ff94cac2000 	C:\Windows\SYSTEM32\UMPDC.dll
0x00007ff94abb0000 - 0x00007ff94abc2000 	C:\Windows\SYSTEM32\kernel.appcore.dll
0x00007ff93fa10000 - 0x00007ff93fa1a000 	C:\Program Files\Eclipse Adoptium\jdk-21.0.9.10-hotspot\bin\jimage.dll
0x00007ff930780000 - 0x00007ff930981000 	C:\Windows\SYSTEM32\DBGHELP.DLL
0x00007ff930740000 - 0x00007ff930774000 	C:\Windows\SYSTEM32\dbgcore.DLL
0x00007ff94d520000 - 0x00007ff94d5a2000 	C:\Windows\System32\bcryptPrimitives.dll
0x00007ff93fa00000 - 0x00007ff93fa0f000 	C:\Program Files\Eclipse Adoptium\jdk-21.0.9.10-hotspot\bin\instrument.dll
0x00007ff9305a0000 - 0x00007ff9305c0000 	C:\Program Files\Eclipse Adoptium\jdk-21.0.9.10-hotspot\bin\java.dll
0x00007ff94da80000 - 0x00007ff94e1f0000 	C:\Windows\System32\SHELL32.dll
0x00007ff94adb0000 - 0x00007ff94b555000 	C:\Windows\SYSTEM32\windows.storage.dll
0x00007ff94e760000 - 0x00007ff94eab4000 	C:\Windows\System32\combase.dll
0x00007ff94c670000 - 0x00007ff94c69b000 	C:\Windows\SYSTEM32\Wldp.dll
0x00007ff94f4b0000 - 0x00007ff94f57d000 	C:\Windows\System32\OLEAUT32.dll
0x00007ff94e6b0000 - 0x00007ff94e75d000 	C:\Windows\System32\SHCORE.dll
0x00007ff94d870000 - 0x00007ff94d8cb000 	C:\Windows\System32\shlwapi.dll
0x00007ff94cc50000 - 0x00007ff94cc74000 	C:\Windows\SYSTEM32\profapi.dll
0x00007ff91d950000 - 0x00007ff91da27000 	C:\Program Files\Eclipse Adoptium\jdk-21.0.9.10-hotspot\bin\jsvml.dll
0x00007ff92fb80000 - 0x00007ff92fb98000 	C:\Program Files\Eclipse Adoptium\jdk-21.0.9.10-hotspot\bin\zip.dll
0x00007ff93f9f0000 - 0x00007ff93fa00000 	C:\Program Files\Eclipse Adoptium\jdk-21.0.9.10-hotspot\bin\net.dll
0x00007ff93f470000 - 0x00007ff93f57a000 	C:\Windows\SYSTEM32\WINHTTP.dll
0x00007ff94c3d0000 - 0x00007ff94c43a000 	C:\Windows\system32\mswsock.dll
0x00007ff92f9e0000 - 0x00007ff92f9f6000 	C:\Program Files\Eclipse Adoptium\jdk-21.0.9.10-hotspot\bin\nio.dll
0x00007ff93e140000 - 0x00007ff93e150000 	C:\Program Files\Eclipse Adoptium\jdk-21.0.9.10-hotspot\bin\verify.dll
0x00007ff93fb80000 - 0x00007ff93fba7000 	C:\Users\Seusyn\.gradle\native\c067742578af261105cb4f569cf0c3c89f3d7b1fecec35dd04571415982c5e48\windows-amd64\native-platform.dll
0x00007ff917450000 - 0x00007ff917594000 	C:\Users\Seusyn\.gradle\native\100fb08df4bc3b14c8652ba06237920a3bd2aa13389f12d3474272988ae205f9\windows-amd64\native-platform-file-events.dll
0x00007ff930550000 - 0x00007ff93055a000 	C:\Program Files\Eclipse Adoptium\jdk-21.0.9.10-hotspot\bin\management.dll
0x00007ff92fb70000 - 0x00007ff92fb7c000 	C:\Program Files\Eclipse Adoptium\jdk-21.0.9.10-hotspot\bin\management_ext.dll
0x00007ff94e480000 - 0x00007ff94e488000 	C:\Windows\System32\PSAPI.DLL
0x00007ff94c5c0000 - 0x00007ff94c5d8000 	C:\Windows\SYSTEM32\CRYPTSP.dll
0x00007ff94bcf0000 - 0x00007ff94bd28000 	C:\Windows\system32\rsaenh.dll
0x00007ff94cbd0000 - 0x00007ff94cbfe000 	C:\Windows\SYSTEM32\USERENV.dll
0x00007ff94c5e0000 - 0x00007ff94c5ec000 	C:\Windows\SYSTEM32\CRYPTBASE.dll
0x00007ff94c0b0000 - 0x00007ff94c0eb000 	C:\Windows\SYSTEM32\IPHLPAPI.DLL
0x00007ff94e290000 - 0x00007ff94e298000 	C:\Windows\System32\NSI.dll
0x00007ff92f9d0000 - 0x00007ff92f9d9000 	C:\Program Files\Eclipse Adoptium\jdk-21.0.9.10-hotspot\bin\extnet.dll
0x00007ff92f9c0000 - 0x00007ff92f9ce000 	C:\Program Files\Eclipse Adoptium\jdk-21.0.9.10-hotspot\bin\sunmscapi.dll
0x00007ff94cd50000 - 0x00007ff94cead000 	C:\Windows\System32\CRYPT32.dll
0x00007ff94c6e0000 - 0x00007ff94c707000 	C:\Windows\SYSTEM32\ncrypt.dll
0x00007ff94c6a0000 - 0x00007ff94c6db000 	C:\Windows\SYSTEM32\NTASN1.dll
0x00007ff918350000 - 0x00007ff918357000 	C:\Windows\system32\wshunix.dll
0x00007ff94c0f0000 - 0x00007ff94c1ba000 	C:\Windows\SYSTEM32\DNSAPI.dll
0x00007ff93ee00000 - 0x00007ff93ee0a000 	C:\Windows\System32\rasadhlp.dll
0x00007ff93f030000 - 0x00007ff93f0b0000 	C:\Windows\System32\fwpuclnt.dll
0x00007ff94a310000 - 0x00007ff94a3a4000 	C:\Windows\system32\apphelp.dll

JVMTI agents:
C:\Users\Seusyn\.gradle\wrapper\dists\gradle-8.8-bin\dl7vupf4psengwqhwktix4v1\gradle-8.8\lib\agents\gradle-instrumentation-agent-8.8.jar path:C:\Program Files\Eclipse Adoptium\jdk-21.0.9.10-hotspot\bin\instrument.dll, loaded, initialized, instrumentlib options:none

dbghelp: loaded successfully - version: 4.0.5 - missing functions: none
symbol engine: initialized successfully - sym options: 0x614 - pdb path: .;C:\Program Files\Eclipse Adoptium\jdk-21.0.9.10-hotspot\bin;C:\Windows\SYSTEM32;C:\Windows\WinSxS\amd64_microsoft.windows.common-controls_6595b64144ccf1df_6.0.19041.6456_none_60b8a6cb71f64256;C:\Program Files\Eclipse Adoptium\jdk-21.0.9.10-hotspot\bin\server;C:\Users\Seusyn\.gradle\native\c067742578af261105cb4f569cf0c3c89f3d7b1fecec35dd04571415982c5e48\windows-amd64;C:\Users\Seusyn\.gradle\native\100fb08df4bc3b14c8652ba06237920a3bd2aa13389f12d3474272988ae205f9\windows-amd64

VM Arguments:
jvm_args: --add-opens=java.base/java.util=ALL-UNNAMED --add-opens=java.base/java.lang=ALL-UNNAMED --add-opens=java.base/java.lang.invoke=ALL-UNNAMED --add-opens=java.prefs/java.util.prefs=ALL-UNNAMED --add-opens=java.base/java.nio.charset=ALL-UNNAMED --add-opens=java.base/java.net=ALL-UNNAMED --add-opens=java.base/java.util.concurrent.atomic=ALL-UNNAMED -Xmx3G -Dfile.encoding=UTF-8 -Duser.country=FR -Duser.language=fr -Duser.variant -javaagent:C:\Users\Seusyn\.gradle\wrapper\dists\gradle-8.8-bin\dl7vupf4psengwqhwktix4v1\gradle-8.8\lib\agents\gradle-instrumentation-agent-8.8.jar 
java_command: org.gradle.launcher.daemon.bootstrap.GradleDaemon 8.8
java_class_path (initial): C:\Users\Seusyn\.gradle\wrapper\dists\gradle-8.8-bin\dl7vupf4psengwqhwktix4v1\gradle-8.8\lib\gradle-launcher-8.8.jar
Launcher Type: SUN_STANDARD

[Global flags]
     intx CICompilerCount                          = 2                                         {product} {ergonomic}
     uint ConcGCThreads                            = 1                                         {product} {ergonomic}
     uint G1ConcRefinementThreads                  = 2                                         {product} {ergonomic}
   size_t G1HeapRegionSize                         = 2097152                                   {product} {ergonomic}
    uintx GCDrainStackTargetSize                   = 64                                        {product} {ergonomic}
   size_t InitialHeapSize                          = 266338304                                 {product} {ergonomic}
   size_t MarkStackSize                            = 4194304                                   {product} {ergonomic}
   size_t MaxHeapSize                              = 3221225472                                {product} {command line}
   size_t MaxNewSize                               = 1931476992                                {product} {ergonomic}
   size_t MinHeapDeltaBytes                        = 2097152                                   {product} {ergonomic}
   size_t MinHeapSize                              = 8388608                                   {product} {ergonomic}
    uintx NonNMethodCodeHeapSize                   = 5826188                                {pd product} {ergonomic}
    uintx NonProfiledCodeHeapSize                  = 122916026                              {pd product} {ergonomic}
    uintx ProfiledCodeHeapSize                     = 122916026                              {pd product} {ergonomic}
    uintx ReservedCodeCacheSize                    = 251658240                              {pd product} {ergonomic}
     bool SegmentedCodeCache                       = true                                      {product} {ergonomic}
   size_t SoftMaxHeapSize                          = 3221225472                             {manageable} {ergonomic}
     bool UseCompressedOops                        = true                           {product lp64_product} {ergonomic}
     bool UseG1GC                                  = true                                      {product} {ergonomic}
     bool UseLargePagesIndividualAllocation        = false                                  {pd product} {ergonomic}

Logging:
Log output configuration:
 #0: stdout all=warning uptime,level,tags foldmultilines=false
 #1: stderr all=off uptime,level,tags foldmultilines=false

Release file:
IMPLEMENTOR="Eclipse Adoptium" 
IMPLEMENTOR_VERSION="Temurin-21.0.9+10" 
JAVA_RUNTIME_VERSION="21.0.9+10-LTS" 
JAVA_VERSION="21.0.9" 
JAVA_VERSION_DATE="2025-10-21" 
LIBC="default" 
MODULES="java.base java.compiler java.datatransfer java.xml java.prefs java.desktop java.instrument java.logging java.management java.security.sasl java.naming java.rmi java.management.rmi java.net.http java.scripting java.security.jgss java.transaction.xa java.sql java.sql.rowset java.xml.crypto java.se java.smartcardio jdk.accessibility jdk.internal.jvmstat jdk.attach jdk.charsets jdk.internal.opt jdk.zipfs jdk.compiler jdk.crypto.ec jdk.crypto.cryptoki jdk.crypto.mscapi jdk.dynalink jdk.internal.ed jdk.editpad jdk.hotspot.agent jdk.httpserver jdk.incubator.vector jdk.internal.le jdk.internal.vm.ci jdk.internal.vm.compiler jdk.internal.vm.compiler.management jdk.jartool jdk.javadoc jdk.jcmd jdk.management jdk.management.agent jdk.jconsole jdk.jdeps jdk.jdwp.agent jdk.jdi jdk.jfr jdk.jlink jdk.jpackage jdk.jshell jdk.jsobject jdk.jstatd jdk.localedata jdk.management.jfr jdk.naming.dns jdk.naming.rmi jdk.net jdk.nio.mapmode jdk.random jdk.sctp jdk.security.auth jdk.security.jgss jdk.unsupported jdk.unsupported.desktop jdk.xml.dom" 
OS_ARCH="x86_64" 
OS_NAME="Windows" 
SOURCE=".:git:759062135b07" 
BUILD_SOURCE="git:839fa0b45d809157cffd3dc8515aad262a4a1776"
BUILD_SOURCE_REPO="https://github.com/adoptium/temurin-build.git"
SOURCE_REPO="https://github.com/adoptium/jdk21u.git"
FULL_VERSION="21.0.9+10-LTS"
SEMANTIC_VERSION="21.0.9+10"
BUILD_INFO="OS: Windows Server 2022 Version: 10.0"
JVM_VARIANT="Hotspot"
JVM_VERSION="21.0.9+10-LTS"
IMAGE_TYPE="JDK"

Environment Variables:
JAVA_HOME=C:\Program Files\Eclipse Adoptium\jdk-21.0.9.10-hotspot\
PATH=C:\Program Files\Eclipse Adoptium\jdk-21.0.9.10-hotspot\bin;C:\Program Files (x86)\Common Files\Oracle\Java\java8path;C:\Program Files (x86)\Common Files\Oracle\Java\javapath;C:\WINDOWS\system32;C:\WINDOWS;C:\WINDOWS\System32\Wbem;C:\WINDOWS\System32\WindowsPowerShell\v1.0\;C:\Program Files (x86)\NVIDIA Corporation\PhysX\Common;C:\Program Files\dotnet\;C:\Program Files\Git\cmd;C:\Ruby34-x64\bin;C:\Users\Seusyn\AppData\Local\Microsoft\WindowsApps;C:\Users\Seusyn\AppData\Local\Programs\Microsoft VS Code\bin;C:\Users\Seusyn\AppData\Local\GitHubDesktop\bin
USERNAME=Seusyn
OS=Windows_NT
PROCESSOR_IDENTIFIER=Intel64 Family 6 Model 158 Stepping 11, GenuineIntel
TMP=C:\Users\Seusyn\AppData\Local\Temp
TEMP=C:\Users\Seusyn\AppData\Local\Temp




Periodic native trim disabled

---------------  S Y S T E M  ---------------

OS:
 Windows 10 , 64 bit Build 19041 (10.0.19041.5915)
OS uptime: 2 days 5:02 hours

CPU: total 2 (initial active 2) (2 cores per cpu, 1 threads per core) family 6 model 158 stepping 11 microcode 0xb4, cx8, cmov, fxsr, mmx, 3dnowpref, sse, sse2, sse3, ssse3, sse4.1, sse4.2, popcnt, lzcnt, tsc, tscinvbit, aes, erms, clmul, clflush, clflushopt, rdtscp
Processor Information for the first 2 processors :
  Max Mhz: 3096, Current Mhz: 3096, Mhz Limit: 3096

Memory: 4k page, system-wide physical 16251M (608M free)
TotalPageFile size 31251M (AvailPageFile size 3M)
current process WorkingSet (physical memory assigned to process): 543M, peak: 553M
current process commit charge ("private bytes"): 839M, peak: 851M

vm_info: OpenJDK 64-Bit Server VM (21.0.9+10-LTS) for windows-amd64 JRE (21.0.9+10-LTS), built on 2025-10-21T00:00:00Z by "admin" with unknown MS VC++:1942

END.
